\BOOKMARK [0][-]{chapter.1}{Introduction}{}% 1
\BOOKMARK [0][-]{chapter.2}{GLMS and WinBUGS}{}% 2
\BOOKMARK [0][-]{chapter.3}{Closed population models}{}% 3
\BOOKMARK [0][-]{chapter.4}{Fully Spatial capture-recapture models}{}% 4
\BOOKMARK [0][-]{chapter.5}{Other observation models}{}% 5
\BOOKMARK [0][-]{chapter.6}{ Likelihood Analysis of SCR Models }{}% 6
\BOOKMARK [1][-]{section.6.1}{Likelihood analysis }{chapter.6}% 7
\BOOKMARK [2][-]{subsection.6.1.1}{ Implementation \(simulated data\)}{section.6.1}% 8
\BOOKMARK [1][-]{section.6.2}{MLE when N is Unknown}{chapter.6}% 9
\BOOKMARK [2][-]{subsection.6.2.1}{Exercises}{section.6.2}% 10
\BOOKMARK [2][-]{subsection.6.2.2}{Integrated Likelihood using the model under data augmentation }{section.6.2}% 11
\BOOKMARK [2][-]{subsection.6.2.3}{ Extensions}{section.6.2}% 12
\BOOKMARK [1][-]{section.6.3}{Classical model selection and assessment}{chapter.6}% 13
\BOOKMARK [1][-]{section.6.4}{Likelihood analysis of the wolverine camera trapping data}{chapter.6}% 14
\BOOKMARK [2][-]{subsection.6.4.1}{ Exercises }{section.6.4}% 15
\BOOKMARK [1][-]{section.6.5}{Program DENSITY and the R package secr }{chapter.6}% 16
\BOOKMARK [2][-]{subsection.6.5.1}{ Analysis using the secr package}{section.6.5}% 17
\BOOKMARK [1][-]{section.6.6}{Summary and Outlook}{chapter.6}% 18
\BOOKMARK [0][-]{chapter.7}{MCMC details}{}% 19
\BOOKMARK [0][-]{chapter.8}{Goodness of Fit and stuff}{}% 20
\BOOKMARK [0][-]{chapter.9}{Covariate models}{}% 21
\BOOKMARK [0][-]{chapter.10}{Inhomogeneous Point Process}{}% 22
\BOOKMARK [0][-]{chapter.11}{Open models}{}% 23
