This is pdfTeX, Version 3.1415926-2.3-1.40.12 (MiKTeX 2.9) (preloaded format=pdflatex 2012.6.13)  25 JAN 2013 13:07
entering extended mode
**previewBook.tex
(C:\Users\kgazenski\Documents\Andy\scrbook\previewBook.tex
LaTeX2e <2011/06/27>
Babel <v3.8m> and hyphenation patterns for english, afrikaans, ancientgreek, ar
abic, armenian, assamese, basque, bengali, bokmal, bulgarian, catalan, coptic, 
croatian, czech, danish, dutch, esperanto, estonian, farsi, finnish, french, ga
lician, german, german-x-2009-06-19, greek, gujarati, hindi, hungarian, iceland
ic, indonesian, interlingua, irish, italian, kannada, kurmanji, lao, latin, lat
vian, lithuanian, malayalam, marathi, mongolian, mongolianlmc, monogreek, ngerm
an, ngerman-x-2009-06-19, nynorsk, oriya, panjabi, pinyin, polish, portuguese, 
romanian, russian, sanskrit, serbian, slovak, slovenian, spanish, swedish, swis
sgerman, tamil, telugu, turkish, turkmen, ukenglish, ukrainian, uppersorbian, u
senglishmax, welsh, loaded.
("C:\Program Files (x86)\MiKTeX 2.9\tex\latex\base\book.cls"
Document Class: book 2007/10/19 v1.4h Standard LaTeX document class
("C:\Program Files (x86)\MiKTeX 2.9\tex\latex\base\bk10.clo"
File: bk10.clo 2007/10/19 v1.4h Standard LaTeX file (size option)
)
\c@part=\count79
\c@chapter=\count80
\c@section=\count81
\c@subsection=\count82
\c@subsubsection=\count83
\c@paragraph=\count84
\c@subparagraph=\count85
\c@figure=\count86
\c@table=\count87
\abovecaptionskip=\skip41
\belowcaptionskip=\skip42
\bibindent=\dimen102
)
("C:\Program Files (x86)\MiKTeX 2.9\tex\latex\base\alltt.sty"
Package: alltt 1997/06/16 v2.0g defines alltt environment
)
(C:\Users\kgazenski\Documents\Andy\scrbook\elsst-book.sty
File: elsst-book.sty 2005/05/05Elsevier S&T 'book' style (VS)
)
("C:\Program Files (x86)\MiKTeX 2.9\tex\latex\float\float.sty"
Package: float 2001/11/08 v1.3d Float enhancements (AL)
\c@float@type=\count88
\float@exts=\toks14
\float@box=\box26
\@float@everytoks=\toks15
\@floatcapt=\box27
)
("C:\Program Files (x86)\MiKTeX 2.9\tex\latex\ams\math\amsmath.sty"
Package: amsmath 2000/07/18 v2.13 AMS math features
\@mathmargin=\skip43

For additional information on amsmath, use the `?' option.
("C:\Program Files (x86)\MiKTeX 2.9\tex\latex\ams\math\amstext.sty"
Package: amstext 2000/06/29 v2.01

("C:\Program Files (x86)\MiKTeX 2.9\tex\latex\ams\math\amsgen.sty"
File: amsgen.sty 1999/11/30 v2.0
\@emptytoks=\toks16
\ex@=\dimen103
))
("C:\Program Files (x86)\MiKTeX 2.9\tex\latex\ams\math\amsbsy.sty"
Package: amsbsy 1999/11/29 v1.2d
\pmbraise@=\dimen104
)
("C:\Program Files (x86)\MiKTeX 2.9\tex\latex\ams\math\amsopn.sty"
Package: amsopn 1999/12/14 v2.01 operator names
)
\inf@bad=\count89
LaTeX Info: Redefining \frac on input line 211.
\uproot@=\count90
\leftroot@=\count91
LaTeX Info: Redefining \overline on input line 307.
\classnum@=\count92
\DOTSCASE@=\count93
LaTeX Info: Redefining \ldots on input line 379.
LaTeX Info: Redefining \dots on input line 382.
LaTeX Info: Redefining \cdots on input line 467.
\Mathstrutbox@=\box28
\strutbox@=\box29
\big@size=\dimen105
LaTeX Font Info:    Redeclaring font encoding OML on input line 567.
LaTeX Font Info:    Redeclaring font encoding OMS on input line 568.
\macc@depth=\count94
\c@MaxMatrixCols=\count95
\dotsspace@=\muskip10
\c@parentequation=\count96
\dspbrk@lvl=\count97
\tag@help=\toks17
\row@=\count98
\column@=\count99
\maxfields@=\count100
\andhelp@=\toks18
\eqnshift@=\dimen106
\alignsep@=\dimen107
\tagshift@=\dimen108
\tagwidth@=\dimen109
\totwidth@=\dimen110
\lineht@=\dimen111
\@envbody=\toks19
\multlinegap=\skip44
\multlinetaggap=\skip45
\mathdisplay@stack=\toks20
LaTeX Info: Redefining \[ on input line 2666.
LaTeX Info: Redefining \] on input line 2667.
)
("C:\Program Files (x86)\MiKTeX 2.9\tex\latex\amsfonts\amsfonts.sty"
Package: amsfonts 2009/06/22 v3.00 Basic AMSFonts support
\symAMSa=\mathgroup4
\symAMSb=\mathgroup5
LaTeX Font Info:    Overwriting math alphabet `\mathfrak' in version `bold'
(Font)                  U/euf/m/n --> U/euf/b/n on input line 96.
)
("C:\Program Files (x86)\MiKTeX 2.9\tex\latex\graphics\graphicx.sty"
Package: graphicx 1999/02/16 v1.0f Enhanced LaTeX Graphics (DPC,SPQR)

("C:\Program Files (x86)\MiKTeX 2.9\tex\latex\graphics\keyval.sty"
Package: keyval 1999/03/16 v1.13 key=value parser (DPC)
\KV@toks@=\toks21
)
("C:\Program Files (x86)\MiKTeX 2.9\tex\latex\graphics\graphics.sty"
Package: graphics 2009/02/05 v1.0o Standard LaTeX Graphics (DPC,SPQR)

("C:\Program Files (x86)\MiKTeX 2.9\tex\latex\graphics\trig.sty"
Package: trig 1999/03/16 v1.09 sin cos tan (DPC)
)
("C:\Program Files (x86)\MiKTeX 2.9\tex\latex\00miktex\graphics.cfg"
File: graphics.cfg 2007/01/18 v1.5 graphics configuration of teTeX/TeXLive
)
Package graphics Info: Driver file: pdftex.def on input line 91.

("C:\Program Files (x86)\MiKTeX 2.9\tex\latex\pdftex-def\pdftex.def"
File: pdftex.def 2011/05/27 v0.06d Graphics/color for pdfTeX

("C:\Program Files (x86)\MiKTeX 2.9\tex\generic\oberdiek\infwarerr.sty"
Package: infwarerr 2010/04/08 v1.3 Providing info/warning/message (HO)
)
("C:\Program Files (x86)\MiKTeX 2.9\tex\generic\oberdiek\ltxcmds.sty"
Package: ltxcmds 2011/04/18 v1.20 LaTeX kernel commands for general use (HO)
)
\Gread@gobject=\count101
))
\Gin@req@height=\dimen112
\Gin@req@width=\dimen113
)
(C:\Users\kgazenski\AppData\Roaming\MiKTeX\2.9\tex\latex\lineno\lineno.sty
Package: lineno 2005/11/02 line numbers on paragraphs v4.41
\linenopenalty=\count102
\output=\toks22
\linenoprevgraf=\count103
\linenumbersep=\dimen114
\linenumberwidth=\dimen115
\c@linenumber=\count104
\c@pagewiselinenumber=\count105
\c@LN@truepage=\count106
\c@internallinenumber=\count107
\c@internallinenumbers=\count108
\quotelinenumbersep=\dimen116
\bframerule=\dimen117
\bframesep=\dimen118
\bframebox=\box30
LaTeX Info: Redefining \\ on input line 3056.
)
(C:\Users\kgazenski\AppData\Roaming\MiKTeX\2.9\tex\latex\natbib\natbib.sty
Package: natbib 2010/09/13 8.31b (PWD, AO)
\bibhang=\skip46
\bibsep=\skip47
LaTeX Info: Redefining \cite on input line 694.
\c@NAT@ctr=\count109
)
("C:\Program Files (x86)\MiKTeX 2.9\tex\latex\hyperref\hyperref.sty"
Package: hyperref 2011/12/04 v6.82m Hypertext links for LaTeX

("C:\Program Files (x86)\MiKTeX 2.9\tex\generic\oberdiek\hobsub-hyperref.sty"
Package: hobsub-hyperref 2011/04/23 v1.4 Bundle oberdiek, subset hyperref (HO)

("C:\Program Files (x86)\MiKTeX 2.9\tex\generic\oberdiek\hobsub-generic.sty"
Package: hobsub-generic 2011/04/23 v1.4 Bundle oberdiek, subset generic (HO)
Package: hobsub 2011/04/23 v1.4 Subsetting bundle oberdiek (HO)
Package hobsub Info: Skipping package `infwarerr' (already loaded).
Package hobsub Info: Skipping package `ltxcmds' (already loaded).
Package: ifluatex 2010/03/01 v1.3 Provides the ifluatex switch (HO)
Package ifluatex Info: LuaTeX not detected.
Package: ifvtex 2010/03/01 v1.5 Switches for detecting VTeX and its modes (HO)
Package ifvtex Info: VTeX not detected.
Package: intcalc 2007/09/27 v1.1 Expandable integer calculations (HO)
Package: ifpdf 2011/01/30 v2.3 Provides the ifpdf switch (HO)
Package ifpdf Info: pdfTeX in PDF mode is detected.
Package: etexcmds 2011/02/16 v1.5 Prefix for e-TeX command names (HO)
Package etexcmds Info: Could not find \expanded.
(etexcmds)             That can mean that you are not using pdfTeX 1.50 or
(etexcmds)             that some package has redefined \expanded.
(etexcmds)             In the latter case, load this package earlier.
Package: kvsetkeys 2011/04/07 v1.13 Key value parser (HO)
Package: kvdefinekeys 2011/04/07 v1.3 Defining keys (HO)
Package: pdftexcmds 2011/04/22 v0.16 Utilities of pdfTeX for LuaTeX (HO)
Package pdftexcmds Info: LuaTeX not detected.
Package pdftexcmds Info: \pdf@primitive is available.
Package pdftexcmds Info: \pdf@ifprimitive is available.
Package pdftexcmds Info: \pdfdraftmode found.
Package: pdfescape 2011/04/04 v1.12 Provides string conversions (HO)
Package: bigintcalc 2011/01/30 v1.2 Expandable big integer calculations (HO)
Package: bitset 2011/01/30 v1.1 Data type bit set (HO)
Package: uniquecounter 2011/01/30 v1.2 Provides unlimited unique counter (HO)
)
Package hobsub Info: Skipping package `hobsub' (already loaded).
Package: letltxmacro 2010/09/02 v1.4 Let assignment for LaTeX macros (HO)
Package: hopatch 2011/01/30 v1.0 Wrapper for package hooks (HO)
Package: xcolor-patch 2011/01/30 xcolor patch
Package: atveryend 2011/04/23 v1.7 Hooks at very end of document (HO)
Package: atbegshi 2011/01/30 v1.15 At begin shipout hook (HO)
Package: refcount 2010/12/01 v3.2 Data extraction from references (HO)
Package: hycolor 2011/01/30 v1.7 Color options of hyperref/bookmark (HO)
)
("C:\Program Files (x86)\MiKTeX 2.9\tex\generic\ifxetex\ifxetex.sty"
Package: ifxetex 2010/09/12 v0.6 Provides ifxetex conditional
)
("C:\Program Files (x86)\MiKTeX 2.9\tex\latex\oberdiek\kvoptions.sty"
Package: kvoptions 2010/12/23 v3.10 Keyval support for LaTeX options (HO)
)
\@linkdim=\dimen119
\Hy@linkcounter=\count110
\Hy@pagecounter=\count111

("C:\Program Files (x86)\MiKTeX 2.9\tex\latex\hyperref\pd1enc.def"
File: pd1enc.def 2011/12/04 v6.82m Hyperref: PDFDocEncoding definition (HO)
)
\Hy@SavedSpaceFactor=\count112

("C:\Program Files (x86)\MiKTeX 2.9\tex\latex\00miktex\hyperref.cfg"
File: hyperref.cfg 2002/06/06 v1.2 hyperref configuration of TeXLive
)
Package hyperref Info: Hyper figures OFF on input line 4046.
Package hyperref Info: Link nesting OFF on input line 4051.
Package hyperref Info: Hyper index ON on input line 4054.
Package hyperref Info: Plain pages OFF on input line 4061.
Package hyperref Info: Backreferencing OFF on input line 4066.
Package hyperref Info: Implicit mode ON; LaTeX internals redefined.
Package hyperref Info: Bookmarks ON on input line 4284.
\c@Hy@tempcnt=\count113

("C:\Program Files (x86)\MiKTeX 2.9\tex\latex\ltxmisc\url.sty"
\Urlmuskip=\muskip11
Package: url 2006/04/12  ver 3.3  Verb mode for urls, etc.
)
LaTeX Info: Redefining \url on input line 4637.
\Fld@menulength=\count114
\Field@Width=\dimen120
\Fld@charsize=\dimen121
Package hyperref Info: Hyper figures OFF on input line 5757.
Package hyperref Info: Link nesting OFF on input line 5762.
Package hyperref Info: Hyper index ON on input line 5765.
Package hyperref Info: backreferencing OFF on input line 5772.
Package hyperref Info: Link coloring OFF on input line 5777.
Package hyperref Info: Link coloring with OCG OFF on input line 5782.
Package hyperref Info: PDF/A mode OFF on input line 5787.
LaTeX Info: Redefining \ref on input line 5827.
LaTeX Info: Redefining \pageref on input line 5831.
\Hy@abspage=\count115
\c@Item=\count116
\c@Hfootnote=\count117
)

Package hyperref Message: Driver: hpdftex.

("C:\Program Files (x86)\MiKTeX 2.9\tex\latex\hyperref\hpdftex.def"
File: hpdftex.def 2011/12/04 v6.82m Hyperref driver for pdfTeX
\Fld@listcount=\count118
\c@bookmark@seq@number=\count119

("C:\Program Files (x86)\MiKTeX 2.9\tex\latex\oberdiek\rerunfilecheck.sty"
Package: rerunfilecheck 2011/04/15 v1.7 Rerun checks for auxiliary files (HO)
Package uniquecounter Info: New unique counter `rerunfilecheck' on input line 2
82.
)
\Hy@SectionHShift=\skip48
)
("C:\Program Files (x86)\MiKTeX 2.9\tex\latex\tools\verbatim.sty"
Package: verbatim 2003/08/22 v1.5q LaTeX2e package for verbatim enhancements
\every@verbatim=\toks23
\verbatim@line=\toks24
\verbatim@in@stream=\read1
)
(C:\Users\kgazenski\AppData\Roaming\MiKTeX\2.9\tex\latex\soul\soul.sty
Package: soul 2003/11/17 v2.4 letterspacing/underlining (mf)
\SOUL@word=\toks25
\SOUL@lasttoken=\toks26
\SOUL@cmds=\toks27
\SOUL@buffer=\toks28
\SOUL@token=\toks29
\SOUL@spaceskip=\skip49
\SOUL@ttwidth=\dimen122
\SOUL@uldp=\dimen123
\SOUL@ulht=\dimen124
)
("C:\Program Files (x86)\MiKTeX 2.9\tex\latex\graphics\color.sty"
Package: color 2005/11/14 v1.0j Standard LaTeX Color (DPC)

("C:\Program Files (x86)\MiKTeX 2.9\tex\latex\00miktex\color.cfg"
File: color.cfg 2007/01/18 v1.5 color configuration of teTeX/TeXLive
)
Package color Info: Driver file: pdftex.def on input line 130.
)
(C:\Users\kgazenski\AppData\Roaming\MiKTeX\2.9\tex\latex\fancyvrb\fancyvrb.sty
Package: fancyvrb 2008/02/07

Style option: `fancyvrb' v2.7a, with DG/SPQR fixes, and firstline=lastline fix 
<2008/02/07> (tvz)
\FV@CodeLineNo=\count120
\FV@InFile=\read2
\FV@TabBox=\box31
\c@FancyVerbLine=\count121
\FV@StepNumber=\count122
\FV@OutFile=\write3
)
(C:\Users\kgazenski\AppData\Roaming\MiKTeX\2.9\tex\latex\rotating\rotating.sty
Package: rotating 2009/03/28 v2.16a rotated objects in LaTeX

("C:\Program Files (x86)\MiKTeX 2.9\tex\latex\base\ifthen.sty"
Package: ifthen 2001/05/26 v1.1c Standard LaTeX ifthen package (DPC)
)
\c@r@tfl@t=\count123
\rotFPtop=\skip50
\rotFPbot=\skip51
\rot@float@box=\box32
\rot@mess@toks=\toks30
)
("C:\Program Files (x86)\MiKTeX 2.9\tex\latex\base\makeidx.sty"
Package: makeidx 2000/03/29 v1.0m Standard LaTeX package
)
("C:\Program Files (x86)\MiKTeX 2.9\tex\latex\tools\bm.sty"
Package: bm 2004/02/26 v1.1c Bold Symbol Support (DPC/FMi)
\symboldoperators=\mathgroup6
\symboldletters=\mathgroup7
\symboldsymbols=\mathgroup8
LaTeX Font Info:    Redeclaring math alphabet \mathbf on input line 138.
LaTeX Info: Redefining \bm on input line 204.
)
\@indexfile=\write4

Writing index file previewBook.idx
\@float@every@algorithm=\toks31
\c@algorithm=\count124
\@float@every@panel=\toks32
\c@panel=\count125
(C:\Users\kgazenski\Documents\Andy\scrbook\previewBook.aux

LaTeX Warning: Label `scr0.sec.binomial' multiply defined.


LaTeX Warning: Label `scr0.eq.norm' multiply defined.

)
LaTeX Font Info:    Checking defaults for OML/cmm/m/it on input line 44.
LaTeX Font Info:    ... okay on input line 44.
LaTeX Font Info:    Checking defaults for T1/cmr/m/n on input line 44.
LaTeX Font Info:    ... okay on input line 44.
LaTeX Font Info:    Checking defaults for OT1/cmr/m/n on input line 44.
LaTeX Font Info:    ... okay on input line 44.
LaTeX Font Info:    Checking defaults for OMS/cmsy/m/n on input line 44.
LaTeX Font Info:    ... okay on input line 44.
LaTeX Font Info:    Checking defaults for OMX/cmex/m/n on input line 44.
LaTeX Font Info:    ... okay on input line 44.
LaTeX Font Info:    Checking defaults for U/cmr/m/n on input line 44.
LaTeX Font Info:    ... okay on input line 44.
LaTeX Font Info:    Checking defaults for PD1/pdf/m/n on input line 44.
LaTeX Font Info:    ... okay on input line 44.
 (C:\Users\kgazenski\AppData\Roaming\MiKTeX\2.9\tex\context\base\supp-pdf.mkii
[Loading MPS to PDF converter (version 2006.09.02).]
\scratchcounter=\count126
\scratchdimen=\dimen125
\scratchbox=\box33
\nofMPsegments=\count127
\nofMParguments=\count128
\everyMPshowfont=\toks33
\MPscratchCnt=\count129
\MPscratchDim=\dimen126
\MPnumerator=\count130
\makeMPintoPDFobject=\count131
\everyMPtoPDFconversion=\toks34
)
\AtBeginShipoutBox=\box34
Package hyperref Info: Link coloring OFF on input line 44.
 ("C:\Program Files (x86)\MiKTeX 2.9\tex\latex\hyperref\nameref.sty"
Package: nameref 2010/04/30 v2.40 Cross-referencing by name of section

("C:\Program Files (x86)\MiKTeX 2.9\tex\generic\oberdiek\gettitlestring.sty"
Package: gettitlestring 2010/12/03 v1.4 Cleanup title references (HO)
)
\c@section@level=\count132
)
LaTeX Info: Redefining \ref on input line 44.
LaTeX Info: Redefining \pageref on input line 44.
LaTeX Info: Redefining \nameref on input line 44.

(C:\Users\kgazenski\Documents\Andy\scrbook\previewBook.out)
(C:\Users\kgazenski\Documents\Andy\scrbook\previewBook.out)
\@outlinefile=\write5


LaTeX Font Warning: Font shape `OT1/cmss/m/n' in size <28> not available
(Font)              size <24.88> substituted on input line 64.


LaTeX Font Warning: Font shape `OT1/cmr/m/n' in size <28> not available
(Font)              size <24.88> substituted on input line 64.


LaTeX Font Warning: Font shape `OT1/cmss/m/n' in size <20> not available
(Font)              size <20.74> substituted on input line 64.


LaTeX Font Warning: Font shape `OT1/cmr/m/n' in size <20> not available
(Font)              size <20.74> substituted on input line 64.

[1

{C:/Users/kgazenski/AppData/Local/MiKTeX/2.9/pdftex/config/pdftex.map}]
[2


] (C:\Users\kgazenski\Documents\Andy\scrbook\previewBook.toc
LaTeX Font Info:    Try loading font information for U+msa on input line 5.

("C:\Program Files (x86)\MiKTeX 2.9\tex\latex\amsfonts\umsa.fd"
File: umsa.fd 2009/06/22 v3.00 AMS symbols A
)
LaTeX Font Info:    Try loading font information for U+msb on input line 5.

("C:\Program Files (x86)\MiKTeX 2.9\tex\latex\amsfonts\umsb.fd"
File: umsb.fd 2009/06/22 v3.00 AMS symbols B
) [3] [4]
[5] [6] [7]
Overfull \hbox (8.69513pt too wide) in paragraph at lines 228--228
 [][] [][]\OT1/cmr/m/n/10 Example: Black bears from Pic-tured Rocks Na-tional L
akeshore: 
 []

[8] [9] [10] [11])
\tf@toc=\write6
 [12]
Underfull \hbox (badness 10000) in paragraph at lines 76--77

 []

[13]
Underfull \hbox (badness 10000) in paragraph at lines 85--86

 []

[14]pdfTeX warning (ext4): destination with the same identifier (name{page.1}) 
has been already used, duplicate ignored
<to be read again> 
                   \relax 
l.101 \part{Background and Concepts}
                                     [1


]
(C:\Users\kgazenski\Documents\Andy\scrbook\Ch1/Chapt1.texpdfTeX warning (ext4):
 destination with the same identifier (name{page.2}) has been already used, dup
licate ignored
<to be read again> 
                   \relax 
l.1 \chapter
            { [2


]
Chapter 1.

LaTeX Font Warning: Font shape `OT1/cmss/bx/n' in size <40> not available
(Font)              size <24.88> substituted on input line 3.


LaTeX Font Warning: Font shape `OT1/cmr/m/n' in size <40> not available
(Font)              size <24.88> substituted on input line 3.

pdfTeX warning (ext4): destination with the same identifier (name{page.3}) has 
been already used, duplicate ignored
<to be read again> 
                   \relax 
l.103 
       [3]pdfTeX warning (ext4): destination with the same identifier (name{pag
e.4}) has been already used, duplicate ignored
<to be read again> 
                   \relax 
l.155 
       [4]
Overfull \hbox (2.19507pt too wide) in paragraph at lines 210--220
\OT1/cmr/m/n/10 Considerable re-cent work has gone into the de-vel-op-ment of c
amera-trapping method-
 []

<Ch1/figs/wolverinetiger.png, id=2010, 514.92375pt x 186.6975pt>
File: Ch1/figs/wolverinetiger.png Graphic file (type png)

<use Ch1/figs/wolverinetiger.png>
Package pdftex.def Info: Ch1/figs/wolverinetiger.png used on input line 223.
(pdftex.def)             Requested size: 361.34999pt x 131.0178pt.

Overfull \hbox (1.34999pt too wide) in paragraph at lines 223--224
 [] 
 []


Overfull \hbox (28.43921pt too wide) has occurred while \output is active
[] \OT1/cmss/m/n/9 LIONS AND TIGERS AND BEARS, OH MY: GENESIS OF SPATIAL CAPTUR
E-RECAPTURE DATA []
 []

pdfTeX warning (ext4): destination with the same identifier (name{page.5}) has 
been already used, duplicate ignored
<to be read again> 
                   \relax 
l.259 
       [5]pdfTeX warning (ext4): destination with the same identifier (name{pag
e.6}) has been already used, duplicate ignored
<to be read again> 
                   \relax 
l.284 
       [6 <C:/Users/kgazenski/Documents/Andy/scrbook/Ch1/figs/wolverinetiger.pn
g>] <Ch1/figs/bearcat.png, id=2094, 645.41125pt x 263.98625pt>
File: Ch1/figs/bearcat.png Graphic file (type png)

<use Ch1/figs/bearcat.png>
Package pdftex.def Info: Ch1/figs/bearcat.png used on input line 287.
(pdftex.def)             Requested size: 361.34999pt x 147.79906pt.

Overfull \hbox (1.34999pt too wide) in paragraph at lines 287--288
 [] 
 []

<Ch1/figs/beardog.png, id=2095, 646.415pt x 310.15875pt>
File: Ch1/figs/beardog.png Graphic file (type png)

<use Ch1/figs/beardog.png>
Package pdftex.def Info: Ch1/figs/beardog.png used on input line 302.
(pdftex.def)             Requested size: 361.34999pt x 173.38008pt.

Overfull \hbox (1.34999pt too wide) in paragraph at lines 302--303
 [] 
 []


Overfull \hbox (28.43921pt too wide) has occurred while \output is active
[] \OT1/cmss/m/n/9 LIONS AND TIGERS AND BEARS, OH MY: GENESIS OF SPATIAL CAPTUR
E-RECAPTURE DATA []
 []

pdfTeX warning (ext4): destination with the same identifier (name{page.7}) has 
been already used, duplicate ignored
<to be read again> 
                   \relax 
l.347 
       [7 <C:/Users/kgazenski/Documents/Andy/scrbook/Ch1/figs/bearcat.png>]pdfT
eX warning (ext4): destination with the same identifier (name{page.8}) has been
 already used, duplicate ignored
<to be read again> 
                   \relax 
l.373 
       [8 <C:/Users/kgazenski/Documents/Andy/scrbook/Ch1/figs/beardog.png>]
<Ch1/figs/hairsnares.png, id=2147, 393.47pt x 443.6575pt>
File: Ch1/figs/hairsnares.png Graphic file (type png)

<use Ch1/figs/hairsnares.png>
Package pdftex.def Info: Ch1/figs/hairsnares.png used on input line 402.
(pdftex.def)             Requested size: 192.27963pt x 216.81pt.
pdfTeX warning (ext4): destination with the same identifier (name{page.9}) has 
been already used, duplicate ignored
<to be read again> 
                   \relax 
l.421 
       [9 <C:/Users/kgazenski/Documents/Andy/scrbook/Ch1/figs/hairsnares.png>]p
dfTeX warning (ext4): destination with the same identifier (name{page.10}) has 
been already used, duplicate ignored
<to be read again> 
                   \relax 
l.484 
       [10]pdfTeX warning (ext4): destination with the same identifier (name{pa
ge.11}) has been already used, duplicate ignored
<to be read again> 
                   \relax 
l.550 
       [11]pdfTeX warning (ext4): destination with the same identifier (name{pa
ge.12}) has been already used, duplicate ignored
<to be read again> 
                   \relax 
l.608 
       [12]pdfTeX warning (ext4): destination with the same identifier (name{pa
ge.13}) has been already used, duplicate ignored
<to be read again> 
                   \relax 
l.691 
       [13]pdfTeX warning (ext4): destination with the same identifier (name{pa
ge.14}) has been already used, duplicate ignored
<to be read again> 
                   \relax 
l.812 
       [14] [15]
Overfull \hbox (2.16736pt too wide) in paragraph at lines 920--932
\OT1/cmr/m/n/10 ([]Borchers and Ef-ford[], []2008[]; []Royle and Gard-ner[], []
2011[]; []Borchers[], []2012[]; []Gopalaswamy[],
 []

[16] [17] [18] [19]) (C:\Users\kgazenski\Documents\Andy\scrbook\Ch2/Chapt2.tex
[20]
Chapter 2.

Overfull \hbox (5.82469pt too wide) in paragraph at lines 39--57
\OT1/cmr/m/n/10 texts. Tech-ni-cal treat-ments that em-pha-size eco-log-i-cal p
rob-lems are given by []Williams
 []

[21

] [22] [23] <Ch2/figs/bin.png, id=2403, 505.89pt x 505.89pt>
File: Ch2/figs/bin.png Graphic file (type png)

<use Ch2/figs/bin.png>
Package pdftex.def Info: Ch2/figs/bin.png used on input line 182.
(pdftex.def)             Requested size: 233.9978pt x 234.00133pt.
 [24 <C:/Users/kgazenski/Documents/Andy/scrbook/Ch2/figs/bin.png>] [25] [26] [2
7] [28] [29] [30] [31] [32] [33]
<Ch2/figs/bvn.png, id=2489, 867.24pt x 433.62pt>
File: Ch2/figs/bvn.png Graphic file (type png)
 <use Ch2/figs/bvn.png>
Package pdftex.def Info: Ch2/figs/bvn.png used on input line 747.
(pdftex.def)             Requested size: 323.9978pt x 161.99838pt.

[34 <C:/Users/kgazenski/Documents/Andy/scrbook/Ch2/figs/bvn.png>]
LaTeX Font Info:    Try loading font information for OMS+cmr on input line 806.


("C:\Program Files (x86)\MiKTeX 2.9\tex\latex\base\omscmr.fd"
File: omscmr.fd 1999/05/25 v2.5h Standard LaTeX font definitions
)
LaTeX Font Info:    Font shape `OMS/cmr/m/n' in size <10> not available
(Font)              Font shape `OMS/cmsy/m/n' tried instead on input line 806.
 [35] [36]
Underfull \vbox (badness 3118) has occurred while \output is active []

 [37]
[38] [39]
Overfull \hbox (28.49661pt too wide) in paragraph at lines 1043--1043
[] \OT1/cmtt/m/n/10 X=0  X=1  X=2  X=3  X=4  X=5  X=6  X=7  X=8  X=9 X=10 X=11 
X=12 X=13 X=14[] 
 []


Overfull \hbox (28.49661pt too wide) in paragraph at lines 1044--1044
[]\OT1/cmtt/m/n/10 0.18 0.14 0.09 0.05 0.05 0.07 0.09 0.10 0.09 0.06 0.04 0.02 
0.01 0.00 0.00[] 
 []


Overfull \hbox (7.4968pt too wide) in paragraph at lines 1065--1065
[]\OT1/cmtt/m/n/10 > XgivenY <- joint/matrix(margY, nrow(joint), ncol(joint), b
yrow=TRUE)[] 
 []

[40] [41] [42] [43] [44] <Ch2/figs/SCR0.png, id=2597, 505.89pt x 505.89pt>
File: Ch2/figs/SCR0.png Graphic file (type png)

<use Ch2/figs/SCR0.png>
Package pdftex.def Info: Ch2/figs/SCR0.png used on input line 1376.
(pdftex.def)             Requested size: 180.0pt x 179.99745pt.
 [45]
Overfull \hbox (8.97177pt too wide) in paragraph at lines 1421--1432
\OT1/cmr/m/n/10 This con-found-ing hap-pens be-cause SCR sam-pling is spa-tiall
y biased---restricted
 []


Overfull \hbox (2.60294pt too wide) in paragraph at lines 1433--1441
[]\OT1/cmr/bx/n/10 Search-encounter mod-els\OT1/cmr/m/n/10 . What we call ``sea
rch-encounter'' mod-els ([]Royle
 []

[46 <C:/Users/kgazenski/Documents/Andy/scrbook/Ch2/figs/SCR0.png>])
(C:\Users\kgazenski\Documents\Andy\scrbook\Ch3-Bayes/Chapt-Bayes2.tex [47]
[48

]
Chapter 3.
[49] [50]

LaTeX Warning: Characters dropped after `\end{verbatim}' on input line 230.

[51] [52] [53] [54] [55]
<Ch3-Bayes/figs/densityvsdetection.png, id=2758, 674.52pt x 673.51625pt>
File: Ch3-Bayes/figs/densityvsdetection.png Graphic file (type png)

<use Ch3-Bayes/figs/densityvsdetection.png>
Package pdftex.def Info: Ch3-Bayes/figs/densityvsdetection.png used on input li
ne 633.
(pdftex.def)             Requested size: 180.93921pt x 180.67499pt.
 [56] [57 <C:/Users/kgazenski/Documents/Andy/scrbook/Ch3-Bayes/figs/densityvsde
tection.png>] [58]
Overfull \hbox (88.62pt too wide) in paragraph at lines 900--901
[]$[]$ 
 []

[59]
Overfull \hbox (19.91998pt too wide) in paragraph at lines 964--977
\OT1/cmr/m/n/9 [\OML/cmm/m/it/9 y\OMS/cmsy/m/n/9 j\OML/cmm/m/it/9 []; []\OT1/
cmr/m/n/9 ]$, with prior dis-tri-bu-tions $[\OML/cmm/m/it/9 []\OT1/cmr/m/n/9 ]
$ and $[\OML/cmm/m/it/9 []\OT1/cmr/m/n/9 ]$. Step 2 has us write $[\OML/cmm/m/
it/9 []\OMS/cmsy/m/n/9 j\OML/cmm/m/it/9 y; []\OT1/cmr/m/n/9 ] \OMS/cmsy/m/n/9
 / \OT1/cmr/m/n/9 [\OML/cmm/m/it/9 y\OMS/cmsy/m/n/9 j\OML/cmm/m/it/9 []; []\O
T1/cmr/m/n/9 ][\OML/cmm/m/it/9 []\OT1/cmr/m/n/9 ][\OML/cmm/m/it/9 []\OT1/cmr/
m/n/9 ]$.
 []

[60] [61] [62] [63] [64]
<Ch3-Bayes/figs/implied_prior.png, id=2884, 238.491pt x 238.491pt>
File: Ch3-Bayes/figs/implied_prior.png Graphic file (type png)

<use Ch3-Bayes/figs/implied_prior.png>
Package pdftex.def Info: Ch3-Bayes/figs/implied_prior.png used on input line 12
93.
(pdftex.def)             Requested size: 216.81242pt x 216.81242pt.

Overfull \hbox (36.05344pt too wide) in paragraph at lines 1277--1312
\OT1/cmr/m/n/9 would be a very dif-fuse nor-mal prior, $[\OML/cmm/m/it/9 []\OT
1/cmr/m/n/9 ] = [](0\OML/cmm/m/it/9 ; []\OT1/cmr/m/n/9 )$ or even $\OML/cmm/m/i
t/9 [] \OMS/cmsy/m/n/9  []\OT1/cmr/m/n/9 (\OMS/cmsy/m/n/9  []\OML/cmm/m/it/9 
; []\OT1/cmr/m/n/9 )$.
 []

[65 <C:/Users/kgazenski/Documents/Andy/scrbook/Ch3-Bayes/figs/implied_prior.png
>] <Ch3-Bayes/figs/BUGSchains.png, id=2901, 439.6425pt x 388.45125pt>
File: Ch3-Bayes/figs/BUGSchains.png Graphic file (type png)

<use Ch3-Bayes/figs/BUGSchains.png>
Package pdftex.def Info: Ch3-Bayes/figs/BUGSchains.png used on input line 1339.

(pdftex.def)             Requested size: 245.3864pt x 216.81pt.
 [66] [67 <C:/Users/kgazenski/Documents/Andy/scrbook/Ch3-Bayes/figs/BUGSchains.
png>] [68] [69] [70]
<Ch3-Bayes/figs/pacounts.png, id=2946, 397.485pt x 289.08pt>
File: Ch3-Bayes/figs/pacounts.png Graphic file (type png)

<use Ch3-Bayes/figs/pacounts.png>
Package pdftex.def Info: Ch3-Bayes/figs/pacounts.png used on input line 1675.
(pdftex.def)             Requested size: 273.27026pt x 198.7425pt.
 [71 <C:/Users/kgazenski/Documents/Andy/scrbook/Ch3-Bayes/figs/pacounts.png>]
<Ch3-Bayes/figs/paforest.png, id=2954, 397.485pt x 289.08pt>
File: Ch3-Bayes/figs/paforest.png Graphic file (type png)

<use Ch3-Bayes/figs/paforest.png>
Package pdftex.def Info: Ch3-Bayes/figs/paforest.png used on input line 1710.
(pdftex.def)             Requested size: 273.27026pt x 198.7425pt.
 [72 <C:/Users/kgazenski/Documents/Andy/scrbook/Ch3-Bayes/figs/paforest.png>]
Overfull \hbox (3.82077pt too wide) in paragraph at lines 1765--1765
[]\OT1/cmtt/m/n/9 > out <- bugs(data, inits, parameters, "PoissonGLM.txt", n.th
in=2,n.chains=2,[] 
 []

[73]
Package hyperref Info: bookmark level for unknown panel defaults to 0 on input 
line 1965.
 [74] [75]
<Ch3-Bayes/figs/poissonmcmc2.png, id=2980, 674.52pt x 523.9575pt>
File: Ch3-Bayes/figs/poissonmcmc2.png Graphic file (type png)

<use Ch3-Bayes/figs/poissonmcmc2.png>
Package pdftex.def Info: Ch3-Bayes/figs/poissonmcmc2.png used on input line 198
7.
(pdftex.def)             Requested size: 252.94499pt x 196.48358pt.

<Ch3-Bayes/figs/poissonmcmc3.png, id=2981, 674.52pt x 673.51625pt>
File: Ch3-Bayes/figs/poissonmcmc3.png Graphic file (type png)

<use Ch3-Bayes/figs/poissonmcmc3.png>
Package pdftex.def Info: Ch3-Bayes/figs/poissonmcmc3.png used on input line 199
9.
(pdftex.def)             Requested size: 361.35352pt x 289.08221pt.

Overfull \hbox (1.35352pt too wide) in paragraph at lines 1999--2000
 [] 
 []

[76 <C:/Users/kgazenski/Documents/Andy/scrbook/Ch3-Bayes/figs/poissonmcmc2.png>
] [77 <C:/Users/kgazenski/Documents/Andy/scrbook/Ch3-Bayes/figs/poissonmcmc3.pn
g>] [78] [79] [80]
<Ch3-Bayes/figs/mallard_gradient.png, id=3055, 361.35pt x 289.08pt>
File: Ch3-Bayes/figs/mallard_gradient.png Graphic file (type png)

<use Ch3-Bayes/figs/mallard_gradient.png>
Package pdftex.def Info: Ch3-Bayes/figs/mallard_gradient.png used on input line
 2411.
(pdftex.def)             Requested size: 361.35463pt x 180.67455pt.

Overfull \hbox (1.35463pt too wide) in paragraph at lines 2411--2412
 [] 
 []

[81] [82] [83 <C:/Users/kgazenski/Documents/Andy/scrbook/Ch3-Bayes/figs/mallard
_gradient.png>] [84] [85])
(C:\Users\kgazenski\Documents\Andy\scrbook\Ch4-Closed/Chapt-Closed.tex [86]
Chapter 4.
[87

]

Package hyperref Warning: Token not allowed in a PDF string (PDFDocEncoding):
(hyperref)                removing `math shift' on input line 84.


Package hyperref Warning: Token not allowed in a PDF string (PDFDocEncoding):
(hyperref)                removing `subscript' on input line 84.


Package hyperref Warning: Token not allowed in a PDF string (PDFDocEncoding):
(hyperref)                removing `math shift' on input line 84.

[88] [89] [90] [91] [92] [93]

Package hyperref Warning: Token not allowed in a PDF string (PDFDocEncoding):
(hyperref)                removing `math shift' on input line 650.


Package hyperref Warning: Token not allowed in a PDF string (PDFDocEncoding):
(hyperref)                removing `subscript' on input line 650.


Package hyperref Warning: Token not allowed in a PDF string (PDFDocEncoding):
(hyperref)                removing `math shift' on input line 650.

[94] [95] [96]
Underfull \vbox (badness 10000) has occurred while \output is active []

 [97]
<Ch4-Closed/figs/hairsnares.png, id=3314, 393.47pt x 443.6575pt>
File: Ch4-Closed/figs/hairsnares.png Graphic file (type png)

<use Ch4-Closed/figs/hairsnares.png>
Package pdftex.def Info: Ch4-Closed/figs/hairsnares.png used on input line 884.

(pdftex.def)             Requested size: 164.76994pt x 216.8051pt.
 [98 <C:/Users/kgazenski/Documents/Andy/scrbook/Ch4-Closed/figs/hairsnares.png>
]
Overfull \hbox (22.72055pt too wide) in paragraph at lines 948--948
[]       \OT1/cmtt/m/n/9 n.iter=2000, n.burnin=1000, n.thin=1,debug=TRUE,workin
g.directory=getwd())[] 
 []

[99] <Ch4-Closed/figs/bufferedCH.png, id=3337, 252.945pt x 252.945pt>
File: Ch4-Closed/figs/bufferedCH.png Graphic file (type png)

<use Ch4-Closed/figs/bufferedCH.png>
Package pdftex.def Info: Ch4-Closed/figs/bufferedCH.png used on input line 1019
.
(pdftex.def)             Requested size: 216.81442pt x 216.81442pt.
 [100] [101 <C:/Users/kgazenski/Documents/Andy/scrbook/Ch4-Closed/figs/buffered
CH.png>] [102] [103]
<Ch4-Closed/figs/quadrat.png, id=3418, 493.845pt x 491.8375pt>
File: Ch4-Closed/figs/quadrat.png Graphic file (type png)

<use Ch4-Closed/figs/quadrat.png>
Package pdftex.def Info: Ch4-Closed/figs/quadrat.png used on input line 1235.
(pdftex.def)             Requested size: 217.69183pt x 216.81pt.


Package hyperref Warning: Token not allowed in a PDF string (PDFDocEncoding):
(hyperref)                removing `math shift' on input line 1249.


Package hyperref Warning: Token not allowed in a PDF string (PDFDocEncoding):
(hyperref)                removing `subscript' on input line 1249.


Package hyperref Warning: Token not allowed in a PDF string (PDFDocEncoding):
(hyperref)                removing `math shift' on input line 1249.

[104 <C:/Users/kgazenski/Documents/Andy/scrbook/Ch4-Closed/figs/quadrat.png>]

Package hyperref Warning: Token not allowed in a PDF string (PDFDocEncoding):
(hyperref)                removing `math shift' on input line 1317.


Package hyperref Warning: Token not allowed in a PDF string (PDFDocEncoding):
(hyperref)                removing `subscript' on input line 1317.


Package hyperref Warning: Token not allowed in a PDF string (PDFDocEncoding):
(hyperref)                removing `math shift' on input line 1317.

[105]
Overfull \hbox (17.9956pt too wide) in paragraph at lines 1370--1370
[]\OT1/cmtt/m/n/9 > wbout <- jags(data1, inits, params1, model.file = "modelMh.
txt", n.chains = 3,[] 
 []

<Ch4-Closed/figs/bear-modelMh-post-v2.png, id=3447, 252.945pt x 252.945pt>
File: Ch4-Closed/figs/bear-modelMh-post-v2.png Graphic file (type png)

<use Ch4-Closed/figs/bear-modelMh-post-v2.png>
Package pdftex.def Info: Ch4-Closed/figs/bear-modelMh-post-v2.png used on input
 line 1447.
(pdftex.def)             Requested size: 252.94823pt x 252.94823pt.
 [106] [107 <C:/Users/kgazenski/Documents/Andy/scrbook/Ch4-Closed/figs/bear-mod
elMh-post-v2.png>] [108] [109]
[110] <Ch4-Closed/figs/bear_spiderplot.png, id=3519, 433.62pt x 308.95425pt>
File: Ch4-Closed/figs/bear_spiderplot.png Graphic file (type png)

<use Ch4-Closed/figs/bear_spiderplot.png>
Package pdftex.def Info: Ch4-Closed/figs/bear_spiderplot.png used on input line
 1818.
(pdftex.def)             Requested size: 252.94879pt x 216.80864pt.
 [111] [112 <C:/Users/kgazenski/Documents/Andy/scrbook/Ch4-Closed/figs/bear_spi
derplot.png>] [113] [114] [115]

Package hyperref Warning: Token not allowed in a PDF string (PDFDocEncoding):
(hyperref)                removing `math shift' on input line 2104.


Package hyperref Warning: Token not allowed in a PDF string (PDFDocEncoding):
(hyperref)                removing `math shift' on input line 2104.

[116]
Overfull \hbox (1.34999pt too wide) in paragraph at lines 2237--2260
 []$ 
 []

[117] [118]
<Ch4-Closed/figs/Erin_Zylstra_2.jpg, id=3612, 1040.688pt x 780.516pt>
File: Ch4-Closed/figs/Erin_Zylstra_2.jpg Graphic file (type jpg)

<use Ch4-Closed/figs/Erin_Zylstra_2.jpg>
Package pdftex.def Info: Ch4-Closed/figs/Erin_Zylstra_2.jpg used on input line 
2347.
(pdftex.def)             Requested size: 289.07224pt x 216.80417pt.

<Ch4-Closed/figs/tortoise.png, id=3613, 505.89pt x 505.89pt>
File: Ch4-Closed/figs/tortoise.png Graphic file (type png)

<use Ch4-Closed/figs/tortoise.png>
Package pdftex.def Info: Ch4-Closed/figs/tortoise.png used on input line 2355.
(pdftex.def)             Requested size: 202.36012pt x 202.36012pt.
 [119 <C:/Users/kgazenski/Documents/Andy/scrbook/Ch4-Closed/figs/Erin_Zylstra_2
.jpg>] [120 <C:/Users/kgazenski/Documents/Andy/scrbook/Ch4-Closed/figs/tortoise
.png>]) [121] [122

] [123]
(C:\Users\kgazenski\Documents\Andy\scrbook\Ch5-SCR0/Chapt-SCR0.tex [124


]
Chapter 5.
[125] [126] [127]
<Ch5-SCR0/figs/det_functions.png, id=3688, 505.89pt x 325.215pt>
File: Ch5-SCR0/figs/det_functions.png Graphic file (type png)

<use Ch5-SCR0/figs/det_functions.png>
Package pdftex.def Info: Ch5-SCR0/figs/det_functions.png used on input line 248
.
(pdftex.def)             Requested size: 309.16367pt x 198.7425pt.
 [128 <C:/Users/kgazenski/Documents/Andy/scrbook/Ch5-SCR0/figs/det_functions.pn
g>]
<Ch5-SCR0/figs/binomialpoint.png, id=3701, 674.52pt x 673.51625pt>
File: Ch5-SCR0/figs/binomialpoint.png Graphic file (type png)

<use Ch5-SCR0/figs/binomialpoint.png>
Package pdftex.def Info: Ch5-SCR0/figs/binomialpoint.png used on input line 415
.
(pdftex.def)             Requested size: 180.93921pt x 180.67499pt.
 [129] [130 <C:/Users/kgazenski/Documents/Andy/scrbook/Ch5-SCR0/figs/binomialpo
int.png>] [131] [132]

Package hyperref Warning: Token not allowed in a PDF string (PDFDocEncoding):
(hyperref)                removing `math shift' on input line 625.


Package hyperref Warning: Token not allowed in a PDF string (PDFDocEncoding):
(hyperref)                removing `subscript' on input line 625.


Package hyperref Warning: Token not allowed in a PDF string (PDFDocEncoding):
(hyperref)                removing `math shift' on input line 625.

<Ch5-SCR0/figs/Mh_buffer.png, id=3745, 505.89pt x 180.675pt>
File: Ch5-SCR0/figs/Mh_buffer.png Graphic file (type png)

<use Ch5-SCR0/figs/Mh_buffer.png>
Package pdftex.def Info: Ch5-SCR0/figs/Mh_buffer.png used on input line 661.
(pdftex.def)             Requested size: 325.2197pt x 115.63159pt.
 [133] [134 <C:/Users/kgazenski/Documents/Andy/scrbook/Ch5-SCR0/figs/Mh_buffer.
png>] [135] [136] [137] [138] [139]
LaTeX Font Info:    Font shape `OMS/cmr/m/n' in size <9> not available
(Font)              Font shape `OMS/cmsy/m/n' tried instead on input line 1235.

 [140]
[141] [142]
Underfull \vbox (badness 2495) has occurred while \output is active []

 [143]
[144] [145] [146] [147] [148] [149] [150]
<Ch5-SCR0/figs/Wolverines_cameratrap.jpg, id=3888, 614.295pt x 794.97pt>
File: Ch5-SCR0/figs/Wolverines_cameratrap.jpg Graphic file (type jpg)

<use Ch5-SCR0/figs/Wolverines_cameratrap.jpg>
Package pdftex.def Info: Ch5-SCR0/figs/Wolverines_cameratrap.jpg used on input 
line 2087.
(pdftex.def)             Requested size: 231.25989pt x 304.99088pt.
 [151]
Underfull \vbox (badness 5832) has occurred while \output is active []

 [152 <C:/Users/kgazenski/Documents/Andy/scrbook/Ch5-SCR0/figs/Wolverines_camer
atrap.jpg>]
[153] [154] [155] [156] [157] [158] [159]
<Ch5-SCR0/figs/wolvgrids.png, id=3989, 433.62pt x 216.81pt>
File: Ch5-SCR0/figs/wolvgrids.png Graphic file (type png)

<use Ch5-SCR0/figs/wolvgrids.png>
Package pdftex.def Info: Ch5-SCR0/figs/wolvgrids.png used on input line 2868.
(pdftex.def)             Requested size: 361.36676pt x 180.68336pt.

Overfull \hbox (1.36676pt too wide) in paragraph at lines 2868--2869
 [] 
 []

[160] [161 <C:/Users/kgazenski/Documents/Andy/scrbook/Ch5-SCR0/figs/wolvgrids.p
ng>] [162] [163] [164]
<Ch5-SCR0/figs/wolvDensity.png, id=4019, 379.4175pt x 623.32875pt>
File: Ch5-SCR0/figs/wolvDensity.png Graphic file (type png)

<use Ch5-SCR0/figs/wolvDensity.png>
Package pdftex.def Info: Ch5-SCR0/figs/wolvDensity.png used on input line 3234.

(pdftex.def)             Requested size: 252.9463pt x 415.55464pt.

<Ch5-SCR0/figs/wolv_post_s.png, id=4023, 379.4175pt x 379.4175pt>
File: Ch5-SCR0/figs/wolv_post_s.png Graphic file (type png)

<use Ch5-SCR0/figs/wolv_post_s.png>
Package pdftex.def Info: Ch5-SCR0/figs/wolv_post_s.png used on input line 3294.

(pdftex.def)             Requested size: 307.1528pt x 307.1528pt.
 [165] [166 <C:/Users/kgazenski/Documents/Andy/scrbook/Ch5-SCR0/figs/wolvDensit
y.png>] [167]
<Ch5-SCR0/figs/wolv_esa.png, id=4047, 505.89pt x 505.89pt>
File: Ch5-SCR0/figs/wolv_esa.png Graphic file (type png)

<use Ch5-SCR0/figs/wolv_esa.png>
Package pdftex.def Info: Ch5-SCR0/figs/wolv_esa.png used on input line 3423.
(pdftex.def)             Requested size: 216.81056pt x 216.81pt.
 [168])
(C:\Users\kgazenski\Documents\Andy\scrbook\Ch6-MLE/Chapt-MLE.tex [169] [170 <C:
/Users/kgazenski/Documents/Andy/scrbook/Ch5-SCR0/figs/wolv_post_s.png>]
[171 <C:/Users/kgazenski/Documents/Andy/scrbook/Ch5-SCR0/figs/wolv_esa.png>]
[172

]
Chapter 6.

Underfull \vbox (badness 10000) has occurred while \output is active []

 [173]
[174] [175] [176] [177]
Overfull \hbox (3.82077pt too wide) in paragraph at lines 335--335
[]\OT1/cmtt/m/n/9 > frog <- nlm(intlik1,starts,y=y,X=traplocs,delta=.1,ssbuffer
=2,hessian=TRUE)[] 
 []

[178]

Package amsmath Warning: Foreign command \atopwithdelims;
(amsmath)                \frac or \genfrac should be used instead
(amsmath)                 on input line 449.

[179] [180]
Overfull \hbox (3.82077pt too wide) in paragraph at lines 571--571
[]\OT1/cmtt/m/n/9 > frog <- nlm(intlik2,starts,hessian=TRUE,y=y,X=traplocs,delt
a=.2,ssbuffer=2)[] 
 []

[181] [182] [183] [184]
Overfull \hbox (3.82077pt too wide) in paragraph at lines 868--868
[]\OT1/cmtt/m/n/9 > wolv <- nlm(intlik3,starts,hessian=TRUE,y=y2d,K=K.wolv,X=tr
aplocs,delta=.2,[] 
 []


Overfull \hbox (3.82077pt too wide) in paragraph at lines 871--871
[]\OT1/cmtt/m/n/9 > area <- attr(intlik3(starts,y=y2d,K=K.wolv,X=traplocs,delta
=.2,ssbuffer=2),[] 
 []

[185] [186] [187] [188] [189] [190] [191]
Overfull \hbox (3.82077pt too wide) in paragraph at lines 1357--1357
[]\OT1/cmtt/m/n/9 > dimnames(traps) <- list(NULL,c("trapID","x","y",paste("day"
,1:165,sep="")))[] 
 []

[192] [193] [194] [195] [196] [197] [198])
(C:\Users\kgazenski\Documents\Andy\scrbook\Ch7-Covariates/Chapt-Covariates.tex
[199] [200

]
Chapter 7.
[201] [202]
Underfull \vbox (badness 10000) has occurred while \output is active []

 [203]
[204]
LaTeX Font Info:    Try loading font information for OMS+cmtt on input line 335
.
LaTeX Font Info:    No file OMScmtt.fd. on input line 335.


LaTeX Font Warning: Font shape `OMS/cmtt/m/n' undefined
(Font)              using `OMS/cmsy/m/n' instead
(Font)              for symbol `textbraceleft' on input line 335.

[205] [206] [207] [208]
Underfull \vbox (badness 10000) has occurred while \output is active []

 [209]
[210] [211] [212]
Overfull \hbox (13.27066pt too wide) in paragraph at lines 943--943
[]\OT1/cmtt/m/n/9 > data <- list(y=y,Sex=Sex, M=M,K=K, J=ntraps, xlim=xlim, yli
m=ylim,area=areaX)[] 
 []


Overfull \hbox (3.82077pt too wide) in paragraph at lines 945--945
[]\OT1/cmtt/m/n/9 > inits <- function() { list(z=c(rep(1,nind), rbinom(nz,1,0.5
)),psi=runif(1),[] 
 []

[213]

LaTeX Warning: Reference `covariates.panel.sexSCR' on page 214 undefined on inp
ut line 952.

[214] [215] [216]
<Ch7-Covariates/figs/area_heterogeneity.png, id=4557, 505.89pt x 252.945pt>
File: Ch7-Covariates/figs/area_heterogeneity.png Graphic file (type png)

<use Ch7-Covariates/figs/area_heterogeneity.png>
Package pdftex.def Info: Ch7-Covariates/figs/area_heterogeneity.png used on inp
ut line 1193.
(pdftex.def)             Requested size: 361.35352pt x 180.67676pt.

Overfull \hbox (1.35352pt too wide) in paragraph at lines 1193--1194
 [] 
 []

[217] [218 <C:/Users/kgazenski/Documents/Andy/scrbook/Ch7-Covariates/figs/area_
heterogeneity.png>] [219] [220])
(C:\Users\kgazenski\Documents\Andy\scrbook\Ch8-GoF/Chapt-GoF.tex [221] [222

]
Chapter 8.
[223] [224]
Overfull \hbox (3.82077pt too wide) in paragraph at lines 384--384
[]\OT1/cmtt/m/n/9 > dimnames(traps) <- list(NULL,c("trapID","x","y",paste("day"
,1:165,sep="")))[] 
 []

[225] [226] [227] [228] [229]
Overfull \hbox (3.82077pt too wide) in paragraph at lines 757--757
[]    \OT1/cmtt/m/n/9 dd[i,j] <- pow(s[i,1] - traplocs[j,1],2)  + pow(s[i,2] - 
traplocs[j,2],2)[] 
 []

[230] [231] [232] [233] [234] [235]
Underfull \vbox (badness 10000) has occurred while \output is active []

 [236]
Underfull \hbox (badness 2961) in paragraph at lines 1535--1535
[][][]\OT1/cmr/m/n/8 We also like Tony Smith's lec-ture notes (Univ. of Penn. E
SE 502), which
 []

[237] [238] [239]
Overfull \hbox (2.44557pt too wide) in paragraph at lines 1742--1760
\OT1/cmr/m/n/9 of-fit eval-u-a-tion of the ob-ser-va-tion model. For most SCR p
rob-lems, we have a 3-dimensional
 []

[240] [241] [242] [243] [244])
(C:\Users\kgazenski\Documents\Andy\scrbook\Ch9-PoisMn/Chapt-PoisMn.tex [245]
[246

]
Chapter 9.

Underfull \vbox (badness 10000) has occurred while \output is active []

 [247]
[248] [249] <Ch9-PoisMn/figs/Poisson-Bern.png, id=4964, 505.89pt x 252.945pt>
File: Ch9-PoisMn/figs/Poisson-Bern.png Graphic file (type png)

<use Ch9-PoisMn/figs/Poisson-Bern.png>
Package pdftex.def Info: Ch9-PoisMn/figs/Poisson-Bern.png used on input line 28
2.
(pdftex.def)             Requested size: 361.35352pt x 180.67676pt.

Overfull \hbox (1.35352pt too wide) in paragraph at lines 282--287
 [][] 
 []

[250] [251 <C:/Users/kgazenski/Documents/Andy/scrbook/Ch9-PoisMn/figs/Poisson-B
ern.png>] [252] [253] [254] [255]
Overfull \hbox (3.82077pt too wide) in paragraph at lines 628--628
[]\OT1/cmtt/m/n/9 > dimnames(traps) <- list(NULL,c("trapID","x","y",paste("day"
,1:165,sep="")))[] 
 []

[256] [257] [258] [259] [260] [261] [262] [263] [264] [265] [266] [267]
[268] [269] <Ch9-PoisMn/figs/possum.png, id=5166, 505.89pt x 505.89pt>
File: Ch9-PoisMn/figs/possum.png Graphic file (type png)

<use Ch9-PoisMn/figs/possum.png>
Package pdftex.def Info: Ch9-PoisMn/figs/possum.png used on input line 1808.
(pdftex.def)             Requested size: 361.34999pt x 361.35352pt.

Overfull \hbox (1.34999pt too wide) in paragraph at lines 1808--1813
 [][] 
 []

[270] [271 <C:/Users/kgazenski/Documents/Andy/scrbook/Ch9-PoisMn/figs/possum.pn
g>] [272] [273] [274] [275] [276] [277])
(C:\Users\kgazenski\Documents\Andy\scrbook\Ch10-Design/Chapt-Design.tex
[278]
Chapter 10.

Underfull \vbox (badness 5008) has occurred while \output is active []

 [279

])
[280] [281

]
(C:\Users\kgazenski\Documents\Andy\scrbook\Ch11-Statespace/Chapt-Statespace.tex
[282


]
Chapter 11.

LaTeX Warning: `h' float specifier changed to `ht'.

[283])
(C:\Users\kgazenski\Documents\Andy\scrbook\Ch12-EcolDist/Chapt-EcolDist.tex
[284] [285] [286

]
Chapter 12.
[287]

LaTeX Warning: `h' float specifier changed to `ht'.

) (C:\Users\kgazenski\Documents\Andy\scrbook\Ch13-RSF/Chapt-RSF.tex [288]
[289] [290

]
Chapter 13.
)
(C:\Users\kgazenski\Documents\Andy\scrbook\Ch14-Multisession/Chapt-Multisession
.tex [291] [292]
Chapter 14.

Overfull \hbox (48.31836pt too wide) in paragraph at lines 39--56
 [] 
 []


Package hyperref Warning: Token not allowed in a PDF string (PDFDocEncoding):
(hyperref)                removing `math shift' on input line 70.


Package hyperref Warning: Token not allowed in a PDF string (PDFDocEncoding):
(hyperref)                removing `\psi' on input line 70.


Package hyperref Warning: Token not allowed in a PDF string (PDFDocEncoding):
(hyperref)                removing `math shift' on input line 70.

[293

] [294] [295])
(C:\Users\kgazenski\Documents\Andy\scrbook\Ch15-searchencounter/Chapt-searchenc
ounter.tex [296


]
Chapter 15.
) (C:\Users\kgazenski\Documents\Andy\scrbook\Ch16-Open/Chapt-Open.tex [297

]
[298

]
Chapter 16.
[299]) [300] [301] [302

] [303]
(C:\Users\kgazenski\Documents\Andy\scrbook\Ch17-MCMC/Chapt-MCMC.tex [304


]
Chapter 17.

Package hyperref Warning: Difference (2) between bookmark levels is greater 
(hyperref)                than one, level fixed on input line 8.

[305])
(C:\Users\kgazenski\Documents\Andy\scrbook\Ch18-Unmarked/Chapt-Unmarked.tex
[306] [307] [308

]
Chapter 18.
) (C:\Users\kgazenski\Documents\Andy\scrbook\Ch19-PartialID/Chapt-PartialID.tex
[309] [310]
Chapter 19.
Missing character: There is no ‘ in font cmr9!
Missing character: There is no ’ in font cmr9!

Overfull \hbox (2.4296pt too wide) in paragraph at lines 24--39
[]\OT1/cmr/m/n/9 Traditionally, capture-recapture stud-ies in-volve phys-i-cal 
cap-ture of in-di-vid-u-als through-
 []

[311

] [312] [313] [314]
Missing character: There is no “ in font cmr9!
Missing character: There is no ” in font cmr9!
 [315] [316] [317]
Overfull \hbox (0.7905pt too wide) in paragraph at lines 364--365
[]\OT1/cmr/m/n/9 Observe that while we skip the up-date of $\OML/cmm/m/it/9 z[]
$ \OT1/cmr/m/n/9 for the ``seen'' in-di-vid-u-als (where \OT1/cmtt/m/n/9 seen=T
RUE
 []

[318] <Ch19-PartialID/figs/Geese_pic2.png, id=5617, 2312.64pt x 3083.52pt>
File: Ch19-PartialID/figs/Geese_pic2.png Graphic file (type png)

<use Ch19-PartialID/figs/Geese_pic2.png>
Package pdftex.def Info: Ch19-PartialID/figs/Geese_pic2.png used on input line 
433.
(pdftex.def)             Requested size: 216.81pt x 289.07928pt.
 [319] [320 <C:/Users/kgazenski/Documents/Andy/scrbook/Ch19-PartialID/figs/Gees
e_pic2.png (PNG copy)>] [321] [322]
[323] [324] <Ch19-PartialID/figs/Nposts2.png, id=5669, 1204.5pt x 1204.5pt>
File: Ch19-PartialID/figs/Nposts2.png Graphic file (type png)

<use Ch19-PartialID/figs/Nposts2.png>
Package pdftex.def Info: Ch19-PartialID/figs/Nposts2.png used on input line 652
.
(pdftex.def)             Requested size: 289.0859pt x 289.0859pt.

Overfull \hbox (11.19733pt too wide) has occurred while \output is active
[] \OT1/cmss/m/n/9 HOW MUCH INFORMATION DO MARKED AND UNMARKED INDIVIDUALS CONT
RIBUTE? []
 []

[325 <C:/Users/kgazenski/Documents/Andy/scrbook/Ch19-PartialID/figs/Nposts2.png
>] [326] [327]
<Ch19-PartialID/figs/Raccoon_pic.png, id=5696, 645.91313pt x 531.48563pt>
File: Ch19-PartialID/figs/Raccoon_pic.png Graphic file (type png)

<use Ch19-PartialID/figs/Raccoon_pic.png>
Package pdftex.def Info: Ch19-PartialID/figs/Raccoon_pic.png used on input line
 785.
(pdftex.def)             Requested size: 289.07999pt x 237.86874pt.
 [328] [329 <C:/Users/kgazenski/Documents/Andy/scrbook/Ch19-PartialID/figs/Racc
oon_pic.png (PNG copy)>] [330])
(C:\Users\kgazenski\Documents\Andy\scrbook\Ch20-Last/Chapt-Last.tex [331]
[332

]
Chapter 20.

Underfull \vbox (badness 10000) has occurred while \output is active []

 [333])
[334] [335

] (C:\Users\kgazenski\Documents\Andy\scrbook\AppendixI/AppendixI.tex
[336


]

Package hyperref Warning: Difference (2) between bookmark levels is greater 
(hyperref)                than one, level fixed on input line 11.


Package hyperref Warning: Difference (2) between bookmark levels is greater 
(hyperref)                than one, level fixed on input line 21.


Overfull \hbox (2.05579pt too wide) in paragraph at lines 22--23
\OT1/cmr/m/n/9 project.org/web/packages/R2WinBUGS/R2WinBUGS.pdf) you can also d
own-load a short
 []

[337]
Overfull \hbox (9.55211pt too wide) in paragraph at lines 53--56
\OT1/cmr/m/n/9 cess at []$\OT1/cmtt/m/n/9 '[] '[] http : / / www . rni . helsin
ki . fi / openbugs / OpenBUGS / Docu / BRugs % 20Manual . html '[]
 []

[338]
Overfull \hbox (2.99477pt too wide) in paragraph at lines 81--83
[]\OT1/cmr/bx/n/9 JAGS \OT1/cmr/m/n/9 is avail-able for down-load at []$\OT1/cm
tt/m/n/9 '[] '[] http : / / sourceforge . net / projects / mcmc-[]jags /
 []

[339]

Package natbib Warning: Citation `XX' on page 340 undefined on input line 121.


Overfull \hbox (1.75395pt too wide) in paragraph at lines 132--134
\OT1/cmr/m/n/9 brary which fa-cil-i-tate the in-te-gra-tion of \OT1/cmr/bx/n/9 
R \OT1/cmr/m/n/9 and \OT1/cmr/bx/n/9 C++\OT1/cmr/m/n/9 . Man-ual at []$\OT1/cmt
t/m/n/9 http : / / cran . r-[]project .
 []

[340]
Overfull \hbox (528.28967pt too wide) in paragraph at lines 170--170
[]\OT1/cmtt/m/n/9 #############################################################
###############################################################################
################################################[] 
 []

) (C:\Users\kgazenski\Documents\Andy\scrbook\previewBook.bbl [341] [342

]
[343]
Underfull \vbox (badness 10000) has occurred while \output is active []

 [344]
Underfull \vbox (badness 10000) has occurred while \output is active []

 [345]
Missing character: There is no Â in font cmr9!
Missing character: There is no © in font cmr9!

Underfull \vbox (badness 10000) has occurred while \output is active []

 [346]
Missing character: There is no – in font cmr9!

Underfull \vbox (badness 10000) has occurred while \output is active []

 [347]
Missing character: There is no â in font cmr9!
Missing character: There is no € in font cmr9!
Missing character: There is no “ in font cmr9!
LaTeX Font Info:    Font shape `OMS/cmr/m/it' in size <9> not available
(Font)              Font shape `OMS/cmsy/m/n' tried instead on input line 548.

Underfull \vbox (badness 10000) has occurred while \output is active []

 [348]
Missing character: There is no â in font cmr9!
Missing character: There is no € in font cmr9!
Missing character: There is no “ in font cmr9!

Underfull \vbox (badness 10000) has occurred while \output is active []

 [349]
Missing character: There is no ’ in font cmr9!

Underfull \vbox (badness 10000) has occurred while \output is active []

 [350]
Underfull \vbox (badness 10000) has occurred while \output is active []

 [351]
Underfull \vbox (badness 10000) has occurred while \output is active []

 [352]
Underfull \vbox (badness 10000) has occurred while \output is active []

 [353]
Missing character: There is no ô in font cmr9!

Underfull \vbox (badness 10000) has occurred while \output is active []

 [354]
Underfull \vbox (badness 10000) has occurred while \output is active []

 [355]
Underfull \vbox (badness 10000) has occurred while \output is active []

 [356])
(C:\Users\kgazenski\Documents\Andy\scrbook\previewBook.ind)

Package natbib Warning: There were undefined citations.

Package atveryend Info: Empty hook `BeforeClearDocument' on input line 183.
[357]
Package atveryend Info: Empty hook `AfterLastShipout' on input line 183.
 (C:\Users\kgazenski\Documents\Andy\scrbook\previewBook.aux)
Package atveryend Info: Executing hook `AtVeryEndDocument' on input line 183.
Package atveryend Info: Executing hook `AtEndAfterFileList' on input line 183.
Package rerunfilecheck Info: File `previewBook.out' has not changed.
(rerunfilecheck)             Checksum: 8CE7B54DB3D80A0CB8545A5A07F61E3D;30092.


LaTeX Font Warning: Size substitutions with differences
(Font)              up to 15.12pt have occurred.


LaTeX Font Warning: Some font shapes were not available, defaults substituted.


LaTeX Warning: There were undefined references.


LaTeX Warning: There were multiply-defined labels.

 )
(\end occurred inside a group at level 1)

### simple group (level 1) entered at line 220 ({)
### bottom level 
Here is how much of TeX's memory you used:
 10120 strings out of 494045
 160386 string characters out of 3145957
 261546 words of memory out of 3000000
 11916 multiletter control sequences out of 15000+200000
 22560 words of font info for 83 fonts, out of 3000000 for 9000
 715 hyphenation exceptions out of 8191
 31i,16n,31p,1548b,1104s stack positions out of 5000i,500n,10000p,200000b,50000s
<C:/Program Files (x86)/MiKTeX 2.9/fonts/type1/public/amsfonts/
cm/cmbx10.pfb><C:/Program Files (x86)/MiKTeX 2.9/fonts/type1/public/amsfonts/cm
/cmbx12.pfb><C:/Program Files (x86)/MiKTeX 2.9/fonts/type1/public/amsfonts/cm/c
mbx6.pfb><C:/Program Files (x86)/MiKTeX 2.9/fonts/type1/public/amsfonts/cm/cmbx
7.pfb><C:/Program Files (x86)/MiKTeX 2.9/fonts/type1/public/amsfonts/cm/cmbx8.p
fb><C:/Program Files (x86)/MiKTeX 2.9/fonts/type1/public/amsfonts/cm/cmbx9.pfb>
<C:/Program Files (x86)/MiKTeX 2.9/fonts/type1/public/amsfonts/cm/cmbxti10.pfb>
<C:/Program Files (x86)/MiKTeX 2.9/fonts/type1/public/amsfonts/cm/cmex10.pfb><C
:/Program Files (x86)/MiKTeX 2.9/fonts/type1/public/amsfonts/cmextra/cmex7.pfb>
<C:/Program Files (x86)/MiKTeX 2.9/fonts/type1/public/amsfonts/cmextra/cmex8.pf
b><C:/Program Files (x86)/MiKTeX 2.9/fonts/type1/public/amsfonts/cmextra/cmex9.
pfb><C:/Program Files (x86)/MiKTeX 2.9/fonts/type1/public/amsfonts/cm/cmmi10.pf
b><C:/Program Files (x86)/MiKTeX 2.9/fonts/type1/public/amsfonts/cm/cmmi5.pfb><
C:/Program Files (x86)/MiKTeX 2.9/fonts/type1/public/amsfonts/cm/cmmi6.pfb><C:/
Program Files (x86)/MiKTeX 2.9/fonts/type1/public/amsfonts/cm/cmmi7.pfb><C:/Pro
gram Files (x86)/MiKTeX 2.9/fonts/type1/public/amsfonts/cm/cmmi8.pfb><C:/Progra
m Files (x86)/MiKTeX 2.9/fonts/type1/public/amsfonts/cm/cmmi9.pfb><C:/Program F
iles (x86)/MiKTeX 2.9/fonts/type1/public/amsfonts/cm/cmmib10.pfb><C:/Program Fi
les (x86)/MiKTeX 2.9/fonts/type1/public/amsfonts/cmextra/cmmib7.pfb><C:/Program
 Files (x86)/MiKTeX 2.9/fonts/type1/public/amsfonts/cmextra/cmmib8.pfb><C:/Prog
ram Files (x86)/MiKTeX 2.9/fonts/type1/public/amsfonts/cmextra/cmmib9.pfb><C:/P
rogram Files (x86)/MiKTeX 2.9/fonts/type1/public/amsfonts/cm/cmr10.pfb><C:/Prog
ram Files (x86)/MiKTeX 2.9/fonts/type1/public/amsfonts/cm/cmr17.pfb><C:/Program
 Files (x86)/MiKTeX 2.9/fonts/type1/public/amsfonts/cm/cmr5.pfb><C:/Program Fil
es (x86)/MiKTeX 2.9/fonts/type1/public/amsfonts/cm/cmr6.pfb><C:/Program Files (
x86)/MiKTeX 2.9/fonts/type1/public/amsfonts/cm/cmr7.pfb><C:/Program Files (x86)
/MiKTeX 2.9/fonts/type1/public/amsfonts/cm/cmr8.pfb><C:/Program Files (x86)/MiK
TeX 2.9/fonts/type1/public/amsfonts/cm/cmr9.pfb><C:/Program Files (x86)/MiKTeX 
2.9/fonts/type1/public/amsfonts/cm/cmss10.pfb><C:/Program Files (x86)/MiKTeX 2.
9/fonts/type1/public/amsfonts/cm/cmss17.pfb><C:/Program Files (x86)/MiKTeX 2.9/
fonts/type1/public/amsfonts/cm/cmss8.pfb><C:/Program Files (x86)/MiKTeX 2.9/fon
ts/type1/public/amsfonts/cm/cmss9.pfb><C:/Program Files (x86)/MiKTeX 2.9/fonts/
type1/public/amsfonts/cm/cmssbx10.pfb><C:/Program Files (x86)/MiKTeX 2.9/fonts/
type1/public/amsfonts/cm/cmsy10.pfb><C:/Program Files (x86)/MiKTeX 2.9/fonts/ty
pe1/public/amsfonts/cm/cmsy5.pfb><C:/Program Files (x86)/MiKTeX 2.9/fonts/type1
/public/amsfonts/cm/cmsy6.pfb><C:/Program Files (x86)/MiKTeX 2.9/fonts/type1/pu
blic/amsfonts/cm/cmsy7.pfb><C:/Program Files (x86)/MiKTeX 2.9/fonts/type1/publi
c/amsfonts/cm/cmsy8.pfb><C:/Program Files (x86)/MiKTeX 2.9/fonts/type1/public/a
msfonts/cm/cmsy9.pfb><C:/Program Files (x86)/MiKTeX 2.9/fonts/type1/public/amsf
onts/cm/cmti10.pfb><C:/Program Files (x86)/MiKTeX 2.9/fonts/type1/public/amsfon
ts/cm/cmti8.pfb><C:/Program Files (x86)/MiKTeX 2.9/fonts/type1/public/amsfonts/
cm/cmti9.pfb><C:/Program Files (x86)/MiKTeX 2.9/fonts/type1/public/amsfonts/cm/
cmtt10.pfb><C:/Program Files (x86)/MiKTeX 2.9/fonts/type1/public/amsfonts/cm/cm
tt8.pfb><C:/Program Files (x86)/MiKTeX 2.9/fonts/type1/public/amsfonts/cm/cmtt9
.pfb><C:/Program Files (x86)/MiKTeX 2.9/fonts/type1/public/amsfonts/symbols/msb
m10.pfb>
Output written on previewBook.pdf (371 pages, 18556308 bytes).
PDF statistics:
 6390 PDF objects out of 7423 (max. 8388607)
 1218 named destinations out of 1440 (max. 500000)
 3117 words of extra memory for PDF output out of 10000 (max. 10000000)

