This is pdfTeX, Version 3.1415926-1.40.11 (MiKTeX 2.9) (preloaded format=pdflatex 2011.4.13)  5 JAN 2012 12:08
entering extended mode
**\input previewCh4.tex
(c:\Work\PWRC\scrbook\previewCh4.tex
("C:\Program Files (x86)\MiKTeX 2.9\tex\latex\base\book.cls"
Document Class: book 2007/10/19 v1.4h Standard LaTeX document class
("C:\Program Files (x86)\MiKTeX 2.9\tex\latex\base\bk10.clo"
File: bk10.clo 2007/10/19 v1.4h Standard LaTeX file (size option)
)
\c@part=\count79
\c@chapter=\count80
\c@section=\count81
\c@subsection=\count82
\c@subsubsection=\count83
\c@paragraph=\count84
\c@subparagraph=\count85
\c@figure=\count86
\c@table=\count87
\abovecaptionskip=\skip41
\belowcaptionskip=\skip42
\bibindent=\dimen102
)
("C:\Program Files (x86)\MiKTeX 2.9\tex\latex\float\float.sty"
Package: float 2001/11/08 v1.3d Float enhancements (AL)
\c@float@type=\count88
\float@exts=\toks14
\float@box=\box26
\@float@everytoks=\toks15
\@floatcapt=\box27
)
("C:\Program Files (x86)\MiKTeX 2.9\tex\latex\ams\math\amsmath.sty"
Package: amsmath 2000/07/18 v2.13 AMS math features
\@mathmargin=\skip43

For additional information on amsmath, use the `?' option.
("C:\Program Files (x86)\MiKTeX 2.9\tex\latex\ams\math\amstext.sty"
Package: amstext 2000/06/29 v2.01

("C:\Program Files (x86)\MiKTeX 2.9\tex\latex\ams\math\amsgen.sty"
File: amsgen.sty 1999/11/30 v2.0
\@emptytoks=\toks16
\ex@=\dimen103
))
("C:\Program Files (x86)\MiKTeX 2.9\tex\latex\ams\math\amsbsy.sty"
Package: amsbsy 1999/11/29 v1.2d
\pmbraise@=\dimen104
)
("C:\Program Files (x86)\MiKTeX 2.9\tex\latex\ams\math\amsopn.sty"
Package: amsopn 1999/12/14 v2.01 operator names
)
\inf@bad=\count89
LaTeX Info: Redefining \frac on input line 211.
\uproot@=\count90
\leftroot@=\count91
LaTeX Info: Redefining \overline on input line 307.
\classnum@=\count92
\DOTSCASE@=\count93
LaTeX Info: Redefining \ldots on input line 379.
LaTeX Info: Redefining \dots on input line 382.
LaTeX Info: Redefining \cdots on input line 467.
\Mathstrutbox@=\box28
\strutbox@=\box29
\big@size=\dimen105
LaTeX Font Info:    Redeclaring font encoding OML on input line 567.
LaTeX Font Info:    Redeclaring font encoding OMS on input line 568.
\macc@depth=\count94
\c@MaxMatrixCols=\count95
\dotsspace@=\muskip10
\c@parentequation=\count96
\dspbrk@lvl=\count97
\tag@help=\toks17
\row@=\count98
\column@=\count99
\maxfields@=\count100
\andhelp@=\toks18
\eqnshift@=\dimen106
\alignsep@=\dimen107
\tagshift@=\dimen108
\tagwidth@=\dimen109
\totwidth@=\dimen110
\lineht@=\dimen111
\@envbody=\toks19
\multlinegap=\skip44
\multlinetaggap=\skip45
\mathdisplay@stack=\toks20
LaTeX Info: Redefining \[ on input line 2666.
LaTeX Info: Redefining \] on input line 2667.
)
("C:\Program Files (x86)\MiKTeX 2.9\tex\latex\amsfonts\amsfonts.sty"
Package: amsfonts 2009/06/22 v3.00 Basic AMSFonts support
\symAMSa=\mathgroup4
\symAMSb=\mathgroup5
LaTeX Font Info:    Overwriting math alphabet `\mathfrak' in version `bold'
(Font)                  U/euf/m/n --> U/euf/b/n on input line 96.
)
("C:\Program Files (x86)\MiKTeX 2.9\tex\latex\graphics\graphicx.sty"
Package: graphicx 1999/02/16 v1.0f Enhanced LaTeX Graphics (DPC,SPQR)

("C:\Program Files (x86)\MiKTeX 2.9\tex\latex\graphics\keyval.sty"
Package: keyval 1999/03/16 v1.13 key=value parser (DPC)
\KV@toks@=\toks21
)
("C:\Program Files (x86)\MiKTeX 2.9\tex\latex\graphics\graphics.sty"
Package: graphics 2009/02/05 v1.0o Standard LaTeX Graphics (DPC,SPQR)

("C:\Program Files (x86)\MiKTeX 2.9\tex\latex\graphics\trig.sty"
Package: trig 1999/03/16 v1.09 sin cos tan (DPC)
)
("C:\Program Files (x86)\MiKTeX 2.9\tex\latex\00miktex\graphics.cfg"
File: graphics.cfg 2007/01/18 v1.5 graphics configuration of teTeX/TeXLive
)
Package graphics Info: Driver file: pdftex.def on input line 91.

("C:\Program Files (x86)\MiKTeX 2.9\tex\latex\pdftex-def\pdftex.def"
File: pdftex.def 2011/01/28 v0.05d Graphics/color for pdfTeX
\Gread@gobject=\count101
))
\Gin@req@height=\dimen112
\Gin@req@width=\dimen113
)
(C:\Users\rchandler\AppData\Roaming\MiKTeX\2.9\tex\latex\lineno\lineno.sty
Package: lineno 2005/11/02 line numbers on paragraphs v4.41
\linenopenalty=\count102
\output=\toks22
\linenoprevgraf=\count103
\linenumbersep=\dimen114
\linenumberwidth=\dimen115
\c@linenumber=\count104
\c@pagewiselinenumber=\count105
\c@LN@truepage=\count106
\c@internallinenumber=\count107
\c@internallinenumbers=\count108
\quotelinenumbersep=\dimen116
\bframerule=\dimen117
\bframesep=\dimen118
\bframebox=\box30
LaTeX Info: Redefining \\ on input line 3056.
)
("C:\Program Files (x86)\MiKTeX 2.9\tex\latex\natbib\natbib.sty"
Package: natbib 2010/09/13 8.31b (PWD, AO)
\bibhang=\skip46
\bibsep=\skip47
LaTeX Info: Redefining \cite on input line 694.
\c@NAT@ctr=\count109
)
("C:\Program Files (x86)\MiKTeX 2.9\tex\latex\hyperref\hyperref.sty"
Package: hyperref 2011/03/09 v6.82d Hypertext links for LaTeX

("C:\Program Files (x86)\MiKTeX 2.9\tex\generic\oberdiek\ltxcmds.sty"
Package: ltxcmds 2010/04/26 v1.7 LaTeX kernel commands for general use (HO)
)
("C:\Program Files (x86)\MiKTeX 2.9\tex\generic\oberdiek\ifpdf.sty"
Package: ifpdf 2010/01/28 v2.1 Provides the ifpdf switch (HO)
Package ifpdf Info: pdfTeX in pdf mode detected.
)
("C:\Program Files (x86)\MiKTeX 2.9\tex\generic\oberdiek\pdftexcmds.sty"
Package: pdftexcmds 2010/04/01 v0.9 Utility functions of pdfTeX for LuaTeX (HO)


("C:\Program Files (x86)\MiKTeX 2.9\tex\generic\oberdiek\infwarerr.sty"
Package: infwarerr 2010/04/08 v1.3 Providing info/warning/message (HO)
)
("C:\Program Files (x86)\MiKTeX 2.9\tex\generic\oberdiek\ifluatex.sty"
Package: ifluatex 2010/03/01 v1.3 Provides the ifluatex switch (HO)
Package ifluatex Info: LuaTeX not detected.
)
Package pdftexcmds Info: LuaTeX not detected.
Package pdftexcmds Info: \pdf@primitive is available.
Package pdftexcmds Info: \pdf@ifprimitive is available.
)
("C:\Program Files (x86)\MiKTeX 2.9\tex\generic\oberdiek\kvsetkeys.sty"
Package: kvsetkeys 2010/03/01 v1.9 Key value parser (HO)

("C:\Program Files (x86)\MiKTeX 2.9\tex\generic\oberdiek\etexcmds.sty"
Package: etexcmds 2010/01/28 v1.3 Prefix for e-TeX command names (HO)
Package etexcmds Info: Could not find \expanded.
(etexcmds)             That can mean that you are not using pdfTeX 1.50 or
(etexcmds)             that some package has redefined \expanded.
(etexcmds)             In the latter case, load this package earlier.
))
("C:\Program Files (x86)\MiKTeX 2.9\tex\generic\oberdiek\pdfescape.sty"
Package: pdfescape 2010/03/01 v1.9 Provides hex, PDF name and string conversion
s (HO)
)
("C:\Program Files (x86)\MiKTeX 2.9\tex\generic\oberdiek\ifvtex.sty"
Package: ifvtex 2010/03/01 v1.5 Switches for detecting VTeX and its modes (HO)
Package ifvtex Info: VTeX not detected.
)
("C:\Program Files (x86)\MiKTeX 2.9\tex\generic\ifxetex\ifxetex.sty"
Package: ifxetex 2010/09/12 v0.6 Provides ifxetex conditional
)
("C:\Program Files (x86)\MiKTeX 2.9\tex\latex\oberdiek\hycolor.sty"
Package: hycolor 2009/12/12 v1.6 Color options of hyperref/bookmark (HO)

("C:\Program Files (x86)\MiKTeX 2.9\tex\latex\oberdiek\xcolor-patch.sty"
Package: xcolor-patch 2009/12/12 xcolor patch
))
("C:\Program Files (x86)\MiKTeX 2.9\tex\latex\oberdiek\letltxmacro.sty"
Package: letltxmacro 2008/06/24 v1.3 Let assignment for LaTeX macros (HO)
)
("C:\Program Files (x86)\MiKTeX 2.9\tex\latex\oberdiek\kvoptions.sty"
Package: kvoptions 2010/02/22 v3.7 Keyval support for LaTeX options (HO)
)
\@linkdim=\dimen119
\Hy@linkcounter=\count110
\Hy@pagecounter=\count111

("C:\Program Files (x86)\MiKTeX 2.9\tex\latex\hyperref\pd1enc.def"
File: pd1enc.def 2011/03/09 v6.82d Hyperref: PDFDocEncoding definition (HO)
)
("C:\Program Files (x86)\MiKTeX 2.9\tex\generic\oberdiek\intcalc.sty"
Package: intcalc 2007/09/27 v1.1 Expandable integer calculations (HO)
)
\Hy@SavedSpaceFactor=\count112

("C:\Program Files (x86)\MiKTeX 2.9\tex\latex\00miktex\hyperref.cfg"
File: hyperref.cfg 2002/06/06 v1.2 hyperref configuration of TeXLive
)
Package hyperref Info: Hyper figures OFF on input line 4025.
Package hyperref Info: Link nesting OFF on input line 4030.
Package hyperref Info: Hyper index ON on input line 4033.
Package hyperref Info: Plain pages OFF on input line 4040.
Package hyperref Info: Backreferencing OFF on input line 4045.
Package hyperref Info: Implicit mode ON; LaTeX internals redefined.
Package hyperref Info: Bookmarks ON on input line 4263.
\c@Hy@tempcnt=\count113

("C:\Program Files (x86)\MiKTeX 2.9\tex\latex\ltxmisc\url.sty"
\Urlmuskip=\muskip11
Package: url 2006/04/12  ver 3.3  Verb mode for urls, etc.
)
LaTeX Info: Redefining \url on input line 4616.

("C:\Program Files (x86)\MiKTeX 2.9\tex\generic\oberdiek\bitset.sty"
Package: bitset 2007/09/28 v1.0 Data type bit set (HO)

("C:\Program Files (x86)\MiKTeX 2.9\tex\generic\oberdiek\bigintcalc.sty"
Package: bigintcalc 2007/11/11 v1.1 Expandable big integer calculations (HO)
))
\Fld@menulength=\count114
\Field@Width=\dimen120
\Fld@charsize=\dimen121
Package hyperref Info: Hyper figures OFF on input line 5700.
Package hyperref Info: Link nesting OFF on input line 5705.
Package hyperref Info: Hyper index ON on input line 5708.
Package hyperref Info: backreferencing OFF on input line 5715.
Package hyperref Info: Link coloring OFF on input line 5720.
Package hyperref Info: Link coloring with OCG OFF on input line 5725.
Package hyperref Info: PDF/A mode OFF on input line 5730.
LaTeX Info: Redefining \ref on input line 5770.
LaTeX Info: Redefining \pageref on input line 5774.

("C:\Program Files (x86)\MiKTeX 2.9\tex\generic\oberdiek\atbegshi.sty"
Package: atbegshi 2010/03/25 v1.12 At begin shipout hook (HO)
)
\Hy@abspage=\count115
\c@Item=\count116
\c@Hfootnote=\count117
)

Package hyperref Message: Driver (autodetected): hpdftex.

("C:\Program Files (x86)\MiKTeX 2.9\tex\latex\hyperref\hpdftex.def"
File: hpdftex.def 2011/03/09 v6.82d Hyperref driver for pdfTeX

("C:\Program Files (x86)\MiKTeX 2.9\tex\latex\oberdiek\atveryend.sty"
Package: atveryend 2010/03/24 v1.5 Hooks at very end of document (HO)
Package atveryend Info: \enddocument detected (standard).
)
\Fld@listcount=\count118
\c@bookmark@seq@number=\count119

("C:\Program Files (x86)\MiKTeX 2.9\tex\latex\oberdiek\rerunfilecheck.sty"
Package: rerunfilecheck 2010/03/16 v1.6 Rerun checks for auxiliary files (HO)

("C:\Program Files (x86)\MiKTeX 2.9\tex\generic\oberdiek\uniquecounter.sty"
Package: uniquecounter 2009/12/18 v1.1 Provides unlimited unique counter (HO)
)
Package uniquecounter Info: New unique counter `rerunfilecheck' on input line 2
71.
)
\Hy@SectionHShift=\skip48
)
("C:\Program Files (x86)\MiKTeX 2.9\tex\latex\tools\verbatim.sty"
Package: verbatim 2003/08/22 v1.5q LaTeX2e package for verbatim enhancements
\every@verbatim=\toks23
\verbatim@line=\toks24
\verbatim@in@stream=\read1
)
("C:\Program Files (x86)\MiKTeX 2.9\tex\latex\soul\soul.sty"
Package: soul 2003/11/17 v2.4 letterspacing/underlining (mf)
\SOUL@word=\toks25
\SOUL@lasttoken=\toks26
\SOUL@cmds=\toks27
\SOUL@buffer=\toks28
\SOUL@token=\toks29
\SOUL@spaceskip=\skip49
\SOUL@ttwidth=\dimen122
\SOUL@uldp=\dimen123
\SOUL@ulht=\dimen124
)
("C:\Program Files (x86)\MiKTeX 2.9\tex\latex\graphics\color.sty"
Package: color 2005/11/14 v1.0j Standard LaTeX Color (DPC)

("C:\Program Files (x86)\MiKTeX 2.9\tex\latex\00miktex\color.cfg"
File: color.cfg 2007/01/18 v1.5 color configuration of teTeX/TeXLive
)
Package color Info: Driver file: pdftex.def on input line 130.
)
\@float@every@algorithm=\toks30
\c@algorithm=\count120
\@float@every@panel=\toks31
\c@panel=\count121

(c:\Work\PWRC\scrbook\previewCh4.aux)
LaTeX Font Info:    Checking defaults for OML/cmm/m/it on input line 31.
LaTeX Font Info:    ... okay on input line 31.
LaTeX Font Info:    Checking defaults for T1/cmr/m/n on input line 31.
LaTeX Font Info:    ... okay on input line 31.
LaTeX Font Info:    Checking defaults for OT1/cmr/m/n on input line 31.
LaTeX Font Info:    ... okay on input line 31.
LaTeX Font Info:    Checking defaults for OMS/cmsy/m/n on input line 31.
LaTeX Font Info:    ... okay on input line 31.
LaTeX Font Info:    Checking defaults for OMX/cmex/m/n on input line 31.
LaTeX Font Info:    ... okay on input line 31.
LaTeX Font Info:    Checking defaults for U/cmr/m/n on input line 31.
LaTeX Font Info:    ... okay on input line 31.
LaTeX Font Info:    Checking defaults for PD1/pdf/m/n on input line 31.
LaTeX Font Info:    ... okay on input line 31.

(C:\Users\rchandler\AppData\Roaming\MiKTeX\2.9\tex\context\base\supp-pdf.mkii
[Loading MPS to PDF converter (version 2006.09.02).]
\scratchcounter=\count122
\scratchdimen=\dimen125
\scratchbox=\box31
\nofMPsegments=\count123
\nofMParguments=\count124
\everyMPshowfont=\toks32
\MPscratchCnt=\count125
\MPscratchDim=\dimen126
\MPnumerator=\count126
\everyMPtoPDFconversion=\toks33
)
\AtBeginShipoutBox=\box32
Package hyperref Info: Link coloring OFF on input line 31.
 ("C:\Program Files (x86)\MiKTeX 2.9\tex\latex\hyperref\nameref.sty"
Package: nameref 2010/04/30 v2.40 Cross-referencing by name of section

("C:\Program Files (x86)\MiKTeX 2.9\tex\latex\oberdiek\refcount.sty"
Package: refcount 2008/08/11 v3.1 Data extraction from references (HO)
)
("C:\Program Files (x86)\MiKTeX 2.9\tex\generic\oberdiek\gettitlestring.sty"
Package: gettitlestring 2009/12/18 v1.3 Cleanup title references (HO)
)
\c@section@level=\count127
)
LaTeX Info: Redefining \ref on input line 31.
LaTeX Info: Redefining \pageref on input line 31.
LaTeX Info: Redefining \nameref on input line 31.

(c:\Work\PWRC\scrbook\previewCh4.out) (c:\Work\PWRC\scrbook\previewCh4.out)
\@outlinefile=\write3

Chapter 1.
[1


{C:/Users/rchandler/AppData/Local/MiKTeX/2.9/pdftex/config/pdftex.map}]
[2

]
Chapter 2.
[3] [4

]
Chapter 3.
(c:\Work\PWRC\scrbook\Ch4/Chapter4.tex [5] [6

]
Chapter 4.
LaTeX Font Info:    Try loading font information for U+msa on input line 52.
("C:\Program Files (x86)\MiKTeX 2.9\tex\latex\amsfonts\umsa.fd"
File: umsa.fd 2009/06/22 v3.00 AMS symbols A
)
LaTeX Font Info:    Try loading font information for U+msb on input line 52.

("C:\Program Files (x86)\MiKTeX 2.9\tex\latex\amsfonts\umsb.fd"
File: umsb.fd 2009/06/22 v3.00 AMS symbols B
)
Underfull \vbox (badness 2261) has occurred while \output is active []

 [7]

Package natbib Warning: Citation `efford:XXXX' on page 8 undefined on input lin
e 105.

[8] [9]
Overfull \hbox (3.86543pt too wide) in paragraph at lines 204--215
\OT1/cmr/m/n/10 like-li-hood (con-di-tional on $\OT1/cmr/bx/n/10 s$\OT1/cmr/m/n
/10 ) to be the prod-uct of $\OML/cmm/m/it/10 J$ \OT1/cmr/m/it/10 in-de-pen-den
t \OT1/cmr/m/n/10 capture-recapture
 []

[10] <Ch4/figs/binomialpoint.png, id=216, 567.11874pt x 566.115pt>
File: Ch4/figs/binomialpoint.png Graphic file (type png)

<use Ch4/figs/binomialpoint.png> [11 <c:/Work/PWRC/scrbook/Ch4/figs/binomialpoi
nt.png (PNG copy)>]
Underfull \vbox (badness 3058) has occurred while \output is active []

 [12]
[13] [14] <Ch4/figs/buffereffect.png, id=247, 725.71124pt x 273.02pt>
File: Ch4/figs/buffereffect.png Graphic file (type png)

<use Ch4/figs/buffereffect.png>
Overfull \hbox (16.34999pt too wide) in paragraph at lines 484--485
 [] 
 []

[15 <c:/Work/PWRC/scrbook/Ch4/figs/buffereffect.png (PNG copy)>]
Overfull \hbox (42.4455pt too wide) in paragraph at lines 553--553
[]\OT1/cmtt/m/n/9 Dmat<-e2dist(traplocs,traplocs) # in cases where speed doesn'
t matter, it might be[] 
 []


Overfull \hbox (37.72055pt too wide) in paragraph at lines 555--555
[]                                \OT1/cmtt/m/n/9 # Plus, people will want to c
opy/paste this stuff[] 
 []

[16]
Overfull \hbox (53.99652pt too wide) in paragraph at lines 605--605
[]\OT1/cmtt/m/n/10 [1] "Y"        "traplocs" "xlim"     "ylim"     "N"        "
alpha0"   "beta"[] 
 []

[17]
Overfull \hbox (84.97pt too wide) in paragraph at lines 656--656
[]\OT1/cmtt/m/n/9 Y2d<- apply(Y,c(1,3),sum) # sum over the ``replicates'' dimen
sion (2nd margin of the array)[] 
 []


Overfull \hbox (28.27066pt too wide) in paragraph at lines 657--657
[]\OT1/cmtt/m/n/9 ncaps<-apply(Y2d,1,sum)   # compute how many times each indiv
idual was captured[] 
 []

[18] [19]
Overfull \hbox (4.64594pt too wide) in paragraph at lines 770--770
[]            \OT1/cmtt/m/n/9 mean     sd    2.5%     25%    50%     75%   97.5
%  Rhat n.eff[] 
 []


Overfull \hbox (4.64594pt too wide) in paragraph at lines 771--771
[]\OT1/cmtt/m/n/9 alpha0    -2.496  0.224  -2.954  -2.648  -2.48  -2.340  -2.09
1 1.013   190[] 
 []


Overfull \hbox (4.64594pt too wide) in paragraph at lines 772--772
[]\OT1/cmtt/m/n/9 theta      2.442  0.419   1.638   2.145   2.44   2.721   3.30
3 1.005   530[] 
 []


Overfull \hbox (4.64594pt too wide) in paragraph at lines 773--773
[]\OT1/cmtt/m/n/9 deviance 292.803 21.155 255.597 277.500 291.90 306.000 339.30
2 1.006   380[] 
 []


Overfull \hbox (4.64594pt too wide) in paragraph at lines 776--776
[]\OT1/cmtt/m/n/9 and Rhat is the potential scale reduction factor (at converge
nce, Rhat=1).[] 
 []


Overfull \hbox (9.37088pt too wide) in paragraph at lines 780--780
[]\OT1/cmtt/m/n/9 DIC is an estimate of expected predictive error (lower devian
ce is better).[] 
 []


Underfull \vbox (badness 3590) has occurred while \output is active []

 [20]
[21] [22]
Overfull \hbox (14.09583pt too wide) in paragraph at lines 943--943
[]\OT1/cmtt/m/n/9 out <- bugs (data, inits, parameters, "SCR0a.txt", n.thin=nth
in,n.chains=nc,[] 
 []


Overfull \hbox (4.64594pt too wide) in paragraph at lines 971--971
[]\OT1/cmtt/m/n/9 and Rhat is the potential scale reduction factor (at converge
nce, Rhat=1).[] 
 []

[23]
Overfull \hbox (9.37088pt too wide) in paragraph at lines 975--975
[]\OT1/cmtt/m/n/9 DIC is an estimate of expected predictive error (lower devian
ce is better).[] 
 []


LaTeX Warning: Reference `chapt.gof' on page 24 undefined on input line 1003.


Overfull \hbox (4.64594pt too wide) in paragraph at lines 1018--1018
[]\OT1/cmtt/m/n/9 and Rhat is the potential scale reduction factor (at converge
nce, Rhat=1).[] 
 []


Overfull \hbox (9.37088pt too wide) in paragraph at lines 1022--1022
[]\OT1/cmtt/m/n/9 DIC is an estimate of expected predictive error (lower devian
ce is better).[] 
 []

[24] <Ch4/figs/wolverinelocs.png, id=322, 484.81125pt x 649.42625pt>
File: Ch4/figs/wolverinelocs.png Graphic file (type png)

<use Ch4/figs/wolverinelocs.png> [25] [26 <c:/Work/PWRC/scrbook/Ch4/figs/wolver
inelocs.png (PNG copy)>] [27] [28]
Overfull \hbox (3.13943pt too wide) in paragraph at lines 1288--1291
\OT1/cmr/m/n/10 The out-put fol-lows (note, we have a pa-ram-e-ter ``sigma'' wh
ich we dis-cuss shortly): 
 []

[29]
Underfull \vbox (badness 10000) has occurred while \output is active []

 [30]
[31] [32] [33] <Ch4/figs/density10x10.png, id=385, 325.215pt x 289.08pt>
File: Ch4/figs/density10x10.png Graphic file (type png)

<use Ch4/figs/density10x10.png>
<Ch4/figs/density30x30.png, id=386, 325.215pt x 289.08pt>
File: Ch4/figs/density30x30.png Graphic file (type png)

<use Ch4/figs/density30x30.png> [34] [35 <c:/Work/PWRC/scrbook/Ch4/figs/density
10x10.png (PNG copy)> <c:/Work/PWRC/scrbook/Ch4/figs/density30x30.png (PNG copy
)>] [36]
Missing character: There is no   in font cmtt10!

Overfull \hbox (38.24666pt too wide) in paragraph at lines 1730--1730
[]\OT1/cmtt/m/n/10 You can use as.mcmc.list() to convert to a coda object. Then
 use summary.[] 
 []

[37]

LaTeX Warning: Reference `scr0.fig.wolvgrids' on page 38 undefined on input lin
e 1754.


Overfull \hbox (4.64594pt too wide) in paragraph at lines 1787--1787
[]\OT1/cmtt/m/n/9 and Rhat is the potential scale reduction factor (at converge
nce, Rhat=1).[] 
 []


Overfull \hbox (4.64594pt too wide) in paragraph at lines 1797--1797
[]\OT1/cmtt/m/n/9 and Rhat is the potential scale reduction factor (at converge
nce, Rhat=1).[] 
 []

[38]
Overfull \hbox (4.64594pt too wide) in paragraph at lines 1807--1807
[]\OT1/cmtt/m/n/9 and Rhat is the potential scale reduction factor (at converge
nce, Rhat=1).[] 
 []


Underfull \vbox (badness 10000) has occurred while \output is active []

 [39]
[40]

LaTeX Warning: Reference `chapt.gof' on page 41 undefined on input line 1951.


LaTeX Warning: Reference `chapt.gof' on page 41 undefined on input line 1960.


Overfull \hbox (4.11172pt too wide) in paragraph at lines 1956--1963
\OT1/cmr/m/n/10 things we nor-mally do with spa-tial point pro-cesses such as c
om-pute ``K-functions''
 []

[41]

LaTeX Warning: Reference `chapt.covariates' on page 42 undefined on input line 
1996.


LaTeX Warning: Reference `chapt.open' on page 42 undefined on input line 1998.


LaTeX Warning: Reference `chapt.gof' on page 42 undefined on input line 1999.

) [42]
Chapter 5.
[43

] [44

]
Chapter 6.
[45] [46

]
Chapter 7.
(c:\Work\PWRC\scrbook\previewCh4.bbl [47] [48

] [49])

Package natbib Warning: There were undefined citations.

Package atveryend Info: Empty hook `BeforeClearDocument' on input line 58.
[50]
Package atveryend Info: Empty hook `AfterLastShipout' on input line 58.
 (c:\Work\PWRC\scrbook\previewCh4.aux)
Package atveryend Info: Executing hook `AtVeryEndDocument' on input line 58.
Package rerunfilecheck Info: File `previewCh4.out' has not changed.
(rerunfilecheck)             Checksum: D4A7695E10B35E0DDF45914E8C2F3428;2504.


LaTeX Warning: There were undefined references.

 ) 
Here is how much of TeX's memory you used:
 6556 strings out of 494053
 95605 string characters out of 3146173
 195033 words of memory out of 3000000
 9595 multiletter control sequences out of 15000+200000
 14355 words of font info for 54 fonts, out of 3000000 for 9000
 715 hyphenation exceptions out of 8191
 31i,8n,28p,448b,503s stack positions out of 5000i,500n,10000p,200000b,50000s
<C:/Program Files (x86)/MiKTeX 2.9/fonts/type1/public/amsfonts/cm/cmbx10.pfb>
<C:/Program Files (x86)/MiKTeX 2.9/fonts/type1/public/amsfonts/cm/cmbx12.pfb><C
:/Program Files (x86)/MiKTeX 2.9/fonts/type1/public/amsfonts/cm/cmex10.pfb><C:/
Program Files (x86)/MiKTeX 2.9/fonts/type1/public/amsfonts/cm/cmmi10.pfb><C:/Pr
ogram Files (x86)/MiKTeX 2.9/fonts/type1/public/amsfonts/cm/cmmi5.pfb><C:/Progr
am Files (x86)/MiKTeX 2.9/fonts/type1/public/amsfonts/cm/cmmi7.pfb><C:/Program 
Files (x86)/MiKTeX 2.9/fonts/type1/public/amsfonts/cm/cmr10.pfb><C:/Program Fil
es (x86)/MiKTeX 2.9/fonts/type1/public/amsfonts/cm/cmr6.pfb><C:/Program Files (
x86)/MiKTeX 2.9/fonts/type1/public/amsfonts/cm/cmr7.pfb><C:/Program Files (x86)
/MiKTeX 2.9/fonts/type1/public/amsfonts/cm/cmr8.pfb><C:/Program Files (x86)/MiK
TeX 2.9/fonts/type1/public/amsfonts/cm/cmsl10.pfb><C:/Program Files (x86)/MiKTe
X 2.9/fonts/type1/public/amsfonts/cm/cmss8.pfb><C:/Program Files (x86)/MiKTeX 2
.9/fonts/type1/public/amsfonts/cm/cmsy10.pfb><C:/Program Files (x86)/MiKTeX 2.9
/fonts/type1/public/amsfonts/cm/cmsy7.pfb><C:/Program Files (x86)/MiKTeX 2.9/fo
nts/type1/public/amsfonts/cm/cmti10.pfb><C:/Program Files (x86)/MiKTeX 2.9/font
s/type1/public/amsfonts/cm/cmtt10.pfb><C:/Program Files (x86)/MiKTeX 2.9/fonts/
type1/public/amsfonts/cm/cmtt9.pfb>
Output written on previewCh4.pdf (50 pages, 646043 bytes).
PDF statistics:
 595 PDF objects out of 1000 (max. 8388607)
 123 named destinations out of 1000 (max. 500000)
 282 words of extra memory for PDF output out of 10000 (max. 10000000)

