This is pdfTeX, Version 3.1415926-1.40.11 (MiKTeX 2.9) (preloaded format=pdflatex 2011.4.13)  5 JAN 2012 12:56
entering extended mode
**\input previewCh2.tex
(c:\Work\PWRC\scrbook\previewCh2.tex
("C:\Program Files (x86)\MiKTeX 2.9\tex\latex\base\book.cls"
Document Class: book 2007/10/19 v1.4h Standard LaTeX document class
("C:\Program Files (x86)\MiKTeX 2.9\tex\latex\base\bk10.clo"
File: bk10.clo 2007/10/19 v1.4h Standard LaTeX file (size option)
)
\c@part=\count79
\c@chapter=\count80
\c@section=\count81
\c@subsection=\count82
\c@subsubsection=\count83
\c@paragraph=\count84
\c@subparagraph=\count85
\c@figure=\count86
\c@table=\count87
\abovecaptionskip=\skip41
\belowcaptionskip=\skip42
\bibindent=\dimen102
)
("C:\Program Files (x86)\MiKTeX 2.9\tex\latex\float\float.sty"
Package: float 2001/11/08 v1.3d Float enhancements (AL)
\c@float@type=\count88
\float@exts=\toks14
\float@box=\box26
\@float@everytoks=\toks15
\@floatcapt=\box27
)
("C:\Program Files (x86)\MiKTeX 2.9\tex\latex\ams\math\amsmath.sty"
Package: amsmath 2000/07/18 v2.13 AMS math features
\@mathmargin=\skip43

For additional information on amsmath, use the `?' option.
("C:\Program Files (x86)\MiKTeX 2.9\tex\latex\ams\math\amstext.sty"
Package: amstext 2000/06/29 v2.01

("C:\Program Files (x86)\MiKTeX 2.9\tex\latex\ams\math\amsgen.sty"
File: amsgen.sty 1999/11/30 v2.0
\@emptytoks=\toks16
\ex@=\dimen103
))
("C:\Program Files (x86)\MiKTeX 2.9\tex\latex\ams\math\amsbsy.sty"
Package: amsbsy 1999/11/29 v1.2d
\pmbraise@=\dimen104
)
("C:\Program Files (x86)\MiKTeX 2.9\tex\latex\ams\math\amsopn.sty"
Package: amsopn 1999/12/14 v2.01 operator names
)
\inf@bad=\count89
LaTeX Info: Redefining \frac on input line 211.
\uproot@=\count90
\leftroot@=\count91
LaTeX Info: Redefining \overline on input line 307.
\classnum@=\count92
\DOTSCASE@=\count93
LaTeX Info: Redefining \ldots on input line 379.
LaTeX Info: Redefining \dots on input line 382.
LaTeX Info: Redefining \cdots on input line 467.
\Mathstrutbox@=\box28
\strutbox@=\box29
\big@size=\dimen105
LaTeX Font Info:    Redeclaring font encoding OML on input line 567.
LaTeX Font Info:    Redeclaring font encoding OMS on input line 568.
\macc@depth=\count94
\c@MaxMatrixCols=\count95
\dotsspace@=\muskip10
\c@parentequation=\count96
\dspbrk@lvl=\count97
\tag@help=\toks17
\row@=\count98
\column@=\count99
\maxfields@=\count100
\andhelp@=\toks18
\eqnshift@=\dimen106
\alignsep@=\dimen107
\tagshift@=\dimen108
\tagwidth@=\dimen109
\totwidth@=\dimen110
\lineht@=\dimen111
\@envbody=\toks19
\multlinegap=\skip44
\multlinetaggap=\skip45
\mathdisplay@stack=\toks20
LaTeX Info: Redefining \[ on input line 2666.
LaTeX Info: Redefining \] on input line 2667.
)
("C:\Program Files (x86)\MiKTeX 2.9\tex\latex\amsfonts\amsfonts.sty"
Package: amsfonts 2009/06/22 v3.00 Basic AMSFonts support
\symAMSa=\mathgroup4
\symAMSb=\mathgroup5
LaTeX Font Info:    Overwriting math alphabet `\mathfrak' in version `bold'
(Font)                  U/euf/m/n --> U/euf/b/n on input line 96.
)
("C:\Program Files (x86)\MiKTeX 2.9\tex\latex\graphics\graphicx.sty"
Package: graphicx 1999/02/16 v1.0f Enhanced LaTeX Graphics (DPC,SPQR)

("C:\Program Files (x86)\MiKTeX 2.9\tex\latex\graphics\keyval.sty"
Package: keyval 1999/03/16 v1.13 key=value parser (DPC)
\KV@toks@=\toks21
)
("C:\Program Files (x86)\MiKTeX 2.9\tex\latex\graphics\graphics.sty"
Package: graphics 2009/02/05 v1.0o Standard LaTeX Graphics (DPC,SPQR)

("C:\Program Files (x86)\MiKTeX 2.9\tex\latex\graphics\trig.sty"
Package: trig 1999/03/16 v1.09 sin cos tan (DPC)
)
("C:\Program Files (x86)\MiKTeX 2.9\tex\latex\00miktex\graphics.cfg"
File: graphics.cfg 2007/01/18 v1.5 graphics configuration of teTeX/TeXLive
)
Package graphics Info: Driver file: pdftex.def on input line 91.

("C:\Program Files (x86)\MiKTeX 2.9\tex\latex\pdftex-def\pdftex.def"
File: pdftex.def 2011/01/28 v0.05d Graphics/color for pdfTeX
\Gread@gobject=\count101
))
\Gin@req@height=\dimen112
\Gin@req@width=\dimen113
)
(C:\Users\rchandler\AppData\Roaming\MiKTeX\2.9\tex\latex\lineno\lineno.sty
Package: lineno 2005/11/02 line numbers on paragraphs v4.41
\linenopenalty=\count102
\output=\toks22
\linenoprevgraf=\count103
\linenumbersep=\dimen114
\linenumberwidth=\dimen115
\c@linenumber=\count104
\c@pagewiselinenumber=\count105
\c@LN@truepage=\count106
\c@internallinenumber=\count107
\c@internallinenumbers=\count108
\quotelinenumbersep=\dimen116
\bframerule=\dimen117
\bframesep=\dimen118
\bframebox=\box30
LaTeX Info: Redefining \\ on input line 3056.
)
("C:\Program Files (x86)\MiKTeX 2.9\tex\latex\natbib\natbib.sty"
Package: natbib 2010/09/13 8.31b (PWD, AO)
\bibhang=\skip46
\bibsep=\skip47
LaTeX Info: Redefining \cite on input line 694.
\c@NAT@ctr=\count109
)
("C:\Program Files (x86)\MiKTeX 2.9\tex\latex\hyperref\hyperref.sty"
Package: hyperref 2011/03/09 v6.82d Hypertext links for LaTeX

("C:\Program Files (x86)\MiKTeX 2.9\tex\generic\oberdiek\ltxcmds.sty"
Package: ltxcmds 2010/04/26 v1.7 LaTeX kernel commands for general use (HO)
)
("C:\Program Files (x86)\MiKTeX 2.9\tex\generic\oberdiek\ifpdf.sty"
Package: ifpdf 2010/01/28 v2.1 Provides the ifpdf switch (HO)
Package ifpdf Info: pdfTeX in pdf mode detected.
)
("C:\Program Files (x86)\MiKTeX 2.9\tex\generic\oberdiek\pdftexcmds.sty"
Package: pdftexcmds 2010/04/01 v0.9 Utility functions of pdfTeX for LuaTeX (HO)


("C:\Program Files (x86)\MiKTeX 2.9\tex\generic\oberdiek\infwarerr.sty"
Package: infwarerr 2010/04/08 v1.3 Providing info/warning/message (HO)
)
("C:\Program Files (x86)\MiKTeX 2.9\tex\generic\oberdiek\ifluatex.sty"
Package: ifluatex 2010/03/01 v1.3 Provides the ifluatex switch (HO)
Package ifluatex Info: LuaTeX not detected.
)
Package pdftexcmds Info: LuaTeX not detected.
Package pdftexcmds Info: \pdf@primitive is available.
Package pdftexcmds Info: \pdf@ifprimitive is available.
)
("C:\Program Files (x86)\MiKTeX 2.9\tex\generic\oberdiek\kvsetkeys.sty"
Package: kvsetkeys 2010/03/01 v1.9 Key value parser (HO)

("C:\Program Files (x86)\MiKTeX 2.9\tex\generic\oberdiek\etexcmds.sty"
Package: etexcmds 2010/01/28 v1.3 Prefix for e-TeX command names (HO)
Package etexcmds Info: Could not find \expanded.
(etexcmds)             That can mean that you are not using pdfTeX 1.50 or
(etexcmds)             that some package has redefined \expanded.
(etexcmds)             In the latter case, load this package earlier.
))
("C:\Program Files (x86)\MiKTeX 2.9\tex\generic\oberdiek\pdfescape.sty"
Package: pdfescape 2010/03/01 v1.9 Provides hex, PDF name and string conversion
s (HO)
)
("C:\Program Files (x86)\MiKTeX 2.9\tex\generic\oberdiek\ifvtex.sty"
Package: ifvtex 2010/03/01 v1.5 Switches for detecting VTeX and its modes (HO)
Package ifvtex Info: VTeX not detected.
)
("C:\Program Files (x86)\MiKTeX 2.9\tex\generic\ifxetex\ifxetex.sty"
Package: ifxetex 2010/09/12 v0.6 Provides ifxetex conditional
)
("C:\Program Files (x86)\MiKTeX 2.9\tex\latex\oberdiek\hycolor.sty"
Package: hycolor 2009/12/12 v1.6 Color options of hyperref/bookmark (HO)

("C:\Program Files (x86)\MiKTeX 2.9\tex\latex\oberdiek\xcolor-patch.sty"
Package: xcolor-patch 2009/12/12 xcolor patch
))
("C:\Program Files (x86)\MiKTeX 2.9\tex\latex\oberdiek\letltxmacro.sty"
Package: letltxmacro 2008/06/24 v1.3 Let assignment for LaTeX macros (HO)
)
("C:\Program Files (x86)\MiKTeX 2.9\tex\latex\oberdiek\kvoptions.sty"
Package: kvoptions 2010/02/22 v3.7 Keyval support for LaTeX options (HO)
)
\@linkdim=\dimen119
\Hy@linkcounter=\count110
\Hy@pagecounter=\count111

("C:\Program Files (x86)\MiKTeX 2.9\tex\latex\hyperref\pd1enc.def"
File: pd1enc.def 2011/03/09 v6.82d Hyperref: PDFDocEncoding definition (HO)
)
("C:\Program Files (x86)\MiKTeX 2.9\tex\generic\oberdiek\intcalc.sty"
Package: intcalc 2007/09/27 v1.1 Expandable integer calculations (HO)
)
\Hy@SavedSpaceFactor=\count112

("C:\Program Files (x86)\MiKTeX 2.9\tex\latex\00miktex\hyperref.cfg"
File: hyperref.cfg 2002/06/06 v1.2 hyperref configuration of TeXLive
)
Package hyperref Info: Hyper figures OFF on input line 4025.
Package hyperref Info: Link nesting OFF on input line 4030.
Package hyperref Info: Hyper index ON on input line 4033.
Package hyperref Info: Plain pages OFF on input line 4040.
Package hyperref Info: Backreferencing OFF on input line 4045.
Package hyperref Info: Implicit mode ON; LaTeX internals redefined.
Package hyperref Info: Bookmarks ON on input line 4263.
\c@Hy@tempcnt=\count113

("C:\Program Files (x86)\MiKTeX 2.9\tex\latex\ltxmisc\url.sty"
\Urlmuskip=\muskip11
Package: url 2006/04/12  ver 3.3  Verb mode for urls, etc.
)
LaTeX Info: Redefining \url on input line 4616.

("C:\Program Files (x86)\MiKTeX 2.9\tex\generic\oberdiek\bitset.sty"
Package: bitset 2007/09/28 v1.0 Data type bit set (HO)

("C:\Program Files (x86)\MiKTeX 2.9\tex\generic\oberdiek\bigintcalc.sty"
Package: bigintcalc 2007/11/11 v1.1 Expandable big integer calculations (HO)
))
\Fld@menulength=\count114
\Field@Width=\dimen120
\Fld@charsize=\dimen121
Package hyperref Info: Hyper figures OFF on input line 5700.
Package hyperref Info: Link nesting OFF on input line 5705.
Package hyperref Info: Hyper index ON on input line 5708.
Package hyperref Info: backreferencing OFF on input line 5715.
Package hyperref Info: Link coloring OFF on input line 5720.
Package hyperref Info: Link coloring with OCG OFF on input line 5725.
Package hyperref Info: PDF/A mode OFF on input line 5730.
LaTeX Info: Redefining \ref on input line 5770.
LaTeX Info: Redefining \pageref on input line 5774.

("C:\Program Files (x86)\MiKTeX 2.9\tex\generic\oberdiek\atbegshi.sty"
Package: atbegshi 2010/03/25 v1.12 At begin shipout hook (HO)
)
\Hy@abspage=\count115
\c@Item=\count116
\c@Hfootnote=\count117
)

Package hyperref Message: Driver (autodetected): hpdftex.

("C:\Program Files (x86)\MiKTeX 2.9\tex\latex\hyperref\hpdftex.def"
File: hpdftex.def 2011/03/09 v6.82d Hyperref driver for pdfTeX

("C:\Program Files (x86)\MiKTeX 2.9\tex\latex\oberdiek\atveryend.sty"
Package: atveryend 2010/03/24 v1.5 Hooks at very end of document (HO)
Package atveryend Info: \enddocument detected (standard).
)
\Fld@listcount=\count118
\c@bookmark@seq@number=\count119

("C:\Program Files (x86)\MiKTeX 2.9\tex\latex\oberdiek\rerunfilecheck.sty"
Package: rerunfilecheck 2010/03/16 v1.6 Rerun checks for auxiliary files (HO)

("C:\Program Files (x86)\MiKTeX 2.9\tex\generic\oberdiek\uniquecounter.sty"
Package: uniquecounter 2009/12/18 v1.1 Provides unlimited unique counter (HO)
)
Package uniquecounter Info: New unique counter `rerunfilecheck' on input line 2
71.
)
\Hy@SectionHShift=\skip48
)
("C:\Program Files (x86)\MiKTeX 2.9\tex\latex\tools\verbatim.sty"
Package: verbatim 2003/08/22 v1.5q LaTeX2e package for verbatim enhancements
\every@verbatim=\toks23
\verbatim@line=\toks24
\verbatim@in@stream=\read1
)
("C:\Program Files (x86)\MiKTeX 2.9\tex\latex\soul\soul.sty"
Package: soul 2003/11/17 v2.4 letterspacing/underlining (mf)
\SOUL@word=\toks25
\SOUL@lasttoken=\toks26
\SOUL@cmds=\toks27
\SOUL@buffer=\toks28
\SOUL@token=\toks29
\SOUL@spaceskip=\skip49
\SOUL@ttwidth=\dimen122
\SOUL@uldp=\dimen123
\SOUL@ulht=\dimen124
)
("C:\Program Files (x86)\MiKTeX 2.9\tex\latex\graphics\color.sty"
Package: color 2005/11/14 v1.0j Standard LaTeX Color (DPC)

("C:\Program Files (x86)\MiKTeX 2.9\tex\latex\00miktex\color.cfg"
File: color.cfg 2007/01/18 v1.5 color configuration of teTeX/TeXLive
)
Package color Info: Driver file: pdftex.def on input line 130.
)
\@float@every@algorithm=\toks30
\c@algorithm=\count120
\@float@every@panel=\toks31
\c@panel=\count121

(c:\Work\PWRC\scrbook\previewCh2.aux

LaTeX Warning: Label `chapt.closed' multiply defined.


LaTeX Warning: Label `chapt.mle' multiply defined.


LaTeX Warning: Label `chapt.closed' multiply defined.


LaTeX Warning: Label `ch9:tab:simIPP' multiply defined.

)
LaTeX Font Info:    Checking defaults for OML/cmm/m/it on input line 31.
LaTeX Font Info:    ... okay on input line 31.
LaTeX Font Info:    Checking defaults for T1/cmr/m/n on input line 31.
LaTeX Font Info:    ... okay on input line 31.
LaTeX Font Info:    Checking defaults for OT1/cmr/m/n on input line 31.
LaTeX Font Info:    ... okay on input line 31.
LaTeX Font Info:    Checking defaults for OMS/cmsy/m/n on input line 31.
LaTeX Font Info:    ... okay on input line 31.
LaTeX Font Info:    Checking defaults for OMX/cmex/m/n on input line 31.
LaTeX Font Info:    ... okay on input line 31.
LaTeX Font Info:    Checking defaults for U/cmr/m/n on input line 31.
LaTeX Font Info:    ... okay on input line 31.
LaTeX Font Info:    Checking defaults for PD1/pdf/m/n on input line 31.
LaTeX Font Info:    ... okay on input line 31.
 (C:\Users\rchandler\AppData\Roaming\MiKTeX\2.9\tex\context\base\supp-pdf.mkii
[Loading MPS to PDF converter (version 2006.09.02).]
\scratchcounter=\count122
\scratchdimen=\dimen125
\scratchbox=\box31
\nofMPsegments=\count123
\nofMParguments=\count124
\everyMPshowfont=\toks32
\MPscratchCnt=\count125
\MPscratchDim=\dimen126
\MPnumerator=\count126
\everyMPtoPDFconversion=\toks33
)
\AtBeginShipoutBox=\box32
Package hyperref Info: Link coloring OFF on input line 31.
 ("C:\Program Files (x86)\MiKTeX 2.9\tex\latex\hyperref\nameref.sty"
Package: nameref 2010/04/30 v2.40 Cross-referencing by name of section

("C:\Program Files (x86)\MiKTeX 2.9\tex\latex\oberdiek\refcount.sty"
Package: refcount 2008/08/11 v3.1 Data extraction from references (HO)
)
("C:\Program Files (x86)\MiKTeX 2.9\tex\generic\oberdiek\gettitlestring.sty"
Package: gettitlestring 2009/12/18 v1.3 Cleanup title references (HO)
)
\c@section@level=\count127
)
LaTeX Info: Redefining \ref on input line 31.
LaTeX Info: Redefining \pageref on input line 31.
LaTeX Info: Redefining \nameref on input line 31.

(c:\Work\PWRC\scrbook\previewCh2.out) (c:\Work\PWRC\scrbook\previewCh2.out)
\@outlinefile=\write3

Chapter 1.
(c:\Work\PWRC\scrbook\Ch2/Ch2.tex [1


{C:/Users/rchandler/AppData/Local/MiKTeX/2.9/pdftex/config/pdftex.map}] [2

]
Chapter 2.
[3]
LaTeX Font Info:    Try loading font information for U+msa on input line 79.
 ("C:\Program Files (x86)\MiKTeX 2.9\tex\latex\amsfonts\umsa.fd"
File: umsa.fd 2009/06/22 v3.00 AMS symbols A
)
LaTeX Font Info:    Try loading font information for U+msb on input line 79.

("C:\Program Files (x86)\MiKTeX 2.9\tex\latex\amsfonts\umsb.fd"
File: umsb.fd 2009/06/22 v3.00 AMS symbols B
) [4]

Package amsfonts Warning: Obsolete command \bold; \mathbf should be used instea
d on input line 160.

[5]
Overfull \hbox (0.13028pt too wide) in paragraph at lines 233--252
\OT1/cmr/m/n/10 bil-ity di-rectly to char-ac-ter-ize un-cer-tainty about things
 we don't know. ``Things'',
 []

[6] [7] [8] [9] [10] [11]
Overfull \hbox (34.4696pt too wide) in paragraph at lines 575--575
[]\OT1/cmr/bx/n/14.4 Characterizing pos-te-rior dis-tri-bu-tions by MCMC
 []

[12] [13] [14] [15] [16] [17] [18] [19] [20]
Overfull \hbox (4.64594pt too wide) in paragraph at lines 1126--1126
[]\OT1/cmtt/m/n/9 and Rhat is the potential scale reduction factor (at converge
nce, Rhat=1).[] 
 []


Underfull \vbox (badness 2119) has occurred while \output is active []

 [21]
[22] [23] [24] [25] [26] <Ch2/figs/PA1.png, id=843, 442.65375pt x 316.18124pt>
File: Ch2/figs/PA1.png Graphic file (type png)

<use Ch2/figs/PA1.png> <Ch2/figs/PA2.png, id=845, 442.65375pt x 360.34625pt>
File: Ch2/figs/PA2.png Graphic file (type png)

<use Ch2/figs/PA2.png> [27 <c:/Work/PWRC/scrbook/Ch2/figs/PA1.png (PNG copy)>]
Overfull \hbox (4.64594pt too wide) in paragraph at lines 1522--1522
[]\OT1/cmtt/m/n/9 out<-bugs (data, inits, parameters, "PoissonGLM.txt", n.thin=
2,n.chains=2,[] 
 []

[28 <c:/Work/PWRC/scrbook/Ch2/figs/PA2.png (PNG copy)>]
Overfull \hbox (37.72055pt too wide) in paragraph at lines 1538--1538
[]             \OT1/cmtt/m/n/9 mean     sd     2.5%      25%      50%      75% 
   97.5%  Rhat n.eff[] 
 []


Overfull \hbox (37.72055pt too wide) in paragraph at lines 1539--1539
[]\OT1/cmtt/m/n/9 beta0       3.151  0.025    3.102    3.135    3.151    3.168 
   3.199 1.001  2300[] 
 []


Overfull \hbox (37.72055pt too wide) in paragraph at lines 1540--1540
[]\OT1/cmtt/m/n/9 beta1      -0.498  0.021   -0.539   -0.512   -0.498   -0.484 
  -0.457 1.001  3000[] 
 []


Overfull \hbox (37.72055pt too wide) in paragraph at lines 1541--1541
[]\OT1/cmtt/m/n/9 fit       869.930 19.856  835.500  855.700  868.600  881.900 
 913.602 1.002  1600[] 
 []


Overfull \hbox (37.72055pt too wide) in paragraph at lines 1542--1542
[]\OT1/cmtt/m/n/9 fitnew     76.709 12.519   54.098   68.107   76.215   84.510 
 102.602 1.001  3000[] 
 []


Overfull \hbox (37.72055pt too wide) in paragraph at lines 1543--1543
[]\OT1/cmtt/m/n/9 deviance 1116.605  2.014 1115.000 1115.000 1116.000 1117.000 
1122.000 1.001  3000[] 
 []

[29] [30] <Ch2/figs/poissonmcmc.png, id=866, 289.08pt x 216.81pt>
File: Ch2/figs/poissonmcmc.png Graphic file (type png)

<use Ch2/figs/poissonmcmc.png> [31 <c:/Work/PWRC/scrbook/Ch2/figs/poissonmcmc.p
ng (PNG copy)>] <Ch2/figs/poissonmcmc2.png, id=877, 289.08pt x 216.81pt>
File: Ch2/figs/poissonmcmc2.png Graphic file (type png)

<use Ch2/figs/poissonmcmc2.png>
<Ch2/figs/poissonmcmc3.png, id=878, 289.08pt x 361.35pt>
File: Ch2/figs/poissonmcmc3.png Graphic file (type png)

<use Ch2/figs/poissonmcmc3.png>
Overfull \hbox (16.36674pt too wide) in paragraph at lines 1720--1721
 [] 
 []

[32 <c:/Work/PWRC/scrbook/Ch2/figs/poissonmcmc2.png (PNG copy)>] [33 <c:/Work/P
WRC/scrbook/Ch2/figs/poissonmcmc3.png (PNG copy)>] [34] [35] [36] [37]
Overfull \hbox (70.79517pt too wide) in paragraph at lines 1995--1995
[]       \OT1/cmtt/m/n/9 logit(p[i,t]) <- alpha0[t] + alpha1*X[i,1] + alpha2*X[
i,2] + alpha3*X[i,1]*X[i,2][] 
 []


Overfull \hbox (37.72055pt too wide) in paragraph at lines 2026--2026
[]              \OT1/cmtt/m/n/9 mean    sd     2.5%      25%      50%      75% 
   97.5%  Rhat n.eff[] 
 []


Overfull \hbox (37.72055pt too wide) in paragraph at lines 2027--2027
[]\OT1/cmtt/m/n/9 alpha0[1]   -2.346 0.036   -2.417   -2.370   -2.346   -2.323 
  -2.277 1.001  1500[] 
 []


Overfull \hbox (37.72055pt too wide) in paragraph at lines 2028--2028
[]\OT1/cmtt/m/n/9 alpha0[2]   -2.356 0.032   -2.420   -2.379   -2.356   -2.335 
  -2.292 1.001  1500[] 
 []


Overfull \hbox (37.72055pt too wide) in paragraph at lines 2029--2029
[]\OT1/cmtt/m/n/9 alpha0[3]   -2.220 0.035   -2.291   -2.244   -2.219   -2.197 
  -2.153 1.001  1500[] 
 []


Overfull \hbox (37.72055pt too wide) in paragraph at lines 2030--2030
[]\OT1/cmtt/m/n/9 alpha0[4]   -2.144 0.039   -2.225   -2.169   -2.143   -2.116 
  -2.068 1.000  1500[] 
 []


Overfull \hbox (37.72055pt too wide) in paragraph at lines 2031--2031
[]\OT1/cmtt/m/n/9 alpha0[5]   -1.925 0.034   -1.990   -1.949   -1.924   -1.901 
  -1.856 1.004   570[] 
 []


Overfull \hbox (37.72055pt too wide) in paragraph at lines 2032--2032
[]\OT1/cmtt/m/n/9 alpha1      -0.023 0.003   -0.028   -0.025   -0.023   -0.022 
  -0.018 1.001  1500[] 
 []


Overfull \hbox (37.72055pt too wide) in paragraph at lines 2033--2033
[]\OT1/cmtt/m/n/9 alpha2       0.020 0.006    0.009    0.016    0.020    0.024 
   0.031 1.001  1500[] 
 []


Overfull \hbox (37.72055pt too wide) in paragraph at lines 2034--2034
[]\OT1/cmtt/m/n/9 alpha3       0.000 0.001   -0.002   -0.001    0.000    0.000 
   0.002 1.001  1500[] 
 []


Overfull \hbox (37.72055pt too wide) in paragraph at lines 2035--2035
[]\OT1/cmtt/m/n/9 deviance  1716.001 4.091 1710.000 1713.000 1715.000 1718.000 
1726.000 1.001  1500[] 
 []

[38] <Ch2/figs/responsesurface.png, id=966, 556.0775pt x 326.21875pt>
File: Ch2/figs/responsesurface.png Graphic file (type png)

<use Ch2/figs/responsesurface.png> [39 <c:/Work/PWRC/scrbook/Ch2/figs/responses
urface.png (PNG copy)>]) [40]
Chapter 3.
(c:\Work\PWRC\scrbook\Ch3/Ch3.tex [41

] [42

]
Chapter 4.

Underfull \vbox (badness 1552) has occurred while \output is active []

 [43]
Overfull \hbox (19.02956pt too wide) in paragraph at lines 56--56
[]\OT1/cmr/bx/n/14.4 The Sim-plest Closed Pop-u-la-tion Model: Model
 []

[44] [45] [46] [47] [48]
Overfull \hbox (4.334pt too wide) in paragraph at lines 363--394
 [][] 
 []


Package hyperref Warning: Token not allowed in a PDF string (PDFDocEncoding):
(hyperref)                removing `math shift' on input line 397.


Package hyperref Warning: Token not allowed in a PDF string (PDFDocEncoding):
(hyperref)                removing `subscript' on input line 397.


Package hyperref Warning: Token not allowed in a PDF string (PDFDocEncoding):
(hyperref)                removing `math shift' on input line 397.

[49] [50] [51] [52] <Ch3/figs/hairsnares.png, id=1137, 393.47pt x 443.6575pt>
File: Ch3/figs/hairsnares.png Graphic file (type png)

<use Ch3/figs/hairsnares.png> [53 <c:/Work/PWRC/scrbook/Ch3/figs/hairsnares.png
 (PNG copy)>] [54] [55]
<Ch3/figs/bufferedCH.png, id=1170, 252.945pt x 252.945pt>
File: Ch3/figs/bufferedCH.png Graphic file (type png)

<use Ch3/figs/bufferedCH.png> [56 <c:/Work/PWRC/scrbook/Ch3/figs/bufferedCH.png
 (PNG copy)>] [57] [58]
<Ch3/figs/quadrat.png, id=1245, 493.845pt x 491.8375pt>
File: Ch3/figs/quadrat.png Graphic file (type png)

<use Ch3/figs/quadrat.png> [59 <c:/Work/PWRC/scrbook/Ch3/figs/quadrat.png (PNG 
copy)>] [60]
Overfull \hbox (25.44867pt too wide) in paragraph at lines 991--999
\OT1/cmr/bx/n/10 PSSI-BLY NOT EVEN IDEN-TI-FI-ABLE FOR LOGIT-NORMAL MODEL.
 []

[61] <Ch3/figs/bear-modelMh-post.png, id=1293, 361.35pt x 361.35pt>
File: Ch3/figs/bear-modelMh-post.png Graphic file (type png)

<use Ch3/figs/bear-modelMh-post.png>
Underfull \vbox (badness 10000) has occurred while \output is active []

 [62]
[63 <c:/Work/PWRC/scrbook/Ch3/figs/bear-modelMh-post.png (PNG copy)>] [64]
[65] [66]
Overfull \hbox (74.07031pt too wide) has occurred while \output is active
\OT1/cmr/m/sl/10 4.5.  INDIVIDUAL COVARIATE MODELS: TOWARD SPATIAL CAPTURE-RECA
PTURE \OT1/cmr/m/n/10 67
 []

[67] [68]
Overfull \hbox (74.07031pt too wide) has occurred while \output is active
\OT1/cmr/m/sl/10 4.5.  INDIVIDUAL COVARIATE MODELS: TOWARD SPATIAL CAPTURE-RECA
PTURE \OT1/cmr/m/n/10 69
 []

[69]
Overfull \hbox (17.24684pt too wide) in paragraph at lines 1459--1459
[]\OT1/cmtt/m/n/10 inits =  function() {list(z=z, psi=psi, p0=runif(1),beta=rno
rm(1) ) }[] 
 []


Overfull \hbox (116.99597pt too wide) in paragraph at lines 1460--1460
[]\OT1/cmtt/m/n/10 fit2 = bugs(data2, inits, params2, model.file="modelMcov.txt
",working.directory=getwd(),[] 
 []


LaTeX Warning: Reference `tab.maxD' on page 70 undefined on input line 1464.

[70] <Ch3/figs/Nchains.png, id=1364, 483.8075pt x 229.85875pt>
File: Ch3/figs/Nchains.png Graphic file (type png)

<use Ch3/figs/Nchains.png>
Overfull \hbox (74.07031pt too wide) has occurred while \output is active
\OT1/cmr/m/sl/10 4.5.  INDIVIDUAL COVARIATE MODELS: TOWARD SPATIAL CAPTURE-RECA
PTURE \OT1/cmr/m/n/10 71
 []

[71] [72 <c:/Work/PWRC/scrbook/Ch3/figs/Nchains.png (PNG copy)>]
Overfull \hbox (69.74638pt too wide) in paragraph at lines 1541--1541
[]\OT1/cmtt/m/n/10 data2<-list(y=ytot,nz=nz,nind=nind,K=T,xround=xround,xprobs=
xprobs,delta=delta)[] 
 []


Overfull \hbox (17.24684pt too wide) in paragraph at lines 1543--1543
[]\OT1/cmtt/m/n/10 inits =  function() {list(z=z, psi=psi, p0=runif(1),beta=rno
rm(1) ) }[] 
 []


Overfull \hbox (111.74602pt too wide) in paragraph at lines 1544--1544
[]\OT1/cmtt/m/n/10 fit = bugs(data2, inits, params2, model.file="modelMcov.txt"
,working.directory=getwd(),[] 
 []


Overfull \hbox (22.4968pt too wide) in paragraph at lines 1545--1545
[]       \OT1/cmtt/m/n/10 debug=FALSE, n.chains=3, n.iter=11000, n.burnin=1000,
 n.thin=2)[] 
 []


LaTeX Warning: Reference `tab.xyz' on page 73 undefined on input line 1548.


Overfull \hbox (220.33461pt too wide) in paragraph at lines 1552--1561
[][] 
 []


Overfull \hbox (74.07031pt too wide) has occurred while \output is active
\OT1/cmr/m/sl/10 4.5.  INDIVIDUAL COVARIATE MODELS: TOWARD SPATIAL CAPTURE-RECA
PTURE \OT1/cmr/m/n/10 73
 []

[73] [74]
Overfull \hbox (74.41647pt too wide) has occurred while \output is active
\OT1/cmr/m/sl/10 4.6.  DISTANCE SAMPLING: A PRIMATIVE SPATIAL CAPTURE-RECAPTURE
 MODEL \OT1/cmr/m/n/10 75
 []

[75]
Package hyperref Info: bookmark level for unknown panel defaults to 0 on input 
line 1644.

Overfull \hbox (16.34999pt too wide) in paragraph at lines 1624--1646
 []$ 
 []

[76]
Overfull \hbox (3.66612pt too wide) in paragraph at lines 1660--1661
[]\OT1/cmr/m/n/10 In the con-text of our gen-eral char-ac-ter-i-za-tion of SCR 
mod-els (chap-ter 1.XYZ),
 []


Overfull \hbox (74.41647pt too wide) has occurred while \output is active
\OT1/cmr/m/sl/10 4.6.  DISTANCE SAMPLING: A PRIMATIVE SPATIAL CAPTURE-RECAPTURE
 MODEL \OT1/cmr/m/n/10 77
 []

[77]
Overfull \hbox (95.99615pt too wide) in paragraph at lines 1716--1716
[]\OT1/cmtt/m/n/10 working.directory=getwd(),debug=T, n.chains=3, n.iter=4000, 
n.burnin=1000, n.thin=2)[] 
 []

[78]) [79] [80

]
Chapter 5.
(c:\Work\PWRC\scrbook\Ch4/Chapter4.tex [81] [82

]
Chapter 6.

Underfull \vbox (badness 2261) has occurred while \output is active []

 [83]

Package natbib Warning: Citation `efford:XXXX' on page 84 undefined on input li
ne 105.

[84] [85]
Overfull \hbox (3.86543pt too wide) in paragraph at lines 204--215
\OT1/cmr/m/n/10 like-li-hood (con-di-tional on $\OT1/cmr/bx/n/10 s$\OT1/cmr/m/n
/10 ) to be the prod-uct of $\OML/cmm/m/it/10 J$ \OT1/cmr/m/it/10 in-de-pen-den
t \OT1/cmr/m/n/10 capture-recapture
 []

[86] <Ch4/figs/binomialpoint.png, id=1490, 567.11874pt x 566.115pt>
File: Ch4/figs/binomialpoint.png Graphic file (type png)

<use Ch4/figs/binomialpoint.png> [87 <c:/Work/PWRC/scrbook/Ch4/figs/binomialpoi
nt.png (PNG copy)>]
Underfull \vbox (badness 3058) has occurred while \output is active []

 [88]
[89] [90] <Ch4/figs/buffereffect.png, id=1518, 725.71124pt x 273.02pt>
File: Ch4/figs/buffereffect.png Graphic file (type png)

<use Ch4/figs/buffereffect.png>
Overfull \hbox (16.34999pt too wide) in paragraph at lines 484--485
 [] 
 []

[91 <c:/Work/PWRC/scrbook/Ch4/figs/buffereffect.png (PNG copy)>]
Overfull \hbox (42.4455pt too wide) in paragraph at lines 553--553
[]\OT1/cmtt/m/n/9 Dmat<-e2dist(traplocs,traplocs) # in cases where speed doesn'
t matter, it might be[] 
 []


Overfull \hbox (37.72055pt too wide) in paragraph at lines 555--555
[]                                \OT1/cmtt/m/n/9 # Plus, people will want to c
opy/paste this stuff[] 
 []

[92]
Overfull \hbox (53.99652pt too wide) in paragraph at lines 605--605
[]\OT1/cmtt/m/n/10 [1] "Y"        "traplocs" "xlim"     "ylim"     "N"        "
alpha0"   "beta"[] 
 []

[93]
Overfull \hbox (84.97pt too wide) in paragraph at lines 656--656
[]\OT1/cmtt/m/n/9 Y2d<- apply(Y,c(1,3),sum) # sum over the ``replicates'' dimen
sion (2nd margin of the array)[] 
 []


Overfull \hbox (28.27066pt too wide) in paragraph at lines 657--657
[]\OT1/cmtt/m/n/9 ncaps<-apply(Y2d,1,sum)   # compute how many times each indiv
idual was captured[] 
 []

[94] [95]
Overfull \hbox (4.64594pt too wide) in paragraph at lines 770--770
[]            \OT1/cmtt/m/n/9 mean     sd    2.5%     25%    50%     75%   97.5
%  Rhat n.eff[] 
 []


Overfull \hbox (4.64594pt too wide) in paragraph at lines 771--771
[]\OT1/cmtt/m/n/9 alpha0    -2.496  0.224  -2.954  -2.648  -2.48  -2.340  -2.09
1 1.013   190[] 
 []


Overfull \hbox (4.64594pt too wide) in paragraph at lines 772--772
[]\OT1/cmtt/m/n/9 theta      2.442  0.419   1.638   2.145   2.44   2.721   3.30
3 1.005   530[] 
 []


Overfull \hbox (4.64594pt too wide) in paragraph at lines 773--773
[]\OT1/cmtt/m/n/9 deviance 292.803 21.155 255.597 277.500 291.90 306.000 339.30
2 1.006   380[] 
 []


Overfull \hbox (4.64594pt too wide) in paragraph at lines 776--776
[]\OT1/cmtt/m/n/9 and Rhat is the potential scale reduction factor (at converge
nce, Rhat=1).[] 
 []


Overfull \hbox (9.37088pt too wide) in paragraph at lines 780--780
[]\OT1/cmtt/m/n/9 DIC is an estimate of expected predictive error (lower devian
ce is better).[] 
 []


Underfull \vbox (badness 3590) has occurred while \output is active []

 [96]
[97] [98]
Overfull \hbox (14.09583pt too wide) in paragraph at lines 943--943
[]\OT1/cmtt/m/n/9 out <- bugs (data, inits, parameters, "SCR0a.txt", n.thin=nth
in,n.chains=nc,[] 
 []


Overfull \hbox (4.64594pt too wide) in paragraph at lines 971--971
[]\OT1/cmtt/m/n/9 and Rhat is the potential scale reduction factor (at converge
nce, Rhat=1).[] 
 []

[99]
Overfull \hbox (9.37088pt too wide) in paragraph at lines 975--975
[]\OT1/cmtt/m/n/9 DIC is an estimate of expected predictive error (lower devian
ce is better).[] 
 []


Overfull \hbox (4.64594pt too wide) in paragraph at lines 1018--1018
[]\OT1/cmtt/m/n/9 and Rhat is the potential scale reduction factor (at converge
nce, Rhat=1).[] 
 []


Overfull \hbox (9.37088pt too wide) in paragraph at lines 1022--1022
[]\OT1/cmtt/m/n/9 DIC is an estimate of expected predictive error (lower devian
ce is better).[] 
 []

[100] <Ch4/figs/wolverinelocs.png, id=1590, 484.81125pt x 649.42625pt>
File: Ch4/figs/wolverinelocs.png Graphic file (type png)

<use Ch4/figs/wolverinelocs.png> [101] [102 <c:/Work/PWRC/scrbook/Ch4/figs/wolv
erinelocs.png (PNG copy)>] [103] [104]
Overfull \hbox (3.13943pt too wide) in paragraph at lines 1288--1291
\OT1/cmr/m/n/10 The out-put fol-lows (note, we have a pa-ram-e-ter ``sigma'' wh
ich we dis-cuss shortly): 
 []

[105]
Underfull \vbox (badness 10000) has occurred while \output is active []

 [106]
[107] [108] [109] <Ch4/figs/density10x10.png, id=1650, 325.215pt x 289.08pt>
File: Ch4/figs/density10x10.png Graphic file (type png)

<use Ch4/figs/density10x10.png>
<Ch4/figs/density30x30.png, id=1651, 325.215pt x 289.08pt>
File: Ch4/figs/density30x30.png Graphic file (type png)

<use Ch4/figs/density30x30.png> [110] [111 <c:/Work/PWRC/scrbook/Ch4/figs/densi
ty10x10.png (PNG copy)> <c:/Work/PWRC/scrbook/Ch4/figs/density30x30.png (PNG co
py)>] [112]
Missing character: There is no † in font cmtt10!

Overfull \hbox (38.24666pt too wide) in paragraph at lines 1730--1730
[]\OT1/cmtt/m/n/10 You can use as.mcmc.list() to convert to a coda object. Then
 use summary.[] 
 []

[113]

LaTeX Warning: Reference `scr0.fig.wolvgrids' on page 114 undefined on input li
ne 1754.


Overfull \hbox (4.64594pt too wide) in paragraph at lines 1787--1787
[]\OT1/cmtt/m/n/9 and Rhat is the potential scale reduction factor (at converge
nce, Rhat=1).[] 
 []


Overfull \hbox (4.64594pt too wide) in paragraph at lines 1797--1797
[]\OT1/cmtt/m/n/9 and Rhat is the potential scale reduction factor (at converge
nce, Rhat=1).[] 
 []

[114]
Overfull \hbox (4.64594pt too wide) in paragraph at lines 1807--1807
[]\OT1/cmtt/m/n/9 and Rhat is the potential scale reduction factor (at converge
nce, Rhat=1).[] 
 []


Underfull \vbox (badness 10000) has occurred while \output is active []

 [115]
[116]
Overfull \hbox (4.11172pt too wide) in paragraph at lines 1956--1963
\OT1/cmr/m/n/10 things we nor-mally do with spa-tial point pro-cesses such as c
om-pute ``K-functions''
 []

[117]) [118]
Chapter 7.
[119

] [120

]
Chapter 8.
(c:\Work\PWRC\scrbook\Ch5/Ch5.tex [121] [122

]
Chapter 9.
Missing character: There is no ‚ in font cmr10!
Missing character: There is no Ä in font cmr10!
Missing character: There is no ì in font cmr10!

Overfull \hbox (0.6302pt too wide) in paragraph at lines 25--51
\OT1/cmr/m/n/10 based anal-y-sis of spa-tial capture-recapture mod-els. We rec-
og-nized ear-lier (chapt.
 []


Underfull \vbox (badness 2261) has occurred while \output is active []

 [123]
[124] [125]
Missing character: There is no ‚ in font cmtt10!
Missing character: There is no Ä in font cmtt10!
Missing character: There is no ô in font cmtt10!

Overfull \hbox (11.99689pt too wide) in paragraph at lines 200--200
[]\OT1/cmtt/m/n/10 area<- (Xu-Xl)*(Yu-Yl)/((npix)*(npix)) # dont need area for 
anything[] 
 []

[126]
Overfull \hbox (23.54572pt too wide) in paragraph at lines 251--251
[]\OT1/cmtt/m/n/9 Pm[1:length(Pm)]<- (dbinom(rep(ymat[i,],nG),K,probcap[1:lengt
h(Pm)],log=TRUE))[] 
 []


Overfull \hbox (51.89539pt too wide) in paragraph at lines 299--299
[]\OT1/cmtt/m/n/9 > frog<-nlm(intlik1,starting.values,y=y,delta=.1,X=traplocs,s
sbuffer=2,hessian=TRUE)[] 
 []

[127]
Missing character: There is no ‚ in font cmr10!
Missing character: There is no Ä in font cmr10!
Missing character: There is no ô in font cmr10!
 [128]
Missing character: There is no ‚ in font cmr10!
Missing character: There is no Ä in font cmr10!
Missing character: There is no ì in font cmr10!
Missing character: There is no ‚ in font cmr10!
Missing character: There is no Ä in font cmr10!
Missing character: There is no ô in font cmr10!


Package amsmath Warning: Foreign command \atopwithdelims;
(amsmath)                \frac or \genfrac should be used instead
(amsmath)                 on input line 405.

[129]
Missing character: There is no ‚ in font cmr10!
Missing character: There is no Ä in font cmr10!
Missing character: There is no ì in font cmr10!
Missing character: There is no ‚ in font cmr10!
Missing character: There is no Ä in font cmr10!
Missing character: There is no ô in font cmr10!
 [130]
Overfull \hbox (64.49643pt too wide) in paragraph at lines 472--472
[]\OT1/cmtt/m/n/10 Pm[1:length(Pm)]<- (dbinom(rep(ymat[i,],nG),K,probcap[1:leng
th(Pm)],log=TRUE))[] 
 []


Overfull \hbox (64.49643pt too wide) in paragraph at lines 490--490
[]\OT1/cmtt/m/n/10 > frog<-nlm(intlik2,c(-2.5,2,log(4)),hessian=TRUE,y=y,X=X,de
lta=.2,ssbuffer=2)[] 
 []


Overfull \hbox (6.74693pt too wide) in paragraph at lines 491--491
[]\OT1/cmtt/m/n/10 There were 50 or more warnings (use warnings() to see the fi
rst 50)[] 
 []

Missing character: There is no ‚ in font cmtt10!
Missing character: There is no Ä in font cmtt10!
Missing character: There is no ¶ in font cmtt10!
Missing character: There is no ‚ in font cmtt10!
Missing character: There is no Ä in font cmtt10!
Missing character: There is no ¶ in font cmtt10!
[131]
Missing character: There is no ‚ in font cmr10!
Missing character: There is no Ä in font cmr10!
Missing character: There is no ì in font cmr10!
Missing character: There is no ‚ in font cmr10!
Missing character: There is no Ä in font cmr10!
Missing character: There is no ì in font cmr10!
Missing character: There is no ‚ in font cmr10!
Missing character: There is no Ä in font cmr10!
Missing character: There is no ì in font cmr10!

Overfull \hbox (3.58388pt too wide) in paragraph at lines 580--597
\OT1/cmr/m/n/10 There are other types of co-vari-ates of in-ter-est: be-hav-ior
al re-sponse, sex-specificity
 []

[132]
Missing character: There is no ‚ in font cmr10!
Missing character: There is no Ä in font cmr10!
Missing character: There is no ô in font cmr10!
Missing character: There is no ‚ in font cmr10!
Missing character: There is no Ä in font cmr10!
Missing character: There is no ì in font cmr10!

Underfull \vbox (badness 10000) has occurred while \output is active []

 [133]
Overfull \hbox (211.49515pt too wide) in paragraph at lines 657--657
[]\OT1/cmtt/m/n/10 > frog<-nlm(intlik3,c(-1.5,1.2,log(4)),hessian=TRUE,y=y.wolv
,K=K.wolv,X=traplocs.wolv,delta=.1,ssbuffer=2)[] 
 []

[134]
Overfull \hbox (48.9976pt too wide) has occurred while \output is active
\OT1/cmr/m/sl/10 9.4.  LIKELIHOOD ANALYSIS OF THE WOLVERINE CAMERA TRAPPING DAT
A \OT1/cmr/m/n/10 135
 []

[135]
Missing character: There is no ‚ in font cmtt10!
Missing character: There is no Ä in font cmtt10!
Missing character: There is no ú in font cmtt10!
Missing character: There is no ‚ in font cmtt10!
Missing character: There is no Ä in font cmtt10!
Missing character: There is no ù in font cmtt10!

Overfull \hbox (38.24666pt too wide) in paragraph at lines 799--799
[]\OT1/cmtt/m/n/10 > secr.fit(capturedata, model = list(D~1, g0~1, sigma~1), bu
ffer = 20000)[] 
 []

[136]
Missing character: There is no ‚ in font cmr10!
Missing character: There is no Ä in font cmr10!
Missing character: There is no ò in font cmr10!
Missing character: There is no ‚ in font cmr10!
Missing character: There is no Ä in font cmr10!
Missing character: There is no ô in font cmr10!
Missing character: There is no ‚ in font cmr10!
Missing character: There is no Ä in font cmr10!
Missing character: There is no ò in font cmr10!
Missing character: There is no ‚ in font cmr10!
Missing character: There is no Ä in font cmr10!
Missing character: There is no ô in font cmr10!
Missing character: There is no ‚ in font cmr10!
Missing character: There is no Ä in font cmr10!
Missing character: There is no ò in font cmr10!
Missing character: There is no ‚ in font cmr10!
Missing character: There is no Ä in font cmr10!
Missing character: There is no ô in font cmr10!
Missing character: There is no ‚ in font cmr10!
Missing character: There is no Ä in font cmr10!
Missing character: There is no ò in font cmr10!
Missing character: There is no ‚ in font cmr10!
Missing character: There is no Ä in font cmr10!
Missing character: There is no ô in font cmr10!
Missing character: There is no ‚ in font cmr10!
Missing character: There is no Ä in font cmr10!
Missing character: There is no ò in font cmr10!
Missing character: There is no ‚ in font cmr10!
Missing character: There is no Ä in font cmr10!
Missing character: There is no ô in font cmr10!
Missing character: There is no ‚ in font cmr10!
Missing character: There is no Ä in font cmr10!
Missing character: There is no ò in font cmr10!
Missing character: There is no ‚ in font cmr10!
Missing character: There is no Ä in font cmr10!
Missing character: There is no ô in font cmr10!
Missing character: There is no ‚ in font cmr10!
Missing character: There is no Ä in font cmr10!
Missing character: There is no ò in font cmr10!
Missing character: There is no ‚ in font cmr10!
Missing character: There is no Ä in font cmr10!
Missing character: There is no ô in font cmr10!
Missing character: There is no ‚ in font cmr10!
Missing character: There is no Ä in font cmr10!
Missing character: There is no ò in font cmr10!
Missing character: There is no ‚ in font cmr10!
Missing character: There is no Ä in font cmr10!
Missing character: There is no ô in font cmr10!
Missing character: There is no ‚ in font cmr8!
Missing character: There is no Ä in font cmr8!
Missing character: There is no ú in font cmr8!
Missing character: There is no ‚ in font cmr8!
Missing character: There is no Ä in font cmr8!
Missing character: There is no ù in font cmr8!
Missing character: There is no ‚ in font cmr8!
Missing character: There is no Ä in font cmr8!
Missing character: There is no ú in font cmr8!
Missing character: There is no ‚ in font cmr8!
Missing character: There is no Ä in font cmr8!
Missing character: There is no ù in font cmr8!
Missing character: There is no ‚ in font cmr8!
Missing character: There is no Ä in font cmr8!
Missing character: There is no ô in font cmr8!
 [137]
Missing character: There is no ‚ in font cmr10!
Missing character: There is no Ä in font cmr10!
Missing character: There is no ú in font cmr10!
Missing character: There is no ‚ in font cmr10!
Missing character: There is no Ä in font cmr10!
Missing character: There is no ù in font cmr10!
Missing character: There is no ‚ in font cmr10!
Missing character: There is no Ä in font cmr10!
Missing character: There is no ò in font cmr10!
Missing character: There is no ‚ in font cmr10!
Missing character: There is no Ä in font cmr10!
Missing character: There is no ô in font cmr10!
Missing character: There is no ‚ in font cmtt10!
Missing character: There is no Ä in font cmtt10!
Missing character: There is no ú in font cmtt10!
Missing character: There is no ‚ in font cmtt10!
Missing character: There is no Ä in font cmtt10!
Missing character: There is no ù in font cmtt10!

Overfull \hbox (32.9967pt too wide) in paragraph at lines 879--879
[]\OT1/cmtt/m/n/10 > colnames(traps)[1:3]<- c("trapID","x", "y")  #name the fir
st 3 columns[] 
 []

Missing character: There is no ‚ in font cmr10!
Missing character: There is no Ä in font cmr10!
Missing character: There is no ú in font cmr10!
Missing character: There is no ‚ in font cmr10!
Missing character: There is no Ä in font cmr10!
Missing character: There is no ù in font cmr10!
Missing character: There is no ‚ in font cmr10!
Missing character: There is no Ä in font cmr10!
Missing character: There is no ú in font cmr10!
Missing character: There is no ‚ in font cmr10!
Missing character: There is no Ä in font cmr10!
Missing character: There is no ù in font cmr10!

Overfull \hbox (11.99689pt too wide) in paragraph at lines 900--900
[]           \OT1/cmtt/m/n/10 ### I JUST GUESSED AT THE CODE, BUT WOULD LIKE TO
 TRY IT.[] 
 []


Overfull \hbox (64.49643pt too wide) in paragraph at lines 904--904
[]\OT1/cmtt/m/n/10 > wolvcapt=make.capthist(wolv.dat, trapfile, fmt = "trapID",
 noccasions = 165)[] 
 []


Overfull \hbox (74.99634pt too wide) in paragraph at lines 916--916
[]\OT1/cmtt/m/n/10 > wolv.secr=secr.fit(wolvcapt, model = list(D~1, g0~1, sigma
~1), buffer = 20000)[] 
 []

[138] [139]
Missing character: There is no ‚ in font cmr10!
Missing character: There is no Ä in font cmr10!
Missing character: There is no ú in font cmr10!
Missing character: There is no ‚ in font cmr10!
Missing character: There is no Ä in font cmr10!
Missing character: There is no ù in font cmr10!
Missing character: There is no ‚ in font cmr10!
Missing character: There is no Ä in font cmr10!
Missing character: There is no ú in font cmr10!
Missing character: There is no ‚ in font cmr10!
Missing character: There is no Ä in font cmr10!
Missing character: There is no ù in font cmr10!
 [140]
Missing character: There is no ‚ in font cmr10!
Missing character: There is no Ä in font cmr10!
Missing character: There is no ô in font cmr10!
) [141] [142

]
Chapter 10.
(c:\Work\PWRC\scrbook\Ch6/Chapter6.tex [143] [144

]
Chapter 11.
Missing character: There is no ‚ in font cmr10!
Missing character: There is no Ä in font cmr10!
Missing character: There is no ì in font cmr10!
[145] <Ch6/figs/densityvsdetection.png, id=1933, 625.33624pt x 625.33624pt>
File: Ch6/figs/densityvsdetection.png Graphic file (type png)

<use Ch6/figs/densityvsdetection.png>
Missing character: There is no ‚ in font cmr10!
Missing character: There is no Ä in font cmr10!
Missing character: There is no ô in font cmr10!
 [146]
Missing character: There is no ‚ in font cmr10!
Missing character: There is no Ä in font cmr10!
Missing character: There is no ì in font cmr10!
 [147 <c:/Work/PWRC/scrbook/Ch6/figs/densityvsdetection.png (PNG copy)>]
Missing character: There is no ‚ in font cmr10!
Missing character: There is no Ä in font cmr10!
Missing character: There is no ì in font cmr10!
Missing character: There is no ‚ in font cmr10!
Missing character: There is no Ä in font cmr10!
Missing character: There is no ì in font cmr10!
 [148]

LaTeX Warning: Reference `eq. 2' on page 149 undefined on input line 257.

Missing character: There is no ‚ in font cmr10!
Missing character: There is no Ä in font cmr10!
Missing character: There is no ì in font cmr10!
Missing character: There is no ‚ in font cmr10!
Missing character: There is no Ä in font cmr10!
Missing character: There is no ì in font cmr10!
[149]
Missing character: There is no ‚ in font cmr10!
Missing character: There is no Ä in font cmr10!
Missing character: There is no ì in font cmr10!
Missing character: There is no ‚ in font cmr10!
Missing character: There is no Ä in font cmr10!
Missing character: There is no ¶ in font cmr10!


LaTeX Warning: Reference `eq. 2' on page 150 undefined on input line 279.

Missing character: There is no ‚ in font cmr10!
Missing character: There is no Ä in font cmr10!
Missing character: There is no ¶ in font cmr10!

Overfull \hbox (22.4968pt too wide) in paragraph at lines 295--295
[]\OT1/cmtt/m/n/10 Panel 1: R-code for a Gibbs sampler for a Normal model with 
unknown mu[] 
 []


Overfull \hbox (17.24684pt too wide) in paragraph at lines 296--296
[]\OT1/cmtt/m/n/10 and sig and conjugate (Normal and Inverse Gamma, respectivel
y) priors[] 
 []


Overfull \hbox (17.24684pt too wide) in paragraph at lines 299--299
[]\OT1/cmtt/m/n/10 Normal.Gibbs<-function(y=y,mu0=mu0, sig0=sig0, a=a,b=b,niter
=niter) {[] 
 []

[150]
Missing character: There is no ‚ in font cmr10!
Missing character: There is no Ä in font cmr10!
Missing character: There is no ì in font cmr10!
Missing character: There is no ‚ in font cmr10!
Missing character: There is no Ä in font cmr10!
Missing character: There is no ì in font cmr10!
Missing character: There is no ‚ in font cmr10!
Missing character: There is no Ä in font cmr10!
Missing character: There is no ì in font cmr10!
 [151] <Ch6/figs/postdist.png, id=1991, 595.22375pt x 583.17876pt>
File: Ch6/figs/postdist.png Graphic file (type png)

<use Ch6/figs/postdist.png>
<Ch6/figs/plotsofPD.png, id=1992, 676.5275pt x 675.52374pt>
File: Ch6/figs/plotsofPD.png Graphic file (type png)

<use Ch6/figs/plotsofPD.png>
Missing character: There is no ‚ in font cmr10!
Missing character: There is no Ä in font cmr10!
Missing character: There is no ì in font cmr10!
 [152 <c:/Work/PWRC/scrbook/Ch6/figs/postdist.png (PNG copy)>]
Missing character: There is no ‚ in font cmr10!
Missing character: There is no Ä in font cmr10!
Missing character: There is no ì in font cmr10!
 [153 <c:/Work/PWRC/scrbook/Ch6/figs/plotsofPD.png (PNG copy)>]
Overfull \hbox (40.77989pt too wide) detected at line 443
\OML/cmm/m/it/10 r \OT1/cmr/m/n/10 = [](\OML/cmm/m/it/10 y\OMS/cmsy/m/n/10 j\OM
L/cmm/m/it/10 []\OT1/cmr/m/n/10 ) \OMS/cmsy/m/n/10  \OML/cmm/m/it/10 Normal\O
T1/cmr/m/n/10 (\OML/cmm/m/it/10 []\OMS/cmsy/m/n/10 j\OML/cmm/m/it/10 []; []\
OT1/cmr/m/n/10 )\OML/cmm/m/it/10 =Bernoulli\OT1/cmr/m/n/10 (\OML/cmm/m/it/10 y\
OMS/cmsy/m/n/10 j\OML/cmm/m/it/10 thetat \OMS/cmsy/m/n/10   \OT1/cmr/m/n/10 1) 
\OMS/cmsy/m/n/10  \OML/cmm/m/it/10 Normal\OT1/cmr/m/n/10 (\OML/cmm/m/it/10 the
tat \OMS/cmsy/m/n/10   \OT1/cmr/m/n/10 1\OMS/cmsy/m/n/10 j\OML/cmm/m/it/10 mu\O
T1/cmr/m/n/10 0\OML/cmm/m/it/10 ; sig\OT1/cmr/m/n/10 0)
 []


Overfull \hbox (11.99689pt too wide) in paragraph at lines 447--447
[]\OT1/cmtt/m/n/10 $\theta$ (t)  &= &   $\theta$ (t) \mbox{with probability min
(r,1)}//[] 
 []


Overfull \hbox (9.37088pt too wide) in paragraph at lines 461--461
[]\OT1/cmtt/m/n/9 Panel 2: R code to run a Metropolis sampler on a simple Logit
-Normal model.[] 
 []


Overfull \hbox (23.54572pt too wide) in paragraph at lines 474--474
[]\OT1/cmtt/m/n/9 loglike.cand<-sum(dbinom(y, 1, exp(theta.cand)/(1+exp(theta.c
and)), log=TRUE))[] 
 []

Missing character: There is no ‚ in font cmr10!
Missing character: There is no Ä in font cmr10!
Missing character: There is no ì in font cmr10!
Missing character: There is no ‚ in font cmr10!
Missing character: There is no Ä in font cmr10!
Missing character: There is no ì in font cmr10!
Missing character: There is no ‚ in font cmr10!
Missing character: There is no Ä in font cmr10!
Missing character: There is no ì in font cmr10!
Missing character: There is no ‚ in font cmr10!
Missing character: There is no Ä in font cmr10!
Missing character: There is no ì in font cmr10!
Missing character: There is no ‚ in font cmr10!
Missing character: There is no Ä in font cmr10!
Missing character: There is no ì in font cmr10!
Missing character: There is no ‚ in font cmr10!
Missing character: There is no Ä in font cmr10!
Missing character: There is no ì in font cmr10!
[154]
Missing character: There is no ‚ in font cmr10!
Missing character: There is no Ä in font cmr10!
Missing character: There is no ì in font cmr10!
Missing character: There is no ‚ in font cmr10!
Missing character: There is no Ä in font cmr10!
Missing character: There is no ì in font cmr10!
Missing character: There is no ‚ in font cmbx12!
Missing character: There is no Ä in font cmbx12!
Missing character: There is no ì in font cmbx12!
 [155]
Missing character: There is no ‚ in font cmr10!
Missing character: There is no Ä in font cmr10!
Missing character: There is no ì in font cmr10!
Missing character: There is no ‚ in font cmtt10!
Missing character: There is no Ä in font cmtt10!
Missing character: There is no ¶ in font cmtt10!

Overfull \hbox (17.24684pt too wide) in paragraph at lines 527--527
[] \OT1/cmtt/m/n/10 & \propto &  Poisson(yi1| exp(a1 + b*x[j=1])) * Normal(a1|m
ua, siga)[] 
 []

Missing character: There is no ‚ in font cmtt10!
Missing character: There is no Ä in font cmtt10!
Missing character: There is no ¶ in font cmtt10!

Overfull \hbox (11.99689pt too wide) in paragraph at lines 531--531
[] \OT1/cmtt/m/n/10 & \propto  & Poisson(yi2|exp(a2 + b*x[j=1])) * Normal(a2|mu
a, siga)[] 
 []

Missing character: There is no ‚ in font cmr10!
Missing character: There is no Ä in font cmr10!
Missing character: There is no ì in font cmr10!
Missing character: There is no ‚ in font cmr10!
Missing character: There is no Ä in font cmr10!
Missing character: There is no ì in font cmr10!
Missing character: There is no ‚ in font cmr10!
Missing character: There is no Ä in font cmr10!
Missing character: There is no ì in font cmr10!
Missing character: There is no ‚ in font cmr10!
Missing character: There is no Ä in font cmr10!
Missing character: There is no ì in font cmr10!
[156]
Overfull \hbox (216.88905pt too wide) detected at line 555
\OML/cmm/m/it/10 r \OT1/cmr/m/n/10 = \OML/cmm/m/it/10 Poisson\OT1/cmr/m/n/10 (\
OML/cmm/m/it/10 y\OT1/cmr/m/n/10 (\OML/cmm/m/it/10 j \OT1/cmr/m/n/10 = 1)\OMS/c
msy/m/n/10 j\OML/cmm/m/it/10 exp\OT1/cmr/m/n/10 (\OML/cmm/m/it/10 a\OT1/cmr/m/n
/10 1(1) + \OML/cmm/m/it/10 b \OMS/cmsy/m/n/10  \OML/cmm/m/it/10 x\OT1/cmr/m/n
/10 )) \OMS/cmsy/m/n/10  \OML/cmm/m/it/10 Normal\OT1/cmr/m/n/10 (\OML/cmm/m/it
/10 a\OT1/cmr/m/n/10 1(1)\OMS/cmsy/m/n/10 j\OML/cmm/m/it/10 mua; siga\OT1/cmr/m
/n/10 )\OML/cmm/m/it/10 =Poisson\OT1/cmr/m/n/10 (\OML/cmm/m/it/10 y\OT1/cmr/m/n
/10 (\OML/cmm/m/it/10 j \OT1/cmr/m/n/10 = 1)\OMS/cmsy/m/n/10 j\OML/cmm/m/it/10 
exp\OT1/cmr/m/n/10 (\OML/cmm/m/it/10 a\OT1/cmr/m/n/10 1(0) + \OML/cmm/m/it/10 b
 \OMS/cmsy/m/n/10  \OML/cmm/m/it/10 x\OT1/cmr/m/n/10 )) \OMS/cmsy/m/n/10  \OM
L/cmm/m/it/10 Normal\OT1/cmr/m/n/10 (\OML/cmm/m/it/10 a\OT1/cmr/m/n/10 1(0)\OMS
/cmsy/m/n/10 j\OML/cmm/m/it/10 mua; siga\OT1/cmr/m/n/10 )
 []


Overfull \hbox (132.09833pt too wide) detected at line 561
\OML/cmm/m/it/10 r \OT1/cmr/m/n/10 = \OML/cmm/m/it/10 Poisson\OT1/cmr/m/n/10 (\
OML/cmm/m/it/10 y\OMS/cmsy/m/n/10 j\OML/cmm/m/it/10 exp\OT1/cmr/m/n/10 (\OML/cm
m/m/it/10 a \OT1/cmr/m/n/10 + \OML/cmm/m/it/10 b\OT1/cmr/m/n/10 (1) \OMS/cmsy/m
/n/10  \OML/cmm/m/it/10 x\OT1/cmr/m/n/10 )) \OMS/cmsy/m/n/10  \OML/cmm/m/it/1
0 Normal\OT1/cmr/m/n/10 (\OML/cmm/m/it/10 b\OT1/cmr/m/n/10 (1)\OMS/cmsy/m/n/10 
j\OML/cmm/m/it/10 mub; sigb\OT1/cmr/m/n/10 )\OML/cmm/m/it/10 =Poisson\OT1/cmr/m
/n/10 (\OML/cmm/m/it/10 y\OMS/cmsy/m/n/10 j\OML/cmm/m/it/10 exp\OT1/cmr/m/n/10 
(\OML/cmm/m/it/10 a \OT1/cmr/m/n/10 + \OML/cmm/m/it/10 b\OT1/cmr/m/n/10 (0) \OM
S/cmsy/m/n/10  \OML/cmm/m/it/10 x\OT1/cmr/m/n/10 )) \OMS/cmsy/m/n/10  \OML/cm
m/m/it/10 Normal\OT1/cmr/m/n/10 (\OML/cmm/m/it/10 b\OT1/cmr/m/n/10 (0)\OMS/cmsy
/m/n/10 j\OML/cmm/m/it/10 mub; sigb\OT1/cmr/m/n/10 )\OML/cmm/m/it/10 ;
 []

Missing character: There is no ¬ in font cmsl10!
Missing character: There is no Ä in font cmsl10!
Missing character: There is no ì in font cmsl10!
[157]
Overfull \hbox (18.82077pt too wide) in paragraph at lines 601--601
[]\OT1/cmtt/m/n/9 loglike.cand<- sum(dpois (y[site==j], exp(a.cand + b *x[site=
=j]), log=TRUE))[] 
 []

Missing character: There is no ‚ in font cmtt9!
Missing character: There is no Ä in font cmtt9!
Missing character: There is no ì in font cmtt9!

Overfull \hbox (99.14484pt too wide) in paragraph at lines 609--609
[]\OT1/cmtt/m/n/9 if(iter %% 100 == 0) {  #this lets you check the acceptance r
ate of a at every 100th iteration[] 
 []

Missing character: There is no ‚ in font cmtt9!
Missing character: There is no Ä in font cmtt9!
Missing character: There is no ì in font cmtt9!

Underfull \vbox (badness 10000) has occurred while \output is active []

 [158]
<Ch6/figs/slicesampling.png, id=2046, 664.4825pt x 645.41125pt>
File: Ch6/figs/slicesampling.png Graphic file (type png)

<use Ch6/figs/slicesampling.png>

Package natbib Warning: Citation `Robert_casella:2010' on page 159 undefined on
 input line 668.


Overfull \hbox (1.76291pt too wide) in paragraph at lines 670--670
[]\OT1/cmr/bx/n/14.4 MCMC for closed capture-recapture Model
 []

Missing character: There is no ¬ in font cmsl10!
Missing character: There is no Ä in font cmsl10!
Missing character: There is no ì in font cmsl10!
[159]
Overfull \hbox (26.76949pt too wide) in paragraph at lines 674--674
[]\OT1/cmr/bx/n/14.4 MCMC al-go-rithm for the ba-sic spa-tial capture-
 []

Missing character: There is no ‚ in font cmbx10!
Missing character: There is no Ä in font cmbx10!
Missing character: There is no ì in font cmbx10!
[160 <c:/Work/PWRC/scrbook/Ch6/figs/slicesampling.png (PNG copy)>]
Missing character: There is no ‚ in font cmr10!
Missing character: There is no Ä in font cmr10!
Missing character: There is no ì in font cmr10!
Missing character: There is no ‚ in font cmr10!
Missing character: There is no Ä in font cmr10!
Missing character: There is no ì in font cmr10!
Missing character: There is no ‚ in font cmr10!
Missing character: There is no Ä in font cmr10!
Missing character: There is no ì in font cmr10!
Missing character: There is no ‚ in font cmr10!
Missing character: There is no Ä in font cmr10!
Missing character: There is no ì in font cmr10!
Missing character: There is no ‚ in font cmr10!
Missing character: There is no Ä in font cmr10!
Missing character: There is no ì in font cmr10!
Missing character: There is no ‚ in font cmr8!
Missing character: There is no Ä in font cmr8!
Missing character: There is no ô in font cmr8!

Overfull \hbox (82.05319pt too wide) has occurred while \output is active
\OT1/cmr/m/sl/10 11.6.  MCMC ALGORITHM FOR THE BASIC SPATIAL CAPTURE-RECAPTURE 
MODEL \OT1/cmr/m/n/10 161
 []

[161]
Missing character: There is no ‚ in font cmr10!
Missing character: There is no Ä in font cmr10!
Missing character: There is no ì in font cmr10!
Missing character: There is no ‚ in font cmtt9!
Missing character: There is no Ä in font cmtt9!
Missing character: There is no ¶ in font cmtt9!

Overfull \hbox (18.82077pt too wide) in paragraph at lines 788--788
[]            \OT1/cmtt/m/n/9 if(seen[i]) #no need to update seen individuals, 
since their z =1[] 
 []

[162]
Overfull \hbox (82.05319pt too wide) has occurred while \output is active
\OT1/cmr/m/sl/10 11.6.  MCMC ALGORITHM FOR THE BASIC SPATIAL CAPTURE-RECAPTURE 
MODEL \OT1/cmr/m/n/10 163
 []

[163]
Overfull \hbox (153.74565pt too wide) in paragraph at lines 865--865
[]        \OT1/cmtt/m/n/10 if(lam0.cand >0 & lam0.cand < 1 ){   #automatically 
reject lam0.cand that are not {0,1}[] 
 []


Overfull \hbox (64.49643pt too wide) in paragraph at lines 867--867
[]            \OT1/cmtt/m/n/10 ll<- sum(dbinom(y, K, lam *z, log=TRUE)) #no tra
nsformation needed[] 
 []

[164]
Overfull \hbox (101.24611pt too wide) in paragraph at lines 882--882
[]\OT1/cmtt/m/n/10 > mod0<-SCR.0(y=bigTrap, X=trapmat, M=M, xl=xl, xu=xu, yl=yl
, yu=yu, K=8, niter=5000)[] 
 []

Missing character: There is no ‚ in font cmr10!
Missing character: There is no Ä in font cmr10!
Missing character: There is no ì in font cmr10!

LaTeX Warning: Characters dropped after `\end{verbatim}' on input line 888.

<Ch6/figs/timeseries.png, id=2088, 936.49875pt x 727.71875pt>
File: Ch6/figs/timeseries.png Graphic file (type png)

<use Ch6/figs/timeseries.png>
Overfull \hbox (82.05319pt too wide) has occurred while \output is active
\OT1/cmr/m/sl/10 11.6.  MCMC ALGORITHM FOR THE BASIC SPATIAL CAPTURE-RECAPTURE 
MODEL \OT1/cmr/m/n/10 165
 []

[165 <c:/Work/PWRC/scrbook/Ch6/figs/timeseries.png (PNG copy)>]
Missing character: There is no ‚ in font cmr10!
Missing character: There is no Ä in font cmr10!
Missing character: There is no ì in font cmr10!
Missing character: There is no ‚ in font cmr10!
Missing character: There is no Ä in font cmr10!
Missing character: There is no ô in font cmr10!
Missing character: There is no ‚ in font cmr10!
Missing character: There is no Ä in font cmr10!
Missing character: There is no ì in font cmr10!
Missing character: There is no ‚ in font cmr10!
Missing character: There is no Ä in font cmr10!
Missing character: There is no ì in font cmr10!
Missing character: There is no ‚ in font cmr10!
Missing character: There is no Ä in font cmr10!
Missing character: There is no ì in font cmr10!
Missing character: There is no ‚ in font cmr10!
Missing character: There is no Ä in font cmr10!
Missing character: There is no ì in font cmr10!
Missing character: There is no ‚ in font cmr10!
Missing character: There is no Ä in font cmr10!
Missing character: There is no ì in font cmr10!
 [166]
Missing character: There is no ‚ in font cmr10!
Missing character: There is no Ä in font cmr10!
Missing character: There is no ì in font cmr10!
Missing character: There is no ‚ in font cmr10!
Missing character: There is no Ä in font cmr10!
Missing character: There is no ì in font cmr10!

<Ch6/figs/timeseries2.png, id=2105, 799.98875pt x 622.325pt>
File: Ch6/figs/timeseries2.png Graphic file (type png)

<use Ch6/figs/timeseries2.png>
Overfull \hbox (82.05319pt too wide) has occurred while \output is active
\OT1/cmr/m/sl/10 11.6.  MCMC ALGORITHM FOR THE BASIC SPATIAL CAPTURE-RECAPTURE 
MODEL \OT1/cmr/m/n/10 167
 []

[167 <c:/Work/PWRC/scrbook/Ch6/figs/timeseries2.png (PNG copy)>]

Package natbib Warning: Citation `Robert_casella:2010' on page 168 undefined on
 input line 925.

Missing character: There is no ‚ in font cmr10!
Missing character: There is no Ä in font cmr10!
Missing character: There is no ì in font cmr10!
Missing character: There is no ‚ in font cmr10!
Missing character: There is no Ä in font cmr10!
Missing character: There is no ì in font cmr10!
[168]
Missing character: There is no √ in font cmr10!
Missing character: There is no Ø in font cmr10!

Overfull \hbox (82.05319pt too wide) has occurred while \output is active
\OT1/cmr/m/sl/10 11.6.  MCMC ALGORITHM FOR THE BASIC SPATIAL CAPTURE-RECAPTURE 
MODEL \OT1/cmr/m/n/10 169
 []

[169]
Missing character: There is no ‚ in font cmr10!
Missing character: There is no Ä in font cmr10!
Missing character: There is no ì in font cmr10!
 [170]
Missing character: There is no ‚ in font cmr10!
Missing character: There is no Ä in font cmr10!
Missing character: There is no ì in font cmr10!
Missing character: There is no ‚ in font cmr10!
Missing character: There is no Ä in font cmr10!
Missing character: There is no ì in font cmr10!
Missing character: There is no ‚ in font cmr10!
Missing character: There is no Ä in font cmr10!
Missing character: There is no ì in font cmr10!
Missing character: There is no ‚ in font cmr10!
Missing character: There is no Ä in font cmr10!
Missing character: There is no ì in font cmr10!
 [171]
Overfull \hbox (253.49478pt too wide) in paragraph at lines 1029--1029
[]\OT1/cmtt/m/n/10 dd <- data.frame(Id=c(1,1,1,1,1),X=c(xl,xu,xu,xl,xl),Y=c(yl,
yl,yu,yu,yl)) #create data frame with coordinate pairs[] 
 []


Overfull \hbox (148.4957pt too wide) in paragraph at lines 1031--1031
[]\OT1/cmtt/m/n/10 ddShapefile <- convert.to.shapefile(dd, ddTable, "Id", 5) #c
onvert #to shapefile, type polygon[] 
 []

Missing character: There is no ‚ in font cmtt10!
Missing character: There is no Ä in font cmtt10!
Missing character: There is no ¶ in font cmtt10!
Missing character: There is no ‚ in font cmtt10!
Missing character: There is no Ä in font cmtt10!
Missing character: There is no ô in font cmtt10!

Overfull \hbox (43.49661pt too wide) in paragraph at lines 1032--1032
[]\OT1/cmtt/m/n/10 write.shapefile(ddShapefile, 'c:/, arcgis=T) # save to locat
ion of #choice[] 
 []

<Ch6/figs/panthercamera.png, id=2136, 551.05875pt x 632.3625pt>
File: Ch6/figs/panthercamera.png Graphic file (type png)

<use Ch6/figs/panthercamera.png>
Missing character: There is no ‚ in font cmr10!
Missing character: There is no Ä in font cmr10!
Missing character: There is no ì in font cmr10!
 [172 <c:/Work/PWRC/scrbook/Ch6/figs/panthercamera.png (PNG copy)>]
Missing character: There is no ‚ in font cmr10!
Missing character: There is no Ä in font cmr10!
Missing character: There is no ì in font cmr10!

Overfull \hbox (17.24684pt too wide) in paragraph at lines 1063--1063
[]                   \OT1/cmtt/m/n/10 rnorm(M, S[,2], 2)))         #draw candid
ate value[] 
 []


Overfull \hbox (74.99634pt too wide) in paragraph at lines 1065--1065
[]\OT1/cmtt/m/n/10 Scoord<-SpatialPoints(Scand*1000)    #convert to spatial poi
nts on UTM (m) scale[] 
 []


Overfull \hbox (64.49643pt too wide) in paragraph at lines 1069--1069
[]\OT1/cmtt/m/n/10 if(is.na(SinPoly[i])==FALSE) { #if scand falls within polygo
n, continue update[] 
 []

Missing character: There is no ‚ in font cmtt10!
Missing character: There is no Ä in font cmtt10!
Missing character: There is no ¶ in font cmtt10!
[173]
Missing character: There is no ‚ in font cmr10!
Missing character: There is no Ä in font cmr10!
Missing character: There is no ì in font cmr10!
Missing character: There is no ‚ in font cmr10!
Missing character: There is no Ä in font cmr10!
Missing character: There is no ì in font cmr10!
Missing character: There is no ‚ in font cmr10!
Missing character: There is no Ä in font cmr10!
Missing character: There is no ì in font cmr10!
Missing character: There is no ‚ in font cmr10!
Missing character: There is no Ä in font cmr10!
Missing character: There is no ì in font cmr10!

Overfull \hbox (31.05626pt too wide) in paragraph at lines 1107--1108
\OT1/cmr/m/n/10 how to use these pro-grams at http://www.mrc-bsu.cam.ac.uk/bugs
/overview/list.shtml 
 []

Missing character: There is no ‚ in font cmbx12!
Missing character: There is no Ä in font cmbx12!
Missing character: There is no ì in font cmbx12!
Missing character: There is no ‚ in font cmr10!
Missing character: There is no Ä in font cmr10!
Missing character: There is no ì in font cmr10!
[174]
Missing character: There is no ‚ in font cmr8!
Missing character: There is no Ä in font cmr8!
Missing character: There is no ô in font cmr8!
Missing character: There is no ‚ in font cmr8!
Missing character: There is no Ä in font cmr8!
Missing character: There is no ô in font cmr8!
) [175] [176]
Chapter 12.
[177

] [178

]
Chapter 13.
(c:\Work\PWRC\scrbook\Ch11/Ch11.tex [179] [180

]
Chapter 14.
[181] [182] <Ch11/figs/homoPlots.png, id=2227, 361.35pt x 180.675pt>
File: Ch11/figs/homoPlots.png Graphic file (type png)

<use Ch11/figs/homoPlots.png>
Overfull \hbox (16.35463pt too wide) in paragraph at lines 152--155
 [][] 
 []


Underfull \vbox (badness 1189) has occurred while \output is active []

 [183 <c:/Work/PWRC/scrbook/Ch11/figs/homoPlots.png (PNG copy)>] [184]
Overfull \hbox (5.1394pt too wide) in paragraph at lines 223--231
\OT1/cmr/m/n/10 eval-u-ated over space, and since we al-most al-ways re-gard sp
ace as two-dimensional,
 []

[185] <Ch11/figs/heteroPlots.png, id=2256, 361.35pt x 180.675pt>
File: Ch11/figs/heteroPlots.png Graphic file (type png)

<use Ch11/figs/heteroPlots.png>
Overfull \hbox (16.35463pt too wide) in paragraph at lines 332--336
 [][] 
 []

[186] [187 <c:/Work/PWRC/scrbook/Ch11/figs/heteroPlots.png (PNG copy)>]
[188] [189] <Ch11/figs/discrete.png, id=2287, 505.89pt x 505.89pt>
File: Ch11/figs/discrete.png Graphic file (type png)

<use Ch11/figs/discrete.png> [190 <c:/Work/PWRC/scrbook/Ch11/figs/discrete.png 
(PNG copy)>]

LaTeX Warning: Reference `ch9:tab:secrYjags' on page 191 undefined on input lin
e 594.

[191] <Ch11/figs/jaguarCountMap.png, id=2299, 505.89pt x 505.89pt>
File: Ch11/figs/jaguarCountMap.png Graphic file (type png)

<use Ch11/figs/jaguarCountMap.png>
<Ch11/figs/Dsurface34.png, id=2300, 505.89pt x 505.89pt>
File: Ch11/figs/Dsurface34.png Graphic file (type png)

<use Ch11/figs/Dsurface34.png> [192 <c:/Work/PWRC/scrbook/Ch11/figs/jaguarCount
Map.png (PNG copy)>]) [193 <c:/Work/PWRC/scrbook/Ch11/figs/Dsurface34.png (PNG 
copy)>] [194

]
Chapter 15.
[195] [196

]
Chapter 16.
(c:\Work\PWRC\scrbook\previewCh2.bbl [197] [198

] [199] [200]
Missing character: There is no ¬ in font cmr10!
Missing character: There is no © in font cmr10!
 [201]
Missing character: There is no ‚ in font cmr10!
Missing character: There is no Ä in font cmr10!
Missing character: There is no ì in font cmr10!
LaTeX Font Info:    Try loading font information for OMS+cmr on input line 272.


("C:\Program Files (x86)\MiKTeX 2.9\tex\latex\base\omscmr.fd"
File: omscmr.fd 1999/05/25 v2.5h Standard LaTeX font definitions
)
LaTeX Font Info:    Font shape `OMS/cmr/m/it' in size <10> not available
(Font)              Font shape `OMS/cmsy/m/n' tried instead on input line 272.
 [202] [203]
[204] [205])

Package natbib Warning: There were undefined citations.

Package atveryend Info: Empty hook `BeforeClearDocument' on input line 84.
[206]
Package atveryend Info: Empty hook `AfterLastShipout' on input line 84.
 (c:\Work\PWRC\scrbook\previewCh2.aux)
Package atveryend Info: Executing hook `AtVeryEndDocument' on input line 84.
Package rerunfilecheck Info: File `previewCh2.out' has not changed.
(rerunfilecheck)             Checksum: 03D6B825E35E4A85735D07A09DE420D5;11328.


LaTeX Warning: There were undefined references.


LaTeX Warning: There were multiply-defined labels.

 ) 
Here is how much of TeX's memory you used:
 7661 strings out of 494053
 115450 string characters out of 3146173
 204906 words of memory out of 3000000
 10182 multiletter control sequences out of 15000+200000
 16108 words of font info for 62 fonts, out of 3000000 for 9000
 715 hyphenation exceptions out of 8191
 31i,11n,31p,2057b,663s stack positions out of 5000i,500n,10000p,200000b,50000s
<C:/Program Files (x86)/MiKTeX 2.9/fonts/type1/public/amsfonts/cm/cmbx10.pfb>
<C:/Program Files (x86)/MiKTeX 2.9/fonts/type1/public/amsfonts/cm/cmbx12.pfb><C
:/Program Files (x86)/MiKTeX 2.9/fonts/type1/public/amsfonts/cm/cmbx7.pfb><C:/P
rogram Files (x86)/MiKTeX 2.9/fonts/type1/public/amsfonts/cm/cmbx8.pfb><C:/Prog
ram Files (x86)/MiKTeX 2.9/fonts/type1/public/amsfonts/cm/cmex10.pfb><C:/Progra
m Files (x86)/MiKTeX 2.9/fonts/type1/public/amsfonts/cmextra/cmex8.pfb><C:/Prog
ram Files (x86)/MiKTeX 2.9/fonts/type1/public/amsfonts/cm/cmmi10.pfb><C:/Progra
m Files (x86)/MiKTeX 2.9/fonts/type1/public/amsfonts/cm/cmmi12.pfb><C:/Program 
Files (x86)/MiKTeX 2.9/fonts/type1/public/amsfonts/cm/cmmi5.pfb><C:/Program Fil
es (x86)/MiKTeX 2.9/fonts/type1/public/amsfonts/cm/cmmi7.pfb><C:/Program Files 
(x86)/MiKTeX 2.9/fonts/type1/public/amsfonts/cm/cmmi8.pfb><C:/Program Files (x8
6)/MiKTeX 2.9/fonts/type1/public/amsfonts/cm/cmr10.pfb><C:/Program Files (x86)/
MiKTeX 2.9/fonts/type1/public/amsfonts/cm/cmr6.pfb><C:/Program Files (x86)/MiKT
eX 2.9/fonts/type1/public/amsfonts/cm/cmr7.pfb><C:/Program Files (x86)/MiKTeX 2
.9/fonts/type1/public/amsfonts/cm/cmr8.pfb><C:/Program Files (x86)/MiKTeX 2.9/f
onts/type1/public/amsfonts/cm/cmsl10.pfb><C:/Program Files (x86)/MiKTeX 2.9/fon
ts/type1/public/amsfonts/cm/cmss8.pfb><C:/Program Files (x86)/MiKTeX 2.9/fonts/
type1/public/amsfonts/cm/cmsy10.pfb><C:/Program Files (x86)/MiKTeX 2.9/fonts/ty
pe1/public/amsfonts/cm/cmsy7.pfb><C:/Program Files (x86)/MiKTeX 2.9/fonts/type1
/public/amsfonts/cm/cmsy8.pfb><C:/Program Files (x86)/MiKTeX 2.9/fonts/type1/pu
blic/amsfonts/cm/cmti10.pfb><C:/Program Files (x86)/MiKTeX 2.9/fonts/type1/publ
ic/amsfonts/cm/cmtt10.pfb><C:/Program Files (x86)/MiKTeX 2.9/fonts/type1/public
/amsfonts/cm/cmtt12.pfb><C:/Program Files (x86)/MiKTeX 2.9/fonts/type1/public/a
msfonts/cm/cmtt8.pfb><C:/Program Files (x86)/MiKTeX 2.9/fonts/type1/public/amsf
onts/cm/cmtt9.pfb><C:/Program Files (x86)/MiKTeX 2.9/fonts/type1/public/amsfont
s/symbols/msbm10.pfb>
Output written on previewCh2.pdf (206 pages, 2412454 bytes).
PDF statistics:
 2574 PDF objects out of 2984 (max. 8388607)
 583 named destinations out of 1000 (max. 500000)
 1261 words of extra memory for PDF output out of 10000 (max. 10000000)

