\BOOKMARK [0][-]{chapter*.1}{Preface}{}% 1
\BOOKMARK [0][-]{chapter*.1}{Acknowledgments}{}% 2
\BOOKMARK [-1][-]{part.1}{Background and Concepts}{}% 3
\BOOKMARK [0][-]{chapter.1}{ Introduction }{part.1}% 4
\BOOKMARK [1][-]{section.1.1}{The Study of Populations by Capture-Recapture}{chapter.1}% 5
\BOOKMARK [1][-]{section.1.2}{Lions and Tigers and Bears, Oh My: Genesis of Spatial Capture-Recapture Data}{chapter.1}% 6
\BOOKMARK [2][-]{subsection.1.2.1}{Camera trapping}{section.1.2}% 7
\BOOKMARK [2][-]{subsection.1.2.2}{DNA sampling}{section.1.2}% 8
\BOOKMARK [2][-]{subsection.1.2.3}{Acoustic sampling}{section.1.2}% 9
\BOOKMARK [2][-]{subsection.1.2.4}{Search-encounter methods}{section.1.2}% 10
\BOOKMARK [1][-]{section.1.3}{Capture-Recapture for Modeling Encounter Probability}{chapter.1}% 11
\BOOKMARK [2][-]{subsection.1.3.1}{Example: Fort Drum bear study}{section.1.3}% 12
\BOOKMARK [2][-]{subsection.1.3.2}{Inadequacy of non-spatial capture-recapture}{section.1.3}% 13
\BOOKMARK [1][-]{section.1.4}{ Historical Context: A Brief Synopsis}{chapter.1}% 14
\BOOKMARK [2][-]{subsection.1.4.1}{Buffering}{section.1.4}% 15
\BOOKMARK [2][-]{subsection.1.4.2}{Temporary emigration}{section.1.4}% 16
\BOOKMARK [1][-]{section.1.5}{Extension of Closed Population Models}{chapter.1}% 17
\BOOKMARK [2][-]{subsection.1.5.1}{Towards spatial explicitness: Efford's formulation}{section.1.5}% 18
\BOOKMARK [2][-]{subsection.1.5.2}{Abundance as the aggregation of a point process}{section.1.5}% 19
\BOOKMARK [2][-]{subsection.1.5.3}{The activity center concept}{section.1.5}% 20
\BOOKMARK [2][-]{subsection.1.5.4}{The state-space}{section.1.5}% 21
\BOOKMARK [2][-]{subsection.1.5.5}{Abundance and density}{section.1.5}% 22
\BOOKMARK [1][-]{section.1.6}{Characterization of SCR models}{chapter.1}% 23
\BOOKMARK [1][-]{section.1.7}{Summary and Outlook}{chapter.1}% 24
\BOOKMARK [0][-]{chapter.2}{ Statistical Models and SCR }{part.1}% 25
\BOOKMARK [1][-]{section.2.1}{Random Variables and Probability Distributions}{chapter.2}% 26
\BOOKMARK [2][-]{subsection.2.1.1}{Stochasticity in ecology}{section.2.1}% 27
\BOOKMARK [2][-]{subsection.2.1.2}{Properties of probability distributions}{section.2.1}% 28
\BOOKMARK [1][-]{section.2.2}{Common Probability Distributions}{chapter.2}% 29
\BOOKMARK [2][-]{subsection.2.2.1}{The binomial distribution}{section.2.2}% 30
\BOOKMARK [2][-]{subsection.2.2.2}{The Bernoulli distribution}{section.2.2}% 31
\BOOKMARK [2][-]{subsection.2.2.3}{The multinomial and categorical distributions}{section.2.2}% 32
\BOOKMARK [2][-]{subsection.2.2.4}{The Poisson distribution}{section.2.2}% 33
\BOOKMARK [2][-]{subsection.2.2.5}{The uniform distribution}{section.2.2}% 34
\BOOKMARK [2][-]{subsection.2.2.6}{Other distributions}{section.2.2}% 35
\BOOKMARK [1][-]{section.2.3}{Statistical Inference and Parameter Estimation}{chapter.2}% 36
\BOOKMARK [1][-]{section.2.4}{Joint, Marginal, and Conditional Distributions}{chapter.2}% 37
\BOOKMARK [1][-]{section.2.5}{Hierarchical Models and Inference}{chapter.2}% 38
\BOOKMARK [1][-]{section.2.6}{Characterization of SCR Models}{chapter.2}% 39
\BOOKMARK [1][-]{section.2.7}{Summary and Outlook}{chapter.2}% 40
\BOOKMARK [0][-]{chapter.3}{ Closed Population Models }{part.1}% 41
\BOOKMARK [1][-]{section.3.1}{The Simplest Closed Population Model: Model M0}{chapter.3}% 42
\BOOKMARK [2][-]{subsection.3.1.1}{The core capture-recapture assumptions}{section.3.1}% 43
\BOOKMARK [2][-]{subsection.3.1.2}{Conditional likelihood}{section.3.1}% 44
\BOOKMARK [1][-]{section.3.2}{Data Augmentation }{chapter.3}% 45
\BOOKMARK [2][-]{subsection.3.2.1}{DA links occupancy models and closed population models}{section.3.2}% 46
\BOOKMARK [2][-]{subsection.3.2.2}{Model M0 in BUGS}{section.3.2}% 47
\BOOKMARK [2][-]{subsection.3.2.3}{Formal development of data augmentation \(DA\) }{section.3.2}% 48
\BOOKMARK [2][-]{subsection.3.2.4}{Remarks on data augmentation}{section.3.2}% 49
\BOOKMARK [2][-]{subsection.3.2.5}{Example: Black bear study on Fort Drum}{section.3.2}% 50
\BOOKMARK [1][-]{section.3.3}{Temporally Varying and Behavioral Effects}{chapter.3}% 51
\BOOKMARK [1][-]{section.3.4}{ Models with Individual Heterogeneity}{chapter.3}% 52
\BOOKMARK [2][-]{subsection.3.4.1}{Analysis of model Mh}{section.3.4}% 53
\BOOKMARK [2][-]{subsection.3.4.2}{Analysis of the Fort Drum data with model Mh}{section.3.4}% 54
\BOOKMARK [2][-]{subsection.3.4.3}{Comparison with MLE}{section.3.4}% 55
\BOOKMARK [1][-]{section.3.5}{Individual Covariate Models: Toward Spatial Capture-Recapture}{chapter.3}% 56
\BOOKMARK [2][-]{subsection.3.5.1}{Example: Location of capture as a covariate}{section.3.5}% 57
\BOOKMARK [2][-]{subsection.3.5.2}{Fort Drum bear study}{section.3.5}% 58
\BOOKMARK [2][-]{subsection.3.5.3}{Extension of the model}{section.3.5}% 59
\BOOKMARK [2][-]{subsection.3.5.4}{Invariance of density to B}{section.3.5}% 60
\BOOKMARK [2][-]{subsection.3.5.5}{Toward fully spatial capture-recapture models}{section.3.5}% 61
\BOOKMARK [1][-]{section.3.6}{Distance Sampling: A Primitive SCR Model}{chapter.3}% 62
\BOOKMARK [2][-]{subsection.3.6.1}{Example: Sonoran desert tortoise study}{section.3.6}% 63
\BOOKMARK [1][-]{section.3.7}{Summary and Outlook}{chapter.3}% 64
\BOOKMARK [-1][-]{part.2}{Basic SCR Models}{}% 65
\BOOKMARK [0][-]{chapter.4}{Fully Spatial Capture-Recapture Models}{part.2}% 66
\BOOKMARK [1][-]{section.4.1}{Sampling Design and Data Structure}{chapter.4}% 67
\BOOKMARK [1][-]{section.4.2}{The binomial observation model}{chapter.4}% 68
\BOOKMARK [2][-]{subsection.4.2.1}{Definition of home range center}{section.4.2}% 69
\BOOKMARK [2][-]{subsection.4.2.2}{Distance as a latent variable}{section.4.2}% 70
\BOOKMARK [1][-]{section.4.3}{ The Binomial Point Process Model}{chapter.4}% 71
\BOOKMARK [2][-]{subsection.4.3.1}{The state-space of the point process}{section.4.3}% 72
\BOOKMARK [2][-]{subsection.4.3.2}{Connection to model Mh and distance sampling}{section.4.3}% 73
\BOOKMARK [1][-]{section.4.4}{The Implied Model of Space Usage}{chapter.4}% 74
\BOOKMARK [2][-]{subsection.4.4.1}{Bivariate normal case}{section.4.4}% 75
\BOOKMARK [2][-]{subsection.4.4.2}{Empirical analysis}{section.4.4}% 76
\BOOKMARK [2][-]{subsection.4.4.3}{Relevance of understanding space usage}{section.4.4}% 77
\BOOKMARK [2][-]{subsection.4.4.4}{Contamination due to behavioral response}{section.4.4}% 78
\BOOKMARK [1][-]{section.4.5}{Simulating SCR Data}{chapter.4}% 79
\BOOKMARK [2][-]{subsection.4.5.1}{Formatting and manipulating real data sets}{section.4.5}% 80
\BOOKMARK [1][-]{section.4.6}{Fitting Model SCR0 in BUGS}{chapter.4}% 81
\BOOKMARK [1][-]{section.4.7}{Unknown N}{chapter.4}% 82
\BOOKMARK [2][-]{subsection.4.7.1}{Analysis using data augmentation in WinBUGS}{section.4.7}% 83
\BOOKMARK [2][-]{subsection.4.7.2}{Implied home range area}{section.4.7}% 84
\BOOKMARK [2][-]{subsection.4.7.3}{Realized and expected density}{section.4.7}% 85
\BOOKMARK [1][-]{section.4.8}{The Core SCR Assumptions}{chapter.4}% 86
\BOOKMARK [1][-]{section.4.9}{Wolverine Camera Trapping Study}{chapter.4}% 87
\BOOKMARK [2][-]{subsection.4.9.1}{Practical data organization}{section.4.9}% 88
\BOOKMARK [2][-]{subsection.4.9.2}{Fitting the model in WinBUGS}{section.4.9}% 89
\BOOKMARK [2][-]{subsection.4.9.3}{Summary of the wolverine analysis}{section.4.9}% 90
\BOOKMARK [2][-]{subsection.4.9.4}{Wolverine space usage}{section.4.9}% 91
\BOOKMARK [1][-]{section.4.10}{Using a Discrete Habitat Mask}{chapter.4}% 92
\BOOKMARK [2][-]{subsection.4.10.1}{Evaluation of coarseness of habitat mask}{section.4.10}% 93
\BOOKMARK [2][-]{subsection.4.10.2}{Analysis of the wolverine camera trapping data}{section.4.10}% 94
\BOOKMARK [1][-]{section.4.11}{Summarizing Density and Activity Center Locations}{chapter.4}% 95
\BOOKMARK [2][-]{subsection.4.11.1}{Constructing density maps}{section.4.11}% 96
\BOOKMARK [2][-]{subsection.4.11.2}{Example: Wolverine density map}{section.4.11}% 97
\BOOKMARK [2][-]{subsection.4.11.3}{Predicting where an individual lives}{section.4.11}% 98
\BOOKMARK [1][-]{section.4.12}{Effective Sample Area}{chapter.4}% 99
\BOOKMARK [1][-]{section.4.13}{ Summary and Outlook }{chapter.4}% 100
\BOOKMARK [0][-]{chapter.5}{ Likelihood Analysis of Spatial Capture-Recapture Models }{part.2}% 101
\BOOKMARK [1][-]{section.5.1}{MLE with Known N}{chapter.5}% 102
\BOOKMARK [2][-]{subsection.5.1.1}{Implementation \(simulated data\)}{section.5.1}% 103
\BOOKMARK [1][-]{section.5.2}{MLE when N is Unknown}{chapter.5}% 104
\BOOKMARK [2][-]{subsection.5.2.1}{Integrated likelihood under data augmentation }{section.5.2}% 105
\BOOKMARK [2][-]{subsection.5.2.2}{Extensions}{section.5.2}% 106
\BOOKMARK [1][-]{section.5.3}{Classical Model Selection and Assessment}{chapter.5}% 107
\BOOKMARK [1][-]{section.5.4}{Likelihood Analysis of the Wolverine Camera Trapping Data}{chapter.5}% 108
\BOOKMARK [2][-]{subsection.5.4.1}{Sensitivity to integration grid and state-space buffer}{section.5.4}% 109
\BOOKMARK [2][-]{subsection.5.4.2}{Using a habitat mask \(Restricted state-space\)}{section.5.4}% 110
\BOOKMARK [1][-]{section.5.5}{DENSITY and the R Package secr }{chapter.5}% 111
\BOOKMARK [2][-]{subsection.5.5.1}{Encounter device types and detection models}{section.5.5}% 112
\BOOKMARK [2][-]{subsection.5.5.2}{Analysis using the secr package}{section.5.5}% 113
\BOOKMARK [2][-]{subsection.5.5.3}{Likelihood analysis in the secr package}{section.5.5}% 114
\BOOKMARK [2][-]{subsection.5.5.4}{Multi-session models in secr}{section.5.5}% 115
\BOOKMARK [2][-]{subsection.5.5.5}{Some additional capabilities of secr}{section.5.5}% 116
\BOOKMARK [1][-]{section.5.6}{Summary and Outlook}{chapter.5}% 117
\BOOKMARK [0][-]{chapter.6}{ Modeling Encounter Probability }{part.2}% 118
\BOOKMARK [1][-]{section.6.1}{Encounter Probability Models}{chapter.6}% 119
\BOOKMARK [2][-]{subsection.6.1.1}{Bayesian analysis with bear.JAGS}{section.6.1}% 120
\BOOKMARK [2][-]{subsection.6.1.2}{Bayesian analysis of encounter probability models}{section.6.1}% 121
\BOOKMARK [1][-]{section.6.2}{Modeling Covariate Effects}{chapter.6}% 122
\BOOKMARK [2][-]{subsection.6.2.1}{Date and time}{section.6.2}% 123
\BOOKMARK [2][-]{subsection.6.2.2}{Trap-specific covariates}{section.6.2}% 124
\BOOKMARK [2][-]{subsection.6.2.3}{Behavior or trap response by individual}{section.6.2}% 125
\BOOKMARK [2][-]{subsection.6.2.4}{Individual covariates}{section.6.2}% 126
\BOOKMARK [1][-]{section.6.3}{Individual Heterogeneity}{chapter.6}% 127
\BOOKMARK [2][-]{subsection.6.3.1}{Models of heterogeneity}{section.6.3}% 128
\BOOKMARK [2][-]{subsection.6.3.2}{Heterogeneity induced by variation in home range size}{section.6.3}% 129
\BOOKMARK [1][-]{section.6.4}{Likelihood Analysis in secr}{chapter.6}% 130
\BOOKMARK [2][-]{subsection.6.4.1}{Notes for fitting standard models}{section.6.4}% 131
\BOOKMARK [2][-]{subsection.6.4.2}{Sex effects}{section.6.4}% 132
\BOOKMARK [2][-]{subsection.6.4.3}{Individual heterogeneity}{section.6.4}% 133
\BOOKMARK [2][-]{subsection.6.4.4}{Model selection in secr \040using AIC}{section.6.4}% 134
\BOOKMARK [1][-]{section.6.5}{Summary and Outlook}{chapter.6}% 135
\BOOKMARK [0][-]{chapter.7}{ Model Selection and Assessment }{part.2}% 136
\BOOKMARK [1][-]{section.7.1}{Model Selection by AIC}{chapter.7}% 137
\BOOKMARK [2][-]{subsection.7.1.1}{AIC analysis of the wolverine data}{section.7.1}% 138
\BOOKMARK [1][-]{section.7.2}{Bayesian Model Selection}{chapter.7}% 139
\BOOKMARK [2][-]{subsection.7.2.1}{Model selection by DIC }{section.7.2}% 140
\BOOKMARK [2][-]{subsection.7.2.2}{DIC analysis of the wolverine data}{section.7.2}% 141
\BOOKMARK [2][-]{subsection.7.2.3}{Bayesian model averaging with indicator variables}{section.7.2}% 142
\BOOKMARK [2][-]{subsection.7.2.4}{Choosing among detection functions}{section.7.2}% 143
\BOOKMARK [1][-]{section.7.3}{Evaluating Goodness-of-Fit}{chapter.7}% 144
\BOOKMARK [1][-]{section.7.4}{The Two Components of Model Fit}{chapter.7}% 145
\BOOKMARK [2][-]{subsection.7.4.1}{Testing uniformity or spatial randomness}{section.7.4}% 146
\BOOKMARK [2][-]{subsection.7.4.2}{Assessing fit of the observation model}{section.7.4}% 147
\BOOKMARK [2][-]{subsection.7.4.3}{Does the SCR model fit the wolverine data?}{section.7.4}% 148
\BOOKMARK [1][-]{section.7.5}{Quantifying Lack-of-fit and Remediation}{chapter.7}% 149
\BOOKMARK [1][-]{section.7.6}{ Summary and Outlook }{chapter.7}% 150
\BOOKMARK [0][-]{chapter.8}{Alternative Observation Models}{part.2}% 151
\BOOKMARK [1][-]{section.8.1}{Poisson Observation Model}{chapter.8}% 152
\BOOKMARK [2][-]{subsection.8.1.1}{Poisson model of space usage}{section.8.1}% 153
\BOOKMARK [2][-]{subsection.8.1.2}{Poisson relationship to the Bernoulli model}{section.8.1}% 154
\BOOKMARK [2][-]{subsection.8.1.3}{A cautionary note on modeling encounter frequencies}{section.8.1}% 155
\BOOKMARK [2][-]{subsection.8.1.4}{Analysis of the Poisson SCR model in BUGS}{section.8.1}% 156
\BOOKMARK [2][-]{subsection.8.1.5}{Simulating data and fitting the model}{section.8.1}% 157
\BOOKMARK [2][-]{subsection.8.1.6}{Analysis of the wolverine study data}{section.8.1}% 158
\BOOKMARK [2][-]{subsection.8.1.7}{Count detector models in the secr package}{section.8.1}% 159
\BOOKMARK [1][-]{section.8.2}{Independent Multinomial Observations}{chapter.8}% 160
\BOOKMARK [2][-]{subsection.8.2.1}{Multinomial resource selection models}{section.8.2}% 161
\BOOKMARK [2][-]{subsection.8.2.2}{Simulating data and analysis using JAGS}{section.8.2}% 162
\BOOKMARK [2][-]{subsection.8.2.3}{Multinomial relationship to the Poisson}{section.8.2}% 163
\BOOKMARK [2][-]{subsection.8.2.4}{Avian mist-netting example}{section.8.2}% 164
\BOOKMARK [1][-]{section.8.3}{Single-catch traps}{chapter.8}% 165
\BOOKMARK [2][-]{subsection.8.3.1}{Inference for single-catch systems}{section.8.3}% 166
\BOOKMARK [2][-]{subsection.8.3.2}{Analysis of Efford's possum trapping data}{section.8.3}% 167
\BOOKMARK [1][-]{section.8.4}{Acoustic sampling}{chapter.8}% 168
\BOOKMARK [2][-]{subsection.8.4.1}{The signal strength model}{section.8.4}% 169
\BOOKMARK [2][-]{subsection.8.4.2}{Implementation in secr}{section.8.4}% 170
\BOOKMARK [2][-]{subsection.8.4.3}{Implementation in BUGS}{section.8.4}% 171
\BOOKMARK [2][-]{subsection.8.4.4}{Other types of acoustic data}{section.8.4}% 172
\BOOKMARK [1][-]{section.8.5}{Summary and Outlook}{chapter.8}% 173
\BOOKMARK [0][-]{chapter.9}{ Sampling Design }{part.2}% 174
\BOOKMARK [1][-]{section.9.1}{General Considerations}{chapter.9}% 175
\BOOKMARK [2][-]{subsection.9.1.1}{Model-based not design-based}{section.9.1}% 176
\BOOKMARK [2][-]{subsection.9.1.2}{Sampling space or sampling individuals?}{section.9.1}% 177
\BOOKMARK [2][-]{subsection.9.1.3}{Scope of inference vs. state-space}{section.9.1}% 178
\BOOKMARK [1][-]{section.9.2}{Study design for \(spatial\) capture-recapture}{chapter.9}% 179
\BOOKMARK [1][-]{section.9.3}{Trap spacing and array size relative to animal movement}{chapter.9}% 180
\BOOKMARK [2][-]{subsection.9.3.1}{Example: Black bears from Pictured Rocks National Lakeshore: }{section.9.3}% 181
\BOOKMARK [2][-]{subsection.9.3.2}{Final musings: SCR models, trap spacing and array size}{section.9.3}% 182
\BOOKMARK [1][-]{section.9.4}{ Spacing of traps with telemetered individuals}{chapter.9}% 183
\BOOKMARK [1][-]{section.9.5}{Sampling over large scales}{chapter.9}% 184
\BOOKMARK [1][-]{section.9.6}{Model-based Spatial Design}{chapter.9}% 185
\BOOKMARK [2][-]{subsection.9.6.1}{Formalization of the Design Problem for SCR Studies}{section.9.6}% 186
\BOOKMARK [2][-]{subsection.9.6.2}{An Optimal Design Criterion for SCR}{section.9.6}% 187
\BOOKMARK [2][-]{subsection.9.6.3}{Optimization of the criterion}{section.9.6}% 188
\BOOKMARK [2][-]{subsection.9.6.4}{Illustration}{section.9.6}% 189
\BOOKMARK [1][-]{section.9.7}{Covariate models}{chapter.9}% 190
\BOOKMARK [1][-]{section.9.8}{Summary and Outlook}{chapter.9}% 191
\BOOKMARK [-1][-]{part.3}{Advanced SCR Models}{}% 192
\BOOKMARK [0][-]{chapter.10}{ Modeling Spatial Variation in Density }{part.3}% 193
\BOOKMARK [1][-]{section.10.1}{Homogeneous point process revisited}{chapter.10}% 194
\BOOKMARK [1][-]{section.10.2}{Inhomogeneous point processes}{chapter.10}% 195
\BOOKMARK [1][-]{section.10.3}{Observed Point Processes}{chapter.10}% 196
\BOOKMARK [1][-]{section.10.4}{Fitting inhomogeneous point process SCR models}{chapter.10}% 197
\BOOKMARK [2][-]{subsection.10.4.1}{Continuous space}{section.10.4}% 198
\BOOKMARK [2][-]{subsection.10.4.2}{Discrete space}{section.10.4}% 199
\BOOKMARK [1][-]{section.10.5}{Ecological Distance and Density Covariates}{chapter.10}% 200
\BOOKMARK [1][-]{section.10.6}{The Jaguar Data}{chapter.10}% 201
\BOOKMARK [1][-]{section.10.7}{Summary and Outlook}{chapter.10}% 202
\BOOKMARK [0][-]{chapter.11}{ Modeling Landscape Connectivity }{part.3}% 203
\BOOKMARK [1][-]{section.11.1}{Shortcomings of Euclidean Distance Models}{chapter.11}% 204
\BOOKMARK [1][-]{section.11.2}{Least-Cost Path Distance}{chapter.11}% 205
\BOOKMARK [2][-]{subsection.11.2.1}{Example of Computing Cost-weighted distance}{section.11.2}% 206
\BOOKMARK [1][-]{section.11.3}{Simulating SCR Data using Ecological Distance}{chapter.11}% 207
\BOOKMARK [1][-]{section.11.4}{Likelihood Analysis of Ecological Distance Models}{chapter.11}% 208
\BOOKMARK [2][-]{subsection.11.4.1}{Example of SCR with Least-Cost Path}{section.11.4}% 209
\BOOKMARK [1][-]{section.11.5}{Bayesian Analysis}{chapter.11}% 210
\BOOKMARK [1][-]{section.11.6}{Simulation Evaluation of the MLE}{chapter.11}% 211
\BOOKMARK [2][-]{subsection.11.6.1}{Simulation Results}{section.11.6}% 212
\BOOKMARK [1][-]{section.11.7}{Distance In an Irregular Patch}{chapter.11}% 213
\BOOKMARK [2][-]{subsection.11.7.1}{Basic Geographic Analysis in R}{section.11.7}% 214
\BOOKMARK [1][-]{section.11.8}{Summary and Outlook}{chapter.11}% 215
\BOOKMARK [0][-]{chapter.12}{ Integrating Resource Selection with Spatial Capture-Recapture Models}{part.3}% 216
\BOOKMARK [1][-]{section.12.1}{A Simple Model of Space Usage}{chapter.12}% 217
\BOOKMARK [2][-]{subsection.12.1.1}{Poisson use model}{section.12.1}% 218
\BOOKMARK [2][-]{subsection.12.1.2}{Thinning}{section.12.1}% 219
\BOOKMARK [2][-]{subsection.12.1.3}{Capture-recapture Data}{section.12.1}% 220
\BOOKMARK [1][-]{section.12.2}{The Joint RSF/SCR Likelihood}{chapter.12}% 221
\BOOKMARK [1][-]{section.12.3}{Application: New York Black Bear Study}{chapter.12}% 222
\BOOKMARK [1][-]{section.12.4}{Simulation Study}{chapter.12}% 223
\BOOKMARK [1][-]{section.12.5}{Summary and Outlook}{chapter.12}% 224
\BOOKMARK [0][-]{chapter.13}{Stratified Populations: Multi-session and Multi-site Data}{part.3}% 225
\BOOKMARK [1][-]{section.13.1}{Data Structure}{chapter.13}% 226
\BOOKMARK [1][-]{section.13.2}{Multinomial Abundance Models}{chapter.13}% 227
\BOOKMARK [2][-]{subsection.13.2.1}{Observation Models}{section.13.2}% 228
\BOOKMARK [2][-]{subsection.13.2.2}{Simulating group structured capture-recapture data}{section.13.2}% 229
\BOOKMARK [2][-]{subsection.13.2.3}{Fitting in BUGS}{section.13.2}% 230
\BOOKMARK [2][-]{subsection.13.2.4}{Approach B modeling }{section.13.2}% 231
\BOOKMARK [1][-]{section.13.3}{Spatial Capture-Recapture}{chapter.13}% 232
\BOOKMARK [1][-]{section.13.4}{Application}{chapter.13}% 233
\BOOKMARK [2][-]{subsection.13.4.1}{Results}{section.13.4}% 234
\BOOKMARK [1][-]{section.13.5}{Topics in Multi-Session models}{chapter.13}% 235
\BOOKMARK [2][-]{subsection.13.5.1}{Temporal models }{section.13.5}% 236
\BOOKMARK [2][-]{subsection.13.5.2}{Dependence \205 is it a problem?}{section.13.5}% 237
\BOOKMARK [1][-]{section.13.6}{Multi-session models in secr }{chapter.13}% 238
\BOOKMARK [2][-]{subsection.13.6.1}{Ovenbird data in WinBUGS?}{section.13.6}% 239
\BOOKMARK [2][-]{subsection.13.6.2}{Converse data in secr?}{section.13.6}% 240
\BOOKMARK [1][-]{section.13.7}{Summary and Outlook}{chapter.13}% 241
\BOOKMARK [0][-]{chapter.14}{Models for Search-Encounter Data}{part.3}% 242
\BOOKMARK [1][-]{section.14.1}{Search-Encounter sampling designs}{chapter.14}% 243
\BOOKMARK [1][-]{section.14.2}{A Model for Search-Encounter Data}{chapter.14}% 244
\BOOKMARK [2][-]{subsection.14.2.1}{Ecological process model }{section.14.2}% 245
\BOOKMARK [2][-]{subsection.14.2.2}{Other stuff}{section.14.2}% 246
\BOOKMARK [1][-]{section.14.3}{Examples}{chapter.14}% 247
\BOOKMARK [2][-]{subsection.14.3.1}{Hard plot boundaries}{section.14.3}% 248
\BOOKMARK [2][-]{subsection.14.3.2}{Analysis of other protocols}{section.14.3}% 249
\BOOKMARK [1][-]{section.14.4}{ Design 3: Ad hoc implementation of Design 1. }{chapter.14}% 250
\BOOKMARK [1][-]{section.14.5}{Capricaillie crap}{chapter.14}% 251
\BOOKMARK [2][-]{subsection.14.5.1}{model}{section.14.5}% 252
\BOOKMARK [1][-]{section.14.6}{Design 4 \205 no location info }{chapter.14}% 253
\BOOKMARK [1][-]{section.14.7}{Summary and Outlook}{chapter.14}% 254
\BOOKMARK [0][-]{chapter.15}{Open Population Models}{part.3}% 255
\BOOKMARK [1][-]{section.15.1}{Introduction}{chapter.15}% 256
\BOOKMARK [2][-]{subsection.15.1.1}{Overview of Population Dynamics}{section.15.1}% 257
\BOOKMARK [2][-]{subsection.15.1.2}{Animal movement related to population demography}{section.15.1}% 258
\BOOKMARK [2][-]{subsection.15.1.3}{Basic assumptions of JS and CJS models}{section.15.1}% 259
\BOOKMARK [1][-]{section.15.2}{Traditional Jolly-Seber Models}{chapter.15}% 260
\BOOKMARK [2][-]{subsection.15.2.1}{Data Augmentation for the Jolly-Seber Model}{section.15.2}% 261
\BOOKMARK [2][-]{subsection.15.2.2}{Mist-netting example}{section.15.2}% 262
\BOOKMARK [2][-]{subsection.15.2.3}{Shortcomings of the traditional JS models}{section.15.2}% 263
\BOOKMARK [1][-]{section.15.3}{Spatial Jolly-Seber Models}{chapter.15}% 264
\BOOKMARK [2][-]{subsection.15.3.1}{Mist-netting example}{section.15.3}% 265
\BOOKMARK [1][-]{section.15.4}{Traditional CJS models}{chapter.15}% 266
\BOOKMARK [2][-]{subsection.15.4.1}{Migratory fish example}{section.15.4}% 267
\BOOKMARK [1][-]{section.15.5}{Multi-state CJS models}{chapter.15}% 268
\BOOKMARK [2][-]{subsection.15.5.1}{Migratory fish example}{section.15.5}% 269
\BOOKMARK [1][-]{section.15.6}{Spatial CJS models}{chapter.15}% 270
\BOOKMARK [2][-]{subsection.15.6.1}{Migratory fish example}{section.15.6}% 271
\BOOKMARK [1][-]{section.15.7}{Moving Activity Centers}{chapter.15}% 272
\BOOKMARK [2][-]{subsection.15.7.1}{Migratory Fish Example Notes}{section.15.7}% 273
\BOOKMARK [1][-]{section.15.8}{Summary and Outlook}{chapter.15}% 274
\BOOKMARK [-1][-]{part.4}{Super-Advanced SCR Models}{}% 275
\BOOKMARK [0][-]{chapter.16}{ Developing Markov Chain Monte Carlo Samplers }{part.4}% 276
\BOOKMARK [1][-]{subsection.16.0.1}{Why build your own MCMC algorithm?}{chapter.16}% 277
\BOOKMARK [1][-]{section.16.1}{MCMC and posterior distributions}{chapter.16}% 278
\BOOKMARK [1][-]{section.16.2}{Types of MCMC sampling}{chapter.16}% 279
\BOOKMARK [2][-]{subsection.16.2.1}{Gibbs sampling}{section.16.2}% 280
\BOOKMARK [2][-]{subsection.16.2.2}{ Metropolis-Hastings sampling }{section.16.2}% 281
\BOOKMARK [2][-]{subsection.16.2.3}{ Metropolis-within-Gibbs }{section.16.2}% 282
\BOOKMARK [2][-]{subsection.16.2.4}{Rejection sampling and slice sampling }{section.16.2}% 283
\BOOKMARK [1][-]{section.16.3}{MCMC for closed capture-recapture Model Mh}{chapter.16}% 284
\BOOKMARK [1][-]{section.16.4}{MCMC algorithm for model SCR0}{chapter.16}% 285
\BOOKMARK [2][-]{subsection.16.4.1}{SCR model with binomial encounter process}{section.16.4}% 286
\BOOKMARK [2][-]{subsection.16.4.2}{Looking at model output}{section.16.4}% 287
\BOOKMARK [2][-]{subsection.16.4.3}{Posterior density plots}{section.16.4}% 288
\BOOKMARK [2][-]{subsection.16.4.4}{Serial autocorrelation and effective sample size}{section.16.4}% 289
\BOOKMARK [2][-]{subsection.16.4.5}{Summary results}{section.16.4}% 290
\BOOKMARK [2][-]{subsection.16.4.6}{Other useful commands }{section.16.4}% 291
\BOOKMARK [1][-]{section.16.5}{Manipulating the state-space}{chapter.16}% 292
\BOOKMARK [1][-]{section.16.6}{Increasing computational speed}{chapter.16}% 293
\BOOKMARK [2][-]{subsection.16.6.1}{Parallel computing}{section.16.6}% 294
\BOOKMARK [2][-]{subsection.16.6.2}{Using C++}{section.16.6}% 295
\BOOKMARK [1][-]{section.16.7}{Summary and Outlook}{chapter.16}% 296
\BOOKMARK [0][-]{chapter.17}{Spatial Capture-Recapture for Unmarked Populations}{part.4}% 297
\BOOKMARK [1][-]{section.17.1}{Existing Models for Inference About Density in Unmarked Populations}{chapter.17}% 298
\BOOKMARK [1][-]{section.17.2}{Spatial Correlation as Information}{chapter.17}% 299
\BOOKMARK [1][-]{section.17.3}{Data}{chapter.17}% 300
\BOOKMARK [1][-]{section.17.4}{Model}{chapter.17}% 301
\BOOKMARK [1][-]{section.17.5}{Northern Parula Example}{chapter.17}% 302
\BOOKMARK [1][-]{section.17.6}{Improving Precision with Prior Information}{chapter.17}% 303
\BOOKMARK [1][-]{section.17.7}{Design issues}{chapter.17}% 304
\BOOKMARK [2][-]{subsection.17.7.1}{How Much Correlation Is Enough?}{section.17.7}% 305
\BOOKMARK [2][-]{subsection.17.7.2}{Linear Designs}{section.17.7}% 306
\BOOKMARK [2][-]{subsection.17.7.3}{Quadrat counts}{section.17.7}% 307
\BOOKMARK [1][-]{section.17.8}{Alternative Observation Models}{chapter.17}% 308
\BOOKMARK [2][-]{subsection.17.8.1}{Spatial point process models}{section.17.8}% 309
\BOOKMARK [1][-]{section.17.9}{Conclusion}{chapter.17}% 310
\BOOKMARK [0][-]{chapter.18}{ Spatial Mark-Resight Models for partially identifiable populations }{part.4}% 311
\BOOKMARK [1][-]{section.18.1}{Background}{chapter.18}% 312
\BOOKMARK [2][-]{subsection.18.1.1}{Types of partial ID data}{section.18.1}% 313
\BOOKMARK [2][-]{subsection.18.1.2}{A short history of mark-resight models}{section.18.1}% 314
\BOOKMARK [1][-]{section.18.2}{Known number of marked individuals}{chapter.18}% 315
\BOOKMARK [2][-]{subsection.18.2.1}{MCMC for a spatial mark-resight model}{section.18.2}% 316
\BOOKMARK [2][-]{subsection.18.2.2}{Binomial encounter model}{section.18.2}% 317
\BOOKMARK [1][-]{section.18.3}{Unknown number of marked individuals}{chapter.18}% 318
\BOOKMARK [1][-]{section.18.4}{Imperfect identification of marked individuals}{chapter.18}% 319
\BOOKMARK [1][-]{section.18.5}{How much information do marked and unmarked individuals contribute?}{chapter.18}% 320
\BOOKMARK [1][-]{section.18.6}{Incorporating telemetry data}{chapter.18}% 321
\BOOKMARK [1][-]{section.18.7}{Summary and Outlook}{chapter.18}% 322
\BOOKMARK [0][-]{chapter.19}{ 2012: A Spatial Capture-Recapture Odyssey }{part.4}% 323
\BOOKMARK [1][-]{section.19.1}{10 thesis or dissertation topics}{chapter.19}% 324
\BOOKMARK [1][-]{section.19.2}{Three dimesional space}{chapter.19}% 325
\BOOKMARK [1][-]{section.19.3}{Gregarious species}{chapter.19}% 326
\BOOKMARK [-1][-]{part.5}{Appendices}{}% 327
\BOOKMARK [0][-]{section.19.4}{WinBUGS}{part.5}% 328
\BOOKMARK [1][-]{subsection.19.4.1}{WinBUGS through R}{section.19.4}% 329
\BOOKMARK [1][-]{section.19.5}{OpenBUGS}{section.19.4}% 330
\BOOKMARK [2][-]{subsection.19.5.1}{OpenBUGS through R}{section.19.5}% 331
\BOOKMARK [1][-]{section.19.6}{JAGS}{section.19.4}% 332
\BOOKMARK [2][-]{subsection.19.6.1}{JAGS through R}{section.19.6}% 333
\BOOKMARK [1][-]{section.19.7}{R}{section.19.4}% 334
\BOOKMARK [2][-]{subsection.19.7.1}{R packages}{section.19.7}% 335
\BOOKMARK [0][-]{section*.21}{Bibliography}{part.5}% 336
