This is pdfTeX, Version 3.1415926-1.40.11 (MiKTeX 2.9 64-bit) (preloaded format=pdflatex 2011.11.3)  28 DEC 2011 15:06
entering extended mode
**previewCh4.tex
("F:\Book- Spatial Capture Recapture\scrbook\Ch4\previewCh4.tex"
LaTeX2e <2009/09/24>
Babel <v3.8l> and hyphenation patterns for english, afrikaans, ancientgreek, ar
abic, armenian, assamese, basque, bengali, bokmal, bulgarian, catalan, coptic, 
croatian, czech, danish, dutch, esperanto, estonian, farsi, finnish, french, ga
lician, german, german-x-2009-06-19, greek, gujarati, hindi, hungarian, iceland
ic, indonesian, interlingua, irish, italian, kannada, kurmanji, lao, latin, lat
vian, lithuanian, malayalam, marathi, mongolian, mongolianlmc, monogreek, ngerm
an, ngerman-x-2009-06-19, nynorsk, oriya, panjabi, pinyin, polish, portuguese, 
romanian, russian, sanskrit, serbian, slovak, slovenian, spanish, swedish, swis
sgerman, tamil, telugu, turkish, turkmen, ukenglish, ukrainian, uppersorbian, u
senglishmax, welsh, loaded.
("C:\Program Files\MiKTeX 2.9\tex\latex\base\book.cls"
Document Class: book 2007/10/19 v1.4h Standard LaTeX document class
("C:\Program Files\MiKTeX 2.9\tex\latex\base\bk10.clo"
File: bk10.clo 2007/10/19 v1.4h Standard LaTeX file (size option)
)
\c@part=\count79
\c@chapter=\count80
\c@section=\count81
\c@subsection=\count82
\c@subsubsection=\count83
\c@paragraph=\count84
\c@subparagraph=\count85
\c@figure=\count86
\c@table=\count87
\abovecaptionskip=\skip41
\belowcaptionskip=\skip42
\bibindent=\dimen102
)
("C:\Program Files\MiKTeX 2.9\tex\latex\float\float.sty"
Package: float 2001/11/08 v1.3d Float enhancements (AL)
\c@float@type=\count88
\float@exts=\toks14
\float@box=\box26
\@float@everytoks=\toks15
\@floatcapt=\box27
)
("C:\Program Files\MiKTeX 2.9\tex\latex\ams\math\amsmath.sty"
Package: amsmath 2000/07/18 v2.13 AMS math features
\@mathmargin=\skip43

For additional information on amsmath, use the `?' option.
("C:\Program Files\MiKTeX 2.9\tex\latex\ams\math\amstext.sty"
Package: amstext 2000/06/29 v2.01

("C:\Program Files\MiKTeX 2.9\tex\latex\ams\math\amsgen.sty"
File: amsgen.sty 1999/11/30 v2.0
\@emptytoks=\toks16
\ex@=\dimen103
))
("C:\Program Files\MiKTeX 2.9\tex\latex\ams\math\amsbsy.sty"
Package: amsbsy 1999/11/29 v1.2d
\pmbraise@=\dimen104
)
("C:\Program Files\MiKTeX 2.9\tex\latex\ams\math\amsopn.sty"
Package: amsopn 1999/12/14 v2.01 operator names
)
\inf@bad=\count89
LaTeX Info: Redefining \frac on input line 211.
\uproot@=\count90
\leftroot@=\count91
LaTeX Info: Redefining \overline on input line 307.
\classnum@=\count92
\DOTSCASE@=\count93
LaTeX Info: Redefining \ldots on input line 379.
LaTeX Info: Redefining \dots on input line 382.
LaTeX Info: Redefining \cdots on input line 467.
\Mathstrutbox@=\box28
\strutbox@=\box29
\big@size=\dimen105
LaTeX Font Info:    Redeclaring font encoding OML on input line 567.
LaTeX Font Info:    Redeclaring font encoding OMS on input line 568.
\macc@depth=\count94
\c@MaxMatrixCols=\count95
\dotsspace@=\muskip10
\c@parentequation=\count96
\dspbrk@lvl=\count97
\tag@help=\toks17
\row@=\count98
\column@=\count99
\maxfields@=\count100
\andhelp@=\toks18
\eqnshift@=\dimen106
\alignsep@=\dimen107
\tagshift@=\dimen108
\tagwidth@=\dimen109
\totwidth@=\dimen110
\lineht@=\dimen111
\@envbody=\toks19
\multlinegap=\skip44
\multlinetaggap=\skip45
\mathdisplay@stack=\toks20
LaTeX Info: Redefining \[ on input line 2666.
LaTeX Info: Redefining \] on input line 2667.
)
("C:\Program Files\MiKTeX 2.9\tex\latex\amsfonts\amsfonts.sty"
Package: amsfonts 2009/06/22 v3.00 Basic AMSFonts support
\symAMSa=\mathgroup4
\symAMSb=\mathgroup5
LaTeX Font Info:    Overwriting math alphabet `\mathfrak' in version `bold'
(Font)                  U/euf/m/n --> U/euf/b/n on input line 96.
)
("C:\Program Files\MiKTeX 2.9\tex\latex\graphics\graphicx.sty"
Package: graphicx 1999/02/16 v1.0f Enhanced LaTeX Graphics (DPC,SPQR)

("C:\Program Files\MiKTeX 2.9\tex\latex\graphics\keyval.sty"
Package: keyval 1999/03/16 v1.13 key=value parser (DPC)
\KV@toks@=\toks21
)
("C:\Program Files\MiKTeX 2.9\tex\latex\graphics\graphics.sty"
Package: graphics 2009/02/05 v1.0o Standard LaTeX Graphics (DPC,SPQR)

("C:\Program Files\MiKTeX 2.9\tex\latex\graphics\trig.sty"
Package: trig 1999/03/16 v1.09 sin cos tan (DPC)
)
("C:\Program Files\MiKTeX 2.9\tex\latex\00miktex\graphics.cfg"
File: graphics.cfg 2007/01/18 v1.5 graphics configuration of teTeX/TeXLive
)
Package graphics Info: Driver file: pdftex.def on input line 91.

("C:\Program Files\MiKTeX 2.9\tex\latex\pdftex-def\pdftex.def"
File: pdftex.def 2011/01/28 v0.05d Graphics/color for pdfTeX
\Gread@gobject=\count101
))
\Gin@req@height=\dimen112
\Gin@req@width=\dimen113
)
(C:\Users\aroyle\AppData\Roaming\MiKTeX\2.9\tex\latex\lineno\lineno.sty
Package: lineno 2005/11/02 line numbers on paragraphs v4.41
\linenopenalty=\count102
\output=\toks22
\linenoprevgraf=\count103
\linenumbersep=\dimen114
\linenumberwidth=\dimen115
\c@linenumber=\count104
\c@pagewiselinenumber=\count105
\c@LN@truepage=\count106
\c@internallinenumber=\count107
\c@internallinenumbers=\count108
\quotelinenumbersep=\dimen116
\bframerule=\dimen117
\bframesep=\dimen118
\bframebox=\box30
LaTeX Info: Redefining \\ on input line 3056.
)
("C:\Program Files\MiKTeX 2.9\tex\latex\natbib\natbib.sty"
Package: natbib 2010/09/13 8.31b (PWD, AO)
\bibhang=\skip46
\bibsep=\skip47
LaTeX Info: Redefining \cite on input line 694.
\c@NAT@ctr=\count109
)
("C:\Program Files\MiKTeX 2.9\tex\latex\tools\verbatim.sty"
Package: verbatim 2003/08/22 v1.5q LaTeX2e package for verbatim enhancements
\every@verbatim=\toks23
\verbatim@line=\toks24
\verbatim@in@stream=\read1
)
\@float@every@algorithm=\toks25
\c@algorithm=\count110
\@float@every@panel=\toks26
\c@panel=\count111

("F:\Book- Spatial Capture Recapture\scrbook\Ch4\previewCh4.aux")
LaTeX Font Info:    Checking defaults for OML/cmm/m/it on input line 20.
LaTeX Font Info:    ... okay on input line 20.
LaTeX Font Info:    Checking defaults for T1/cmr/m/n on input line 20.
LaTeX Font Info:    ... okay on input line 20.
LaTeX Font Info:    Checking defaults for OT1/cmr/m/n on input line 20.
LaTeX Font Info:    ... okay on input line 20.
LaTeX Font Info:    Checking defaults for OMS/cmsy/m/n on input line 20.
LaTeX Font Info:    ... okay on input line 20.
LaTeX Font Info:    Checking defaults for OMX/cmex/m/n on input line 20.
LaTeX Font Info:    ... okay on input line 20.
LaTeX Font Info:    Checking defaults for U/cmr/m/n on input line 20.
LaTeX Font Info:    ... okay on input line 20.

("C:\Program Files\MiKTeX 2.9\tex\context\base\supp-pdf.mkii"
[Loading MPS to PDF converter (version 2006.09.02).]
\scratchcounter=\count112
\scratchdimen=\dimen119
\scratchbox=\box31
\nofMPsegments=\count113
\nofMParguments=\count114
\everyMPshowfont=\toks27
\MPscratchCnt=\count115
\MPscratchDim=\dimen120
\MPnumerator=\count116
\makeMPintoPDFobject=\count117
\everyMPtoPDFconversion=\toks28
) ("F:\Book- Spatial Capture Recapture\scrbook\Ch4\Chapter4.tex"
Chapter 1.
LaTeX Font Info:    Try loading font information for U+msa on input line 38.
("C:\Program Files\MiKTeX 2.9\tex\latex\amsfonts\umsa.fd"
File: umsa.fd 2009/06/22 v3.00 AMS symbols A
)
LaTeX Font Info:    Try loading font information for U+msb on input line 38.

("C:\Program Files\MiKTeX 2.9\tex\latex\amsfonts\umsb.fd"
File: umsb.fd 2009/06/22 v3.00 AMS symbols B
)
Underfull \vbox (badness 2261) has occurred while \output is active []

 [1


{C:/Users/aroyle/AppData/Local/MiKTeX/2.9/pdftex/config/pdftex.map}]

Package natbib Warning: Citation `efford:XXXX' on page 2 undefined on input lin
e 89.

[2] [3]
Overfull \hbox (3.86543pt too wide) in paragraph at lines 186--197
\OT1/cmr/m/n/10 like-li-hood (con-di-tional on $\OT1/cmr/bx/n/10 s$\OT1/cmr/m/n
/10 ) to be the prod-uct of $\OML/cmm/m/it/10 J$ \OT1/cmr/m/it/10 in-de-pen-den
t \OT1/cmr/m/n/10 capture-recapture
 []

[4] <figs/binomialpoint.png, id=28, 567.11874pt x 566.115pt>
File: figs/binomialpoint.png Graphic file (type png)

<use figs/binomialpoint.png> [5 <F:/Book- Spatial Capture Recapture/scrbook/Ch4
/figs/binomialpoint.png (PNG copy)>]
Underfull \vbox (badness 3058) has occurred while \output is active []

 [6]
[7] [8] <figs/buffereffect.png, id=43, 725.71124pt x 273.02pt>
File: figs/buffereffect.png Graphic file (type png)

<use figs/buffereffect.png>
Overfull \hbox (16.34999pt too wide) in paragraph at lines 468--469
 [] 
 []

[9 <F:/Book- Spatial Capture Recapture/scrbook/Ch4/figs/buffereffect.png (PNG c
opy)>]
Overfull \hbox (42.4455pt too wide) in paragraph at lines 537--537
[]\OT1/cmtt/m/n/9 Dmat<-e2dist(traplocs,traplocs) # in cases where speed doesn'
t matter, it might be[] 
 []


Overfull \hbox (37.72055pt too wide) in paragraph at lines 539--539
[]                                \OT1/cmtt/m/n/9 # Plus, people will want to c
opy/paste this stuff[] 
 []

[10]
Overfull \hbox (53.99652pt too wide) in paragraph at lines 587--587
[]\OT1/cmtt/m/n/10 [1] "Y"        "traplocs" "xlim"     "ylim"     "N"        "
alpha0"   "beta"[] 
 []

[11]
Overfull \hbox (84.97pt too wide) in paragraph at lines 636--636
[]\OT1/cmtt/m/n/9 Y2d<- apply(Y,c(1,3),sum) # sum over the ``replicates'' dimen
sion (2nd margin of the array)[] 
 []


Overfull \hbox (28.27066pt too wide) in paragraph at lines 637--637
[]\OT1/cmtt/m/n/9 ncaps<-apply(Y2d,1,sum)   # compute how many times each indiv
idual was captured[] 
 []

[12]
Overfull \hbox (32.9967pt too wide) in paragraph at lines 712--712
[]\OT1/cmtt/m/n/10 sst<-cbind(runif(nind,Xl,Xu),runif(nind,Yl,Yu))  # starting 
values for s[] 
 []

[13]
Overfull \hbox (1.49698pt too wide) in paragraph at lines 731--731
[]\OT1/cmtt/m/n/10 n.chains=nc, n.burnin=nb,n.iter=ni,debug=TRUE,working.dir=ge
twd())[] 
 []


Overfull \hbox (4.64594pt too wide) in paragraph at lines 750--750
[]            \OT1/cmtt/m/n/9 mean     sd    2.5%     25%    50%     75%   97.5
%  Rhat n.eff[] 
 []


Overfull \hbox (4.64594pt too wide) in paragraph at lines 751--751
[]\OT1/cmtt/m/n/9 alpha0    -2.496  0.224  -2.954  -2.648  -2.48  -2.340  -2.09
1 1.013   190[] 
 []


Overfull \hbox (4.64594pt too wide) in paragraph at lines 752--752
[]\OT1/cmtt/m/n/9 theta      2.442  0.419   1.638   2.145   2.44   2.721   3.30
3 1.005   530[] 
 []


Overfull \hbox (4.64594pt too wide) in paragraph at lines 753--753
[]\OT1/cmtt/m/n/9 deviance 292.803 21.155 255.597 277.500 291.90 306.000 339.30
2 1.006   380[] 
 []


Overfull \hbox (4.64594pt too wide) in paragraph at lines 756--756
[]\OT1/cmtt/m/n/9 and Rhat is the potential scale reduction factor (at converge
nce, Rhat=1).[] 
 []


Overfull \hbox (9.37088pt too wide) in paragraph at lines 760--760
[]\OT1/cmtt/m/n/9 DIC is an estimate of expected predictive error (lower devian
ce is better).[] 
 []

[14]

LaTeX Warning: Reference `chapt.mcmc' on page 15 undefined on input line 831.

[15] [16]
Overfull \hbox (14.09583pt too wide) in paragraph at lines 921--921
[]\OT1/cmtt/m/n/9 out <- bugs (data, inits, parameters, "SCR0a.txt", n.thin=nth
in,n.chains=nc,[] 
 []

[17]
Overfull \hbox (4.64594pt too wide) in paragraph at lines 949--949
[]\OT1/cmtt/m/n/9 and Rhat is the potential scale reduction factor (at converge
nce, Rhat=1).[] 
 []


Overfull \hbox (9.37088pt too wide) in paragraph at lines 953--953
[]\OT1/cmtt/m/n/9 DIC is an estimate of expected predictive error (lower devian
ce is better).[] 
 []


Overfull \hbox (4.64594pt too wide) in paragraph at lines 996--996
[]\OT1/cmtt/m/n/9 and Rhat is the potential scale reduction factor (at converge
nce, Rhat=1).[] 
 []

[18]
Overfull \hbox (9.37088pt too wide) in paragraph at lines 1000--1000
[]\OT1/cmtt/m/n/9 DIC is an estimate of expected predictive error (lower devian
ce is better).[] 
 []


Package natbib Warning: Citation `royle_etal:2011' on page 19 undefined on inpu
t line 1037.


Package natbib Warning: Citation `royle_etal:2011' on page 19 undefined on inpu
t line 1046.

<figs/wolverinelocs.png, id=76, 484.81125pt x 649.42625pt>
File: figs/wolverinelocs.png Graphic file (type png)

<use figs/wolverinelocs.png> [19] [20 <F:/Book- Spatial Capture Recapture/scrbo
ok/Ch4/figs/wolverinelocs.png (PNG copy)>] [21]

Package natbib Warning: Citation `royle_etal:2011' on page 22 undefined on inpu
t line 1197.

[22]
Overfull \hbox (6.74693pt too wide) in paragraph at lines 1266--1266
[]           \OT1/cmtt/m/n/10 mean    sd   2.5%    25%    50%    75%  97.5% Rha
t n.eff[] 
 []


Overfull \hbox (6.74693pt too wide) in paragraph at lines 1267--1267
[]\OT1/cmtt/m/n/10 psi        0.11  0.02   0.07   0.10   0.11   0.13   0.17    
1  2400[] 
 []


Overfull \hbox (6.74693pt too wide) in paragraph at lines 1268--1268
[]\OT1/cmtt/m/n/10 sigma      1.79  0.29   1.31   1.58   1.75   1.97   2.46    
1   600[] 
 []


Overfull \hbox (6.74693pt too wide) in paragraph at lines 1269--1269
[]\OT1/cmtt/m/n/10 p0         0.03  0.00   0.02   0.03   0.03   0.03   0.04    
1 13000[] 
 []


Overfull \hbox (6.74693pt too wide) in paragraph at lines 1270--1270
[]\OT1/cmtt/m/n/10 N         33.02  4.99  25.00  29.00  32.00  36.00  44.00    
1  1600[] 
 []


Overfull \hbox (6.74693pt too wide) in paragraph at lines 1271--1271
[]\OT1/cmtt/m/n/10 D          4.93  0.75   3.73   4.33   4.78   5.38   6.57    
1  1600[] 
 []

[23]
Overfull \hbox (6.74693pt too wide) in paragraph at lines 1272--1272
[]\OT1/cmtt/m/n/10 beta       0.17  0.05   0.08   0.13   0.16   0.20   0.29    
1   600[] 
 []


Overfull \hbox (6.74693pt too wide) in paragraph at lines 1273--1273
[]\OT1/cmtt/m/n/10 deviance 441.97 11.49 421.50 434.00 441.20 449.20 466.30    
1  6600[] 
 []


Overfull \hbox (6.74693pt too wide) in paragraph at lines 1281--1281
[]           \OT1/cmtt/m/n/10 mean    sd   2.5%    25%    50%    75%  97.5% Rha
t n.eff[] 
 []


Overfull \hbox (6.74693pt too wide) in paragraph at lines 1282--1282
[]\OT1/cmtt/m/n/10 psi        0.16  0.04   0.10   0.13   0.16   0.18   0.24    
1  4200[] 
 []


Overfull \hbox (6.74693pt too wide) in paragraph at lines 1283--1283
[]\OT1/cmtt/m/n/10 sigma      1.78  0.32   1.29   1.55   1.73   1.94   2.56    
1 20000[] 
 []


Overfull \hbox (6.74693pt too wide) in paragraph at lines 1284--1284
[]\OT1/cmtt/m/n/10 p0         0.03  0.00   0.02   0.03   0.03   0.03   0.04    
1  3000[] 
 []


Overfull \hbox (6.74693pt too wide) in paragraph at lines 1285--1285
[]\OT1/cmtt/m/n/10 N         47.40  9.19  32.00  41.00  46.00  53.00  68.00    
1  5900[] 
 []


Overfull \hbox (6.74693pt too wide) in paragraph at lines 1286--1286
[]\OT1/cmtt/m/n/10 D          4.57  0.89   3.08   3.95   4.43   5.11   6.55    
1  5900[] 
 []


Overfull \hbox (6.74693pt too wide) in paragraph at lines 1287--1287
[]\OT1/cmtt/m/n/10 beta       0.17  0.06   0.08   0.13   0.17   0.21   0.30    
1 20000[] 
 []


Overfull \hbox (6.74693pt too wide) in paragraph at lines 1288--1288
[]\OT1/cmtt/m/n/10 deviance 444.36 11.84 423.60 436.00 443.60 451.80 469.70    
1  1800[] 
 []


Overfull \hbox (6.74693pt too wide) in paragraph at lines 1295--1295
[]           \OT1/cmtt/m/n/10 mean    sd   2.5%    25%    50%    75%  97.5% Rha
t n.eff[] 
 []


Overfull \hbox (6.74693pt too wide) in paragraph at lines 1296--1296
[]\OT1/cmtt/m/n/10 psi        0.19  0.04   0.11   0.16   0.19   0.22   0.29 1.0
0   790[] 
 []


Overfull \hbox (6.74693pt too wide) in paragraph at lines 1297--1297
[]\OT1/cmtt/m/n/10 sigma      1.80  0.34   1.30   1.56   1.75   1.98   2.59 1.0
1   400[] 
 []


Overfull \hbox (6.74693pt too wide) in paragraph at lines 1298--1298
[]\OT1/cmtt/m/n/10 p0         0.03  0.00   0.02   0.03   0.03   0.03   0.04 1.0
0  2800[] 
 []


Overfull \hbox (6.74693pt too wide) in paragraph at lines 1299--1299
[]\OT1/cmtt/m/n/10 N         56.66 11.47  37.00  48.00  56.00  64.00  82.00 1.0
0   570[] 
 []


Overfull \hbox (6.74693pt too wide) in paragraph at lines 1300--1300
[]\OT1/cmtt/m/n/10 D          4.53  0.92   2.96   3.84   4.48   5.11   6.55 1.0
0   570[] 
 []


Overfull \hbox (6.74693pt too wide) in paragraph at lines 1301--1301
[]\OT1/cmtt/m/n/10 beta       0.17  0.06   0.07   0.13   0.16   0.20   0.30 1.0
1   400[] 
 []


Overfull \hbox (6.74693pt too wide) in paragraph at lines 1302--1302
[]\OT1/cmtt/m/n/10 deviance 444.75 11.87 423.60 436.40 444.00 452.30 469.80 1.0
0 24000[] 
 []


Overfull \hbox (6.74693pt too wide) in paragraph at lines 1309--1309
[]           \OT1/cmtt/m/n/10 mean    sd   2.5%    25%    50%    75%  97.5% Rha
t n.eff[] 
 []


Overfull \hbox (6.74693pt too wide) in paragraph at lines 1310--1310
[]\OT1/cmtt/m/n/10 psi        0.23  0.05   0.14   0.19   0.22   0.26   0.34 1.0
0  1500[] 
 []


Overfull \hbox (6.74693pt too wide) in paragraph at lines 1311--1311
[]\OT1/cmtt/m/n/10 sigma      1.79  0.34   1.29   1.55   1.73   1.97   2.58 1.0
1   560[] 
 []


Overfull \hbox (6.74693pt too wide) in paragraph at lines 1312--1312
[]\OT1/cmtt/m/n/10 p0         0.03  0.00   0.02   0.03   0.03   0.03   0.04 1.0
0 30000[] 
 []


Overfull \hbox (6.74693pt too wide) in paragraph at lines 1313--1313
[]\OT1/cmtt/m/n/10 N         67.39 14.12  43.00  57.00  66.00  76.00  98.00 1.0
0  1200[] 
 []


Overfull \hbox (6.74693pt too wide) in paragraph at lines 1314--1314
[]\OT1/cmtt/m/n/10 D          4.54  0.95   2.90   3.84   4.44   5.12   6.60 1.0
0  1200[] 
 []


Overfull \hbox (6.74693pt too wide) in paragraph at lines 1315--1315
[]\OT1/cmtt/m/n/10 beta       0.17  0.06   0.07   0.13   0.17   0.21   0.30 1.0
1   560[] 
 []


Overfull \hbox (6.74693pt too wide) in paragraph at lines 1316--1316
[]\OT1/cmtt/m/n/10 deviance 444.58 11.83 423.60 436.40 443.80 452.20 469.90 1.0
0  4700[] 
 []

[24]
Overfull \hbox (6.74693pt too wide) in paragraph at lines 1323--1323
[]           \OT1/cmtt/m/n/10 mean    sd   2.5%    25%    50%    75%  97.5% Rha
t n.eff[] 
 []


Overfull \hbox (6.74693pt too wide) in paragraph at lines 1324--1324
[]\OT1/cmtt/m/n/10 psi        0.36  0.08   0.21   0.30   0.35   0.41   0.53    
1  5000[] 
 []


Overfull \hbox (6.74693pt too wide) in paragraph at lines 1325--1325
[]\OT1/cmtt/m/n/10 sigma      1.78  0.34   1.29   1.55   1.72   1.95   2.60    
1   850[] 
 []


Overfull \hbox (6.74693pt too wide) in paragraph at lines 1326--1326
[]\OT1/cmtt/m/n/10 p0         0.03  0.00   0.02   0.03   0.03   0.03   0.04    
1  3600[] 
 []


Overfull \hbox (6.74693pt too wide) in paragraph at lines 1327--1327
[]\OT1/cmtt/m/n/10 N        106.57 23.34  67.00  90.00 104.00 121.00 157.00    
1  3400[] 
 []


Overfull \hbox (6.74693pt too wide) in paragraph at lines 1328--1328
[]\OT1/cmtt/m/n/10 D          4.62  1.01   2.90   3.90   4.51   5.25   6.81    
1  3400[] 
 []


Overfull \hbox (6.74693pt too wide) in paragraph at lines 1329--1329
[]\OT1/cmtt/m/n/10 beta       0.17  0.06   0.07   0.13   0.17   0.21   0.30    
1   850[] 
 []


Overfull \hbox (6.74693pt too wide) in paragraph at lines 1330--1330
[]\OT1/cmtt/m/n/10 deviance 444.80 11.84 423.60 436.40 444.10 452.30 470.00    
1 30000[] 
 []


Overfull \hbox (6.74693pt too wide) in paragraph at lines 1337--1337
[]           \OT1/cmtt/m/n/10 mean    sd   2.5%    25%    50%    75%  97.5% Rha
t n.eff[] 
 []


Overfull \hbox (6.74693pt too wide) in paragraph at lines 1338--1338
[]\OT1/cmtt/m/n/10 psi        0.40  0.09   0.23   0.33   0.39   0.45   0.60 1.0
1  1300[] 
 []


Overfull \hbox (6.74693pt too wide) in paragraph at lines 1339--1339
[]\OT1/cmtt/m/n/10 sigma      1.82  0.48   1.30   1.56   1.74   1.97   2.68 1.0
5   200[] 
 []


Overfull \hbox (6.74693pt too wide) in paragraph at lines 1340--1340
[]\OT1/cmtt/m/n/10 p0         0.03  0.00   0.02   0.03   0.03   0.03   0.04 1.0
0  5800[] 
 []


Overfull \hbox (6.74693pt too wide) in paragraph at lines 1341--1341
[]\OT1/cmtt/m/n/10 N        118.47 26.81  71.00 100.00 117.00 135.00 176.00 1.0
1  1200[] 
 []


Overfull \hbox (6.74693pt too wide) in paragraph at lines 1342--1342
[]\OT1/cmtt/m/n/10 D          4.52  1.02   2.71   3.82   4.46   5.15   6.72 1.0
1  1200[] 
 []


Overfull \hbox (6.74693pt too wide) in paragraph at lines 1343--1343
[]\OT1/cmtt/m/n/10 beta       0.17  0.06   0.07   0.13   0.17   0.21   0.30 1.0
5   200[] 
 []


Overfull \hbox (6.74693pt too wide) in paragraph at lines 1344--1344
[]\OT1/cmtt/m/n/10 deviance 444.84 11.90 423.90 436.50 444.10 452.20 470.30 1.0
0   500[] 
 []


Underfull \vbox (badness 10000) has occurred while \output is active []

 [25]
[26] [27] <figs/densitymap1.png, id=106, 556.0775pt x 417.56pt>
File: figs/densitymap1.png Graphic file (type png)

<use figs/densitymap1.png>
<figs/densitymap2.png, id=107, 557.08125pt x 422.57875pt>
File: figs/densitymap2.png Graphic file (type png)

<use figs/densitymap2.png> [28] [29 <F:/Book- Spatial Capture Recapture/scrbook
/Ch4/figs/densitymap1.png (PNG copy)> <F:/Book- Spatial Capture Recapture/scrbo
ok/Ch4/figs/densitymap2.png (PNG copy)>] [30] [31]) [32] [33] [34

]
Chapter 2.
("F:\Book- Spatial Capture Recapture\scrbook\Ch4\previewCh4.bbl" [35] [36

]
[37])

Package natbib Warning: There were undefined citations.

[38] ("F:\Book- Spatial Capture Recapture\scrbook\Ch4\previewCh4.aux")

LaTeX Warning: There were undefined references.

 ) 
Here is how much of TeX's memory you used:
 2468 strings out of 494053
 32119 string characters out of 3148600
 97612 words of memory out of 3000000
 5735 multiletter control sequences out of 15000+200000
 14042 words of font info for 53 fonts, out of 3000000 for 9000
 715 hyphenation exceptions out of 8191
 27i,8n,24p,1681b,340s stack positions out of 5000i,500n,10000p,200000b,50000s
<C:/Program Files/MiKTeX 2.9/fonts/type1/public/amsfonts/cm/cmbx10.pfb><C:/Pr
ogram Files/MiKTeX 2.9/fonts/type1/public/amsfonts/cm/cmbx12.pfb><C:/Program Fi
les/MiKTeX 2.9/fonts/type1/public/amsfonts/cm/cmex10.pfb><C:/Program Files/MiKT
eX 2.9/fonts/type1/public/amsfonts/cm/cmmi10.pfb><C:/Program Files/MiKTeX 2.9/f
onts/type1/public/amsfonts/cm/cmmi7.pfb><C:/Program Files/MiKTeX 2.9/fonts/type
1/public/amsfonts/cm/cmr10.pfb><C:/Program Files/MiKTeX 2.9/fonts/type1/public/
amsfonts/cm/cmr6.pfb><C:/Program Files/MiKTeX 2.9/fonts/type1/public/amsfonts/c
m/cmr7.pfb><C:/Program Files/MiKTeX 2.9/fonts/type1/public/amsfonts/cm/cmr8.pfb
><C:/Program Files/MiKTeX 2.9/fonts/type1/public/amsfonts/cm/cmsl10.pfb><C:/Pro
gram Files/MiKTeX 2.9/fonts/type1/public/amsfonts/cm/cmss8.pfb><C:/Program File
s/MiKTeX 2.9/fonts/type1/public/amsfonts/cm/cmsy10.pfb><C:/Program Files/MiKTeX
 2.9/fonts/type1/public/amsfonts/cm/cmsy7.pfb><C:/Program Files/MiKTeX 2.9/font
s/type1/public/amsfonts/cm/cmti10.pfb><C:/Program Files/MiKTeX 2.9/fonts/type1/
public/amsfonts/cm/cmtt10.pfb><C:/Program Files/MiKTeX 2.9/fonts/type1/public/a
msfonts/cm/cmtt9.pfb>
Output written on previewCh4.pdf (38 pages, 527105 bytes).
PDF statistics:
 195 PDF objects out of 1000 (max. 8388607)
 0 named destinations out of 1000 (max. 500000)
 26 words of extra memory for PDF output out of 10000 (max. 10000000)

