\BOOKMARK [0][-]{chapter.1}{Introduction}{}% 1
\BOOKMARK [0][-]{chapter.2}{GLMS and WinBUGS}{}% 2
\BOOKMARK [0][-]{chapter.3}{Closed population models}{}% 3
\BOOKMARK [0][-]{chapter.4}{Fully Spatial Capture-Recapture Models}{}% 4
\BOOKMARK [1][-]{section.4.1}{Sampling Design and Data Structure}{chapter.4}% 5
\BOOKMARK [1][-]{section.4.2}{The binomial observation model }{chapter.4}% 6
\BOOKMARK [2][-]{subsection.4.2.1}{Distance as a latent variable}{section.4.2}% 7
\BOOKMARK [1][-]{section.4.3}{ The Binomial Point-process Model}{chapter.4}% 8
\BOOKMARK [2][-]{subsection.4.3.1}{Definition of home range center}{section.4.3}% 9
\BOOKMARK [2][-]{subsection.4.3.2}{The state-space of the point process}{section.4.3}% 10
\BOOKMARK [2][-]{subsection.4.3.3}{Invariance and the State-space as a model assumption}{section.4.3}% 11
\BOOKMARK [2][-]{subsection.4.3.4}{Connection to Model Mh}{section.4.3}% 12
\BOOKMARK [2][-]{subsection.4.3.5}{Connection to Distance Sampling}{section.4.3}% 13
\BOOKMARK [1][-]{section.4.4}{Simulating SCR Data}{chapter.4}% 14
\BOOKMARK [2][-]{subsection.4.4.1}{Formatting and manipulating real data sets}{section.4.4}% 15
\BOOKMARK [1][-]{section.4.5}{Fitting an SCR Model in BUGS}{chapter.4}% 16
\BOOKMARK [1][-]{section.4.6}{Unknown N}{chapter.4}% 17
\BOOKMARK [2][-]{subsection.4.6.1}{Analysis using data augmentation in WinBUGS}{section.4.6}% 18
\BOOKMARK [2][-]{subsection.4.6.2}{Use of other BUGS engines: JAGS}{section.4.6}% 19
\BOOKMARK [1][-]{section.4.7}{Case Study: Wolverine Camera Trapping Study}{chapter.4}% 20
\BOOKMARK [2][-]{subsection.4.7.1}{Fitting the model in WinBUGS}{section.4.7}% 21
\BOOKMARK [2][-]{subsection.4.7.2}{Conclusion of Analysis}{section.4.7}% 22
\BOOKMARK [1][-]{section.4.8}{Constructing Density Maps}{chapter.4}% 23
\BOOKMARK [2][-]{subsection.4.8.1}{Example: Wolverine density map. }{section.4.8}% 24
\BOOKMARK [1][-]{section.4.9}{Discrete State-Space}{chapter.4}% 25
\BOOKMARK [2][-]{subsection.4.9.1}{Evaluation of Coarseness of Discrete Approximation}{section.4.9}% 26
\BOOKMARK [2][-]{subsection.4.9.2}{Analysis of the wolverine camera trapping data}{section.4.9}% 27
\BOOKMARK [2][-]{subsection.4.9.3}{SCR models as multi-state models}{section.4.9}% 28
\BOOKMARK [1][-]{section.4.10}{ Summary and Outlook }{chapter.4}% 29
\BOOKMARK [0][-]{chapter.5}{Maximum likelihood estimation}{}% 30
\BOOKMARK [0][-]{chapter.6}{MCMC details}{}% 31
\BOOKMARK [0][-]{chapter.7}{Inhomogeneous Point Process}{}% 32
