This is pdfTeX, Version 3.1415926-2.3-1.40.12 (MiKTeX 2.9) (preloaded format=pdflatex 2011.12.19)  1 JAN 2012 22:22
entering extended mode
**previewCh2.tex
("F:\Book- Spatial Capture Recapture\scrbook\Ch2\previewCh2.tex"
LaTeX2e <2011/06/27>
Babel <v3.8m> and hyphenation patterns for english, afrikaans, ancientgreek, ar
abic, armenian, assamese, basque, bengali, bokmal, bulgarian, catalan, coptic, 
croatian, czech, danish, dutch, esperanto, estonian, farsi, finnish, french, ga
lician, german, german-x-2009-06-19, greek, gujarati, hindi, hungarian, iceland
ic, indonesian, interlingua, irish, italian, kannada, kurmanji, lao, latin, lat
vian, lithuanian, malayalam, marathi, mongolian, mongolianlmc, monogreek, ngerm
an, ngerman-x-2009-06-19, nynorsk, oriya, panjabi, pinyin, polish, portuguese, 
romanian, russian, sanskrit, serbian, slovak, slovenian, spanish, swedish, swis
sgerman, tamil, telugu, turkish, turkmen, ukenglish, ukrainian, uppersorbian, u
senglishmax, welsh, loaded.
("C:\Program Files (x86)\MiKTeX 2.9\tex\latex\base\book.cls"
Document Class: book 2007/10/19 v1.4h Standard LaTeX document class
("C:\Program Files (x86)\MiKTeX 2.9\tex\latex\base\bk10.clo"
File: bk10.clo 2007/10/19 v1.4h Standard LaTeX file (size option)
)
\c@part=\count79
\c@chapter=\count80
\c@section=\count81
\c@subsection=\count82
\c@subsubsection=\count83
\c@paragraph=\count84
\c@subparagraph=\count85
\c@figure=\count86
\c@table=\count87
\abovecaptionskip=\skip41
\belowcaptionskip=\skip42
\bibindent=\dimen102
)
("C:\Program Files (x86)\MiKTeX 2.9\tex\latex\float\float.sty"
Package: float 2001/11/08 v1.3d Float enhancements (AL)
\c@float@type=\count88
\float@exts=\toks14
\float@box=\box26
\@float@everytoks=\toks15
\@floatcapt=\box27
)
("C:\Program Files (x86)\MiKTeX 2.9\tex\latex\ams\math\amsmath.sty"
Package: amsmath 2000/07/18 v2.13 AMS math features
\@mathmargin=\skip43

For additional information on amsmath, use the `?' option.
("C:\Program Files (x86)\MiKTeX 2.9\tex\latex\ams\math\amstext.sty"
Package: amstext 2000/06/29 v2.01

("C:\Program Files (x86)\MiKTeX 2.9\tex\latex\ams\math\amsgen.sty"
File: amsgen.sty 1999/11/30 v2.0
\@emptytoks=\toks16
\ex@=\dimen103
))
("C:\Program Files (x86)\MiKTeX 2.9\tex\latex\ams\math\amsbsy.sty"
Package: amsbsy 1999/11/29 v1.2d
\pmbraise@=\dimen104
)
("C:\Program Files (x86)\MiKTeX 2.9\tex\latex\ams\math\amsopn.sty"
Package: amsopn 1999/12/14 v2.01 operator names
)
\inf@bad=\count89
LaTeX Info: Redefining \frac on input line 211.
\uproot@=\count90
\leftroot@=\count91
LaTeX Info: Redefining \overline on input line 307.
\classnum@=\count92
\DOTSCASE@=\count93
LaTeX Info: Redefining \ldots on input line 379.
LaTeX Info: Redefining \dots on input line 382.
LaTeX Info: Redefining \cdots on input line 467.
\Mathstrutbox@=\box28
\strutbox@=\box29
\big@size=\dimen105
LaTeX Font Info:    Redeclaring font encoding OML on input line 567.
LaTeX Font Info:    Redeclaring font encoding OMS on input line 568.
\macc@depth=\count94
\c@MaxMatrixCols=\count95
\dotsspace@=\muskip10
\c@parentequation=\count96
\dspbrk@lvl=\count97
\tag@help=\toks17
\row@=\count98
\column@=\count99
\maxfields@=\count100
\andhelp@=\toks18
\eqnshift@=\dimen106
\alignsep@=\dimen107
\tagshift@=\dimen108
\tagwidth@=\dimen109
\totwidth@=\dimen110
\lineht@=\dimen111
\@envbody=\toks19
\multlinegap=\skip44
\multlinetaggap=\skip45
\mathdisplay@stack=\toks20
LaTeX Info: Redefining \[ on input line 2666.
LaTeX Info: Redefining \] on input line 2667.
)
("C:\Program Files (x86)\MiKTeX 2.9\tex\latex\amsfonts\amsfonts.sty"
Package: amsfonts 2009/06/22 v3.00 Basic AMSFonts support
\symAMSa=\mathgroup4
\symAMSb=\mathgroup5
LaTeX Font Info:    Overwriting math alphabet `\mathfrak' in version `bold'
(Font)                  U/euf/m/n --> U/euf/b/n on input line 96.
)
("C:\Program Files (x86)\MiKTeX 2.9\tex\latex\graphics\graphicx.sty"
Package: graphicx 1999/02/16 v1.0f Enhanced LaTeX Graphics (DPC,SPQR)

("C:\Program Files (x86)\MiKTeX 2.9\tex\latex\graphics\keyval.sty"
Package: keyval 1999/03/16 v1.13 key=value parser (DPC)
\KV@toks@=\toks21
)
("C:\Program Files (x86)\MiKTeX 2.9\tex\latex\graphics\graphics.sty"
Package: graphics 2009/02/05 v1.0o Standard LaTeX Graphics (DPC,SPQR)

("C:\Program Files (x86)\MiKTeX 2.9\tex\latex\graphics\trig.sty"
Package: trig 1999/03/16 v1.09 sin cos tan (DPC)
)
("C:\Program Files (x86)\MiKTeX 2.9\tex\latex\00miktex\graphics.cfg"
File: graphics.cfg 2007/01/18 v1.5 graphics configuration of teTeX/TeXLive
)
Package graphics Info: Driver file: pdftex.def on input line 91.

("C:\Program Files (x86)\MiKTeX 2.9\tex\latex\pdftex-def\pdftex.def"
File: pdftex.def 2011/05/27 v0.06d Graphics/color for pdfTeX

("C:\Program Files (x86)\MiKTeX 2.9\tex\generic\oberdiek\infwarerr.sty"
Package: infwarerr 2010/04/08 v1.3 Providing info/warning/message (HO)
)
("C:\Program Files (x86)\MiKTeX 2.9\tex\generic\oberdiek\ltxcmds.sty"
Package: ltxcmds 2011/04/18 v1.20 LaTeX kernel commands for general use (HO)
)
\Gread@gobject=\count101
))
\Gin@req@height=\dimen112
\Gin@req@width=\dimen113
)
("C:\Program Files (x86)\MiKTeX 2.9\tex\latex\lineno\lineno.sty"
Package: lineno 2005/11/02 line numbers on paragraphs v4.41
\linenopenalty=\count102
\output=\toks22
\linenoprevgraf=\count103
\linenumbersep=\dimen114
\linenumberwidth=\dimen115
\c@linenumber=\count104
\c@pagewiselinenumber=\count105
\c@LN@truepage=\count106
\c@internallinenumber=\count107
\c@internallinenumbers=\count108
\quotelinenumbersep=\dimen116
\bframerule=\dimen117
\bframesep=\dimen118
\bframebox=\box30
LaTeX Info: Redefining \\ on input line 3056.
)
("C:\Program Files (x86)\MiKTeX 2.9\tex\latex\natbib\natbib.sty"
Package: natbib 2010/09/13 8.31b (PWD, AO)
\bibhang=\skip46
\bibsep=\skip47
LaTeX Info: Redefining \cite on input line 694.
\c@NAT@ctr=\count109
)
("C:\Program Files (x86)\MiKTeX 2.9\tex\latex\tools\verbatim.sty"
Package: verbatim 2003/08/22 v1.5q LaTeX2e package for verbatim enhancements
\every@verbatim=\toks23
\verbatim@line=\toks24
\verbatim@in@stream=\read1
)
\@float@every@algorithm=\toks25
\c@algorithm=\count110
\@float@every@panel=\toks26
\c@panel=\count111

("F:\Book- Spatial Capture Recapture\scrbook\Ch2\previewCh2.aux")
LaTeX Font Info:    Checking defaults for OML/cmm/m/it on input line 20.
LaTeX Font Info:    ... okay on input line 20.
LaTeX Font Info:    Checking defaults for T1/cmr/m/n on input line 20.
LaTeX Font Info:    ... okay on input line 20.
LaTeX Font Info:    Checking defaults for OT1/cmr/m/n on input line 20.
LaTeX Font Info:    ... okay on input line 20.
LaTeX Font Info:    Checking defaults for OMS/cmsy/m/n on input line 20.
LaTeX Font Info:    ... okay on input line 20.
LaTeX Font Info:    Checking defaults for OMX/cmex/m/n on input line 20.
LaTeX Font Info:    ... okay on input line 20.
LaTeX Font Info:    Checking defaults for U/cmr/m/n on input line 20.
LaTeX Font Info:    ... okay on input line 20.

("C:\Program Files (x86)\MiKTeX 2.9\tex\context\base\supp-pdf.mkii"
[Loading MPS to PDF converter (version 2006.09.02).]
\scratchcounter=\count112
\scratchdimen=\dimen119
\scratchbox=\box31
\nofMPsegments=\count113
\nofMParguments=\count114
\everyMPshowfont=\toks27
\MPscratchCnt=\count115
\MPscratchDim=\dimen120
\MPnumerator=\count116
\makeMPintoPDFobject=\count117
\everyMPtoPDFconversion=\toks28
)
Chapter 1.
("F:\Book- Spatial Capture Recapture\scrbook\Ch2\ch2.tex" [1


{C:/ProgramData/MiKTeX/2.9/pdftex/config/pdftex.map}] [2

]
Chapter 2.
[3]
LaTeX Font Info:    Try loading font information for U+msa on input line 76.
 ("C:\Program Files (x86)\MiKTeX 2.9\tex\latex\amsfonts\umsa.fd"
File: umsa.fd 2009/06/22 v3.00 AMS symbols A
)
LaTeX Font Info:    Try loading font information for U+msb on input line 76.

("C:\Program Files (x86)\MiKTeX 2.9\tex\latex\amsfonts\umsb.fd"
File: umsb.fd 2009/06/22 v3.00 AMS symbols B
) [4]

Package amsfonts Warning: Obsolete command \bold; \mathbf should be used instea
d on input line 157.

[5]
Overfull \hbox (0.13028pt too wide) in paragraph at lines 230--249
\OT1/cmr/m/n/10 bil-ity di-rectly to char-ac-ter-ize un-cer-tainty about things
 we don't know. ``Things'',
 []

[6] [7]
Overfull \hbox (42.22408pt too wide) detected at line 305
[]\OT1/cmr/m/n/10 (\OML/cmm/m/it/10 z \OT1/cmr/m/n/10 = 1\OMS/cmsy/m/n/10 j\OML
/cmm/m/it/10 y \OT1/cmr/m/n/10 = 0) = [](\OML/cmm/m/it/10 y \OT1/cmr/m/n/10 = 0
\OMS/cmsy/m/n/10 j\OML/cmm/m/it/10 z \OT1/cmr/m/n/10 = 1) [](\OML/cmm/m/it/10 z
 \OT1/cmr/m/n/10 = 1)\OML/cmm/m/it/10 = []\OT1/cmr/m/n/10 (\OML/cmm/m/it/10 y \
OT1/cmr/m/n/10 = 0) = [(1 \OMS/cmsy/m/n/10   \OML/cmm/m/it/10 p\OT1/cmr/m/n/10 
)[]\OML/cmm/m/it/10  \OT1/cmr/m/n/10 ]\OML/cmm/m/it/10 =\OT1/cmr/m/n/10 [(1 \OM
S/cmsy/m/n/10   \OML/cmm/m/it/10 p\OT1/cmr/m/n/10 )[]\OML/cmm/m/it/10   \OT1/cm
r/m/n/10 + (1 \OMS/cmsy/m/n/10   \OML/cmm/m/it/10  \OT1/cmr/m/n/10 )]\OML/cmm/m
/it/10 :
 []

[8] [9] [10] [11]
Overfull \hbox (34.4696pt too wide) in paragraph at lines 572--572
[]\OT1/cmr/bx/n/14.4 Characterizing pos-te-rior dis-tri-bu-tions by MCMC
 []

[12] [13] [14] [15] [16] [17] [18] [19] [20]
Overfull \hbox (4.64594pt too wide) in paragraph at lines 1123--1123
[]\OT1/cmtt/m/n/9 and Rhat is the potential scale reduction factor (at converge
nce, Rhat=1).[] 
 []


Underfull \vbox (badness 2119) has occurred while \output is active []

 [21]
[22] [23] [24] [25] <figs/PA1.png, id=97, 442.65375pt x 316.18124pt>
File: figs/PA1.png Graphic file (type png)

<use figs/PA1.png>
Package pdftex.def Info: figs/PA1.png used on input line 1373.
(pdftex.def)             Requested size: 278.24516pt x 198.7425pt.
 <figs/PA2.png, id=98, 442.65375pt x 360.34625pt>
File: figs/PA2.png Graphic file (type png)

<use figs/PA2.png>
Package pdftex.def Info: figs/PA2.png used on input line 1389.
(pdftex.def)             Requested size: 244.13573pt x 198.7425pt.
 [26] [27 <F:/Book- Spatial Capture Recapture/scrbook/Ch2/figs/PA1.png> <F:/Boo
k- Spatial Capture Recapture/scrbook/Ch2/figs/PA2.png>]
Overfull \hbox (353.24391pt too wide) in paragraph at lines 1427--1427
[]\OT1/cmtt/m/n/10 out<-bugs (data, inits, parameters, "PoissonGLM.txt", n.thin
=2, n.chains=2, n.burnin=2000,n.iter=6000,debug=TRUE,working.dir=getwd())[] 
 []


Overfull \hbox (27.74675pt too wide) in paragraph at lines 1435--1435
[] \OT1/cmtt/m/n/10 2 chains, each with 4000 iterations (first 1000 discarded),
 n.thin = 2[] 
 []


Overfull \hbox (80.24629pt too wide) in paragraph at lines 1437--1437
[]             \OT1/cmtt/m/n/10 mean     sd     2.5%      25%      50%      75%
    97.5%  Rhat n.eff[] 
 []

[28]
Overfull \hbox (80.24629pt too wide) in paragraph at lines 1438--1438
[]\OT1/cmtt/m/n/10 beta0       3.151  0.025    3.102    3.135    3.151    3.168
    3.199 1.001  2300[] 
 []


Overfull \hbox (80.24629pt too wide) in paragraph at lines 1439--1439
[]\OT1/cmtt/m/n/10 beta1      -0.498  0.021   -0.539   -0.512   -0.498   -0.484
   -0.457 1.001  3000[] 
 []


Overfull \hbox (80.24629pt too wide) in paragraph at lines 1440--1440
[]\OT1/cmtt/m/n/10 fit       869.930 19.856  835.500  855.700  868.600  881.900
  913.602 1.002  1600[] 
 []


Overfull \hbox (80.24629pt too wide) in paragraph at lines 1441--1441
[]\OT1/cmtt/m/n/10 fitnew     76.709 12.519   54.098   68.107   76.215   84.510
  102.602 1.001  3000[] 
 []


Overfull \hbox (17.24684pt too wide) in paragraph at lines 1442--1442
[]\OT1/cmtt/m/n/10 deviance 1116.605  2.014 1115.000 1115.000 1116.000 1117.000
 1122.000[] 
 []

[29]
Overfull \hbox (1634.23274pt too wide) in paragraph at lines 1486--1486
[]\OT1/cmtt/m/n/10 I would break this code up into more lines and have objects 
called ``prior'' and ``prior.candidate'' and ``lambda'' and ``likelihood.candid
ate''. Annoying stuff that will make it easier for people to understand. Also, 
remind people that $lik*prior = exp(log(like)+log(prior))$. Lots of people have
 been running around in the woods for years with traps, and have forgotten math
.[] 
 []


Overfull \hbox (589.49185pt too wide) in paragraph at lines 1488--1488
[]\OT1/cmtt/m/n/10 You could also mention that this is a random walk M-H. It wo
uld help lots of people out to see a non-symmetric proposal distribution, and t
he extra step needed to account for it.[] 
 []


Overfull \hbox (32.9967pt too wide) in paragraph at lines 1504--1504
[]\OT1/cmtt/m/n/10 if(runif(1)< exp(lik.cand+prior.cand-lik.curr-prior.curr)) b
eta0<-beta0c[] 
 []


Overfull \hbox (32.9967pt too wide) in paragraph at lines 1512--1512
[]\OT1/cmtt/m/n/10 if(runif(1)< exp(lik.cand+prior.cand-lik.curr-prior.curr)) b
eta1<-beta1c[] 
 []

<figs/MCMC1.png, id=111, 547.04375pt x 351.3125pt>
File: figs/MCMC1.png Graphic file (type png)
 <use figs/MCMC1.png>
Package pdftex.def Info: figs/MCMC1.png used on input line 1520.
(pdftex.def)             Requested size: 309.48096pt x 198.7425pt.

[30] <figs/MCMC2.png, id=115, 525.965pt x 339.2675pt>
File: figs/MCMC2.png Graphic file (type png)
 <use figs/MCMC2.png>
Package pdftex.def Info: figs/MCMC2.png used on input line 1542.
(pdftex.def)             Requested size: 308.10962pt x 198.7425pt.

<figs/MCMC3.png, id=116, 502.87875pt x 320.19624pt>
File: figs/MCMC3.png Graphic file (type png)
 <use figs/MCMC3.png>
Package pdftex.def Info: figs/MCMC3.png used on input line 1551.
(pdftex.def)             Requested size: 312.13457pt x 198.7425pt.

[31 <F:/Book- Spatial Capture Recapture/scrbook/Ch2/figs/MCMC1.png>] [32 <F:/Bo
ok- Spatial Capture Recapture/scrbook/Ch2/figs/MCMC2.png> <F:/Book- Spatial Cap
ture Recapture/scrbook/Ch2/figs/MCMC3.png>] [33]
Overfull \hbox (27.74675pt too wide) in paragraph at lines 1610--1610
[] \OT1/cmtt/m/n/10 2 chains, each with 5000 iterations (first 1000 discarded),
 n.thin = 2[] 
 []


Overfull \hbox (48.74657pt too wide) in paragraph at lines 1612--1612
[]            \OT1/cmtt/m/n/10 mean     sd    2.5%     25%     50%     75%   97
.5%  Rhat n.eff[] 
 []


Overfull \hbox (48.74657pt too wide) in paragraph at lines 1613--1613
[]\OT1/cmtt/m/n/10 beta0      2.967  0.076   2.817   2.915   2.969   3.020   3.
111 1.006   430[] 
 []


Overfull \hbox (48.74657pt too wide) in paragraph at lines 1614--1614
[]\OT1/cmtt/m/n/10 beta1     -0.518  0.073  -0.657  -0.566  -0.517  -0.470  -0.
374 1.008  4000[] 
 []


Overfull \hbox (48.74657pt too wide) in paragraph at lines 1615--1615
[]\OT1/cmtt/m/n/10 sigma      0.598  0.059   0.491   0.556   0.594   0.634   0.
725 1.004   640[] 
 []


Overfull \hbox (48.74657pt too wide) in paragraph at lines 1616--1616
[]\OT1/cmtt/m/n/10 tau        2.883  0.569   1.904   2.489   2.836   3.233   4.
149 1.004   640[] 
 []


Overfull \hbox (48.74657pt too wide) in paragraph at lines 1617--1617
[]\OT1/cmtt/m/n/10 fit       19.885  3.190  14.119  17.670  19.705  21.902  26.
610 1.001  4000[] 
 []


Overfull \hbox (48.74657pt too wide) in paragraph at lines 1618--1618
[]\OT1/cmtt/m/n/10 fitnew    20.043  3.422  14.100  17.630  19.770  22.292  27.
360 1.001  4000[] 
 []


Overfull \hbox (48.74657pt too wide) in paragraph at lines 1619--1619
[]\OT1/cmtt/m/n/10 deviance 446.255 12.290 424.000 437.700 445.600 454.100 472.
302 1.001  4000[] 
 []


Overfull \hbox (22.4968pt too wide) in paragraph at lines 1621--1621
[]\OT1/cmtt/m/n/10 For each parameter, n.eff is a crude measure of effective sa
mple size,[] 
 []


Overfull \hbox (43.49661pt too wide) in paragraph at lines 1622--1622
[]\OT1/cmtt/m/n/10 and Rhat is the potential scale reduction factor (at converg
ence, Rhat=1).[] 
 []


Overfull \hbox (48.74657pt too wide) in paragraph at lines 1626--1626
[]\OT1/cmtt/m/n/10 DIC is an estimate of expected predictive error (lower devia
nce is better).[] 
 []

[34] [35]
Overfull \hbox (116.99597pt too wide) in paragraph at lines 1726--1726
[]       \OT1/cmtt/m/n/10 logit(p[i,t]) <- alpha0[t] + alpha1*X[i,1] + alpha2*X
[i,2] + alpha3*X[i,1]*X[i,2][] 
 []

[36]
Overfull \hbox (27.74675pt too wide) in paragraph at lines 1753--1753
[] \OT1/cmtt/m/n/10 3 chains, each with 2000 iterations (first 1000 discarded),
 n.thin = 2[] 
 []


Overfull \hbox (80.24629pt too wide) in paragraph at lines 1755--1755
[]              \OT1/cmtt/m/n/10 mean    sd     2.5%      25%      50%      75%
    97.5%  Rhat n.eff[] 
 []


Overfull \hbox (80.24629pt too wide) in paragraph at lines 1756--1756
[]\OT1/cmtt/m/n/10 alpha0[1]   -2.346 0.036   -2.417   -2.370   -2.346   -2.323
   -2.277 1.001  1500[] 
 []


Overfull \hbox (80.24629pt too wide) in paragraph at lines 1757--1757
[]\OT1/cmtt/m/n/10 alpha0[2]   -2.356 0.032   -2.420   -2.379   -2.356   -2.335
   -2.292 1.001  1500[] 
 []


Overfull \hbox (80.24629pt too wide) in paragraph at lines 1758--1758
[]\OT1/cmtt/m/n/10 alpha0[3]   -2.220 0.035   -2.291   -2.244   -2.219   -2.197
   -2.153 1.001  1500[] 
 []


Overfull \hbox (80.24629pt too wide) in paragraph at lines 1759--1759
[]\OT1/cmtt/m/n/10 alpha0[4]   -2.144 0.039   -2.225   -2.169   -2.143   -2.116
   -2.068 1.000  1500[] 
 []


Overfull \hbox (80.24629pt too wide) in paragraph at lines 1760--1760
[]\OT1/cmtt/m/n/10 alpha0[5]   -1.925 0.034   -1.990   -1.949   -1.924   -1.901
   -1.856 1.004   570[] 
 []


Overfull \hbox (80.24629pt too wide) in paragraph at lines 1761--1761
[]\OT1/cmtt/m/n/10 alpha1      -0.023 0.003   -0.028   -0.025   -0.023   -0.022
   -0.018 1.001  1500[] 
 []


Overfull \hbox (80.24629pt too wide) in paragraph at lines 1762--1762
[]\OT1/cmtt/m/n/10 alpha2       0.020 0.006    0.009    0.016    0.020    0.024
    0.031 1.001  1500[] 
 []


Overfull \hbox (80.24629pt too wide) in paragraph at lines 1763--1763
[]\OT1/cmtt/m/n/10 alpha3       0.000 0.001   -0.002   -0.001    0.000    0.000
    0.002 1.001  1500[] 
 []


Overfull \hbox (80.24629pt too wide) in paragraph at lines 1764--1764
[]\OT1/cmtt/m/n/10 deviance  1716.001 4.091 1710.000 1713.000 1715.000 1718.000
 1726.000 1.001  1500[] 
 []


Overfull \hbox (22.4968pt too wide) in paragraph at lines 1766--1766
[]\OT1/cmtt/m/n/10 For each parameter, n.eff is a crude measure of effective sa
mple size,[] 
 []


Overfull \hbox (43.49661pt too wide) in paragraph at lines 1767--1767
[]\OT1/cmtt/m/n/10 and Rhat is the potential scale reduction factor (at converg
ence, Rhat=1).[] 
 []


Overfull \hbox (48.74657pt too wide) in paragraph at lines 1771--1771
[]\OT1/cmtt/m/n/10 DIC is an estimate of expected predictive error (lower devia
nce is better).[] 
 []

<figs/responsesurface.png, id=136, 556.0775pt x 326.21875pt>
File: figs/responsesurface.png Graphic file (type png)

<use figs/responsesurface.png>
Package pdftex.def Info: figs/responsesurface.png used on input line 1779.
(pdftex.def)             Requested size: 338.79102pt x 198.7425pt.
 [37]) [38 <F:/Book- Spatial Capture Recapture/scrbook/Ch2/figs/responsesurface
.png>] [39] [40

]
Chapter 3.
[41] [42

]
Chapter 4.
[43] [44

]
Chapter 5.
[45] [46

]
Chapter 6.
[47] [48

]
Chapter 7.
[49] [50

]
Chapter 8.
[51] [52

]
Chapter 9.
[53] [54

]
Chapter 10.
[55] [56

]
Chapter 11.
("F:\Book- Spatial Capture Recapture\scrbook\Ch2\previewCh2.bbl" [57] [58

]
[59]
LaTeX Font Info:    Try loading font information for OMS+cmr on input line 73.
 ("C:\Program Files (x86)\MiKTeX 2.9\tex\latex\base\omscmr.fd"
File: omscmr.fd 1999/05/25 v2.5h Standard LaTeX font definitions
)
LaTeX Font Info:    Font shape `OMS/cmr/m/it' in size <10> not available
(Font)              Font shape `OMS/cmsy/m/n' tried instead on input line 73.
 [60])
[61] ("F:\Book- Spatial Capture Recapture\scrbook\Ch2\previewCh2.aux") ) 
Here is how much of TeX's memory you used:
 2671 strings out of 494045
 35674 string characters out of 3145956
 95913 words of memory out of 3000000
 5931 multiletter control sequences out of 15000+200000
 14042 words of font info for 53 fonts, out of 3000000 for 9000
 715 hyphenation exceptions out of 8191
 27i,8n,24p,1371b,309s stack positions out of 5000i,500n,10000p,200000b,50000s
<C:/Pro
gram Files (x86)/MiKTeX 2.9/fonts/type1/public/amsfonts/cm/cmbx10.pfb><C:/Progr
am Files (x86)/MiKTeX 2.9/fonts/type1/public/amsfonts/cm/cmbx12.pfb><C:/Program
 Files (x86)/MiKTeX 2.9/fonts/type1/public/amsfonts/cm/cmex10.pfb><C:/Program F
iles (x86)/MiKTeX 2.9/fonts/type1/public/amsfonts/cm/cmmi10.pfb><C:/Program Fil
es (x86)/MiKTeX 2.9/fonts/type1/public/amsfonts/cm/cmmi7.pfb><C:/Program Files 
(x86)/MiKTeX 2.9/fonts/type1/public/amsfonts/cm/cmr10.pfb><C:/Program Files (x8
6)/MiKTeX 2.9/fonts/type1/public/amsfonts/cm/cmr6.pfb><C:/Program Files (x86)/M
iKTeX 2.9/fonts/type1/public/amsfonts/cm/cmr7.pfb><C:/Program Files (x86)/MiKTe
X 2.9/fonts/type1/public/amsfonts/cm/cmr8.pfb><C:/Program Files (x86)/MiKTeX 2.
9/fonts/type1/public/amsfonts/cm/cmsl10.pfb><C:/Program Files (x86)/MiKTeX 2.9/
fonts/type1/public/amsfonts/cm/cmss8.pfb><C:/Program Files (x86)/MiKTeX 2.9/fon
ts/type1/public/amsfonts/cm/cmsy10.pfb><C:/Program Files (x86)/MiKTeX 2.9/fonts
/type1/public/amsfonts/cm/cmsy7.pfb><C:/Program Files (x86)/MiKTeX 2.9/fonts/ty
pe1/public/amsfonts/cm/cmti10.pfb><C:/Program Files (x86)/MiKTeX 2.9/fonts/type
1/public/amsfonts/cm/cmtt10.pfb><C:/Program Files (x86)/MiKTeX 2.9/fonts/type1/
public/amsfonts/cm/cmtt9.pfb>
Output written on previewCh2.pdf (61 pages, 502147 bytes).
PDF statistics:
 269 PDF objects out of 1000 (max. 8388607)
 0 named destinations out of 1000 (max. 500000)
 31 words of extra memory for PDF output out of 10000 (max. 10000000)

