\BOOKMARK [0][-]{chapter.1}{Introduction}{}% 1
\BOOKMARK [0][-]{chapter.2}{ Bayesian Analysis of GL\(M\)Ms Using R/WinBUGS }{}% 2
\BOOKMARK [1][-]{section.2.1}{ Notation}{chapter.2}% 3
\BOOKMARK [1][-]{section.2.2}{ GLMs and GLMMs}{chapter.2}% 4
\BOOKMARK [1][-]{section.2.3}{Bayesian Analysis}{chapter.2}% 5
\BOOKMARK [2][-]{subsection.2.3.1}{Bayes Rule}{section.2.3}% 6
\BOOKMARK [2][-]{subsection.2.3.2}{Bayesian Inference}{section.2.3}% 7
\BOOKMARK [2][-]{subsection.2.3.3}{Prior distributions}{section.2.3}% 8
\BOOKMARK [2][-]{subsection.2.3.4}{Posterior Inference}{section.2.3}% 9
\BOOKMARK [2][-]{subsection.2.3.5}{Small sample inference}{section.2.3}% 10
\BOOKMARK [1][-]{section.2.4}{Characterizing posterior distributions by MCMC simulation}{chapter.2}% 11
\BOOKMARK [1][-]{section.2.5}{What Goes on Under the MCMC Hood}{chapter.2}% 12
\BOOKMARK [2][-]{subsection.2.5.1}{Rules for constructing full conditional distributions}{section.2.5}% 13
\BOOKMARK [2][-]{subsection.2.5.2}{Metropolis-Hastings algorithm}{section.2.5}% 14
\BOOKMARK [1][-]{section.2.6}{Practical Bayesian Analysis and MCMC}{chapter.2}% 15
\BOOKMARK [2][-]{subsection.2.6.1}{Choice of prior distributions}{section.2.6}% 16
\BOOKMARK [2][-]{subsection.2.6.2}{Convergence and so-forth}{section.2.6}% 17
\BOOKMARK [2][-]{subsection.2.6.3}{Bayesian confidence intervals}{section.2.6}% 18
\BOOKMARK [2][-]{subsection.2.6.4}{Estimating functions of parameters}{section.2.6}% 19
\BOOKMARK [1][-]{section.2.7}{Bayesian Analysis using WinBUGS}{chapter.2}% 20
\BOOKMARK [2][-]{subsection.2.7.1}{Linear Regression in WinBUGS}{section.2.7}% 21
\BOOKMARK [2][-]{subsection.2.7.2}{Inference about functions of model parameters}{section.2.7}% 22
\BOOKMARK [1][-]{section.2.8}{Model Checking and Selection}{chapter.2}% 23
\BOOKMARK [2][-]{subsection.2.8.1}{Goodness-of-fit}{section.2.8}% 24
\BOOKMARK [2][-]{subsection.2.8.2}{Model Selection }{section.2.8}% 25
\BOOKMARK [1][-]{section.2.9}{Poisson GLMs}{chapter.2}% 26
\BOOKMARK [2][-]{subsection.2.9.1}{Important properties of the Poisson distribution}{section.2.9}% 27
\BOOKMARK [2][-]{subsection.2.9.2}{Example: Breeding Bird Survey Data}{section.2.9}% 28
\BOOKMARK [2][-]{subsection.2.9.3}{Doing it in WinBUGS}{section.2.9}% 29
\BOOKMARK [2][-]{subsection.2.9.4}{ Constructing your own MCMC algorithm}{section.2.9}% 30
\BOOKMARK [1][-]{section.2.10}{Poisson GLM with Random Effects}{chapter.2}% 31
\BOOKMARK [1][-]{section.2.11}{Binomial GLMs}{chapter.2}% 32
\BOOKMARK [2][-]{subsection.2.11.1}{Binomial regression}{section.2.11}% 33
\BOOKMARK [2][-]{subsection.2.11.2}{ Example: Waterfowl Banding Data}{section.2.11}% 34
\BOOKMARK [1][-]{section.2.12}{ Summary and Outlook}{chapter.2}% 35
\BOOKMARK [0][-]{chapter.3}{Closed population models}{}% 36
\BOOKMARK [0][-]{chapter.4}{Fully Spatial Capture-Recapture Models}{}% 37
\BOOKMARK [0][-]{chapter.5}{Other observation models}{}% 38
\BOOKMARK [0][-]{chapter.6}{Maximum likelihood estimation}{}% 39
\BOOKMARK [0][-]{chapter.7}{MCMC details}{}% 40
\BOOKMARK [0][-]{chapter.8}{Goodness of Fit and stuff}{}% 41
\BOOKMARK [0][-]{chapter.9}{Covariate models}{}% 42
\BOOKMARK [0][-]{chapter.10}{Inhomogeneous Point Process}{}% 43
\BOOKMARK [0][-]{chapter.11}{Open models}{}% 44
