\BOOKMARK [0][-]{chapter.1}{Introduction}{}% 1
\BOOKMARK [0][-]{chapter.2}{GLMS and WinBUGS}{}% 2
\BOOKMARK [0][-]{chapter.3}{ Closed Population Models }{}% 3
\BOOKMARK [1][-]{section.3.1}{The Simplest Closed Population Model: Model M0}{chapter.3}% 4
\BOOKMARK [2][-]{subsection.3.1.1}{Conditional likelihood}{section.3.1}% 5
\BOOKMARK [1][-]{section.3.2}{ Data Augmentation }{chapter.3}% 6
\BOOKMARK [2][-]{subsection.3.2.1}{DA links occupancy models and closed population models}{section.3.2}% 7
\BOOKMARK [2][-]{subsection.3.2.2}{Model M0 in BUGS}{section.3.2}% 8
\BOOKMARK [2][-]{subsection.3.2.3}{Formal development of data augmentation}{section.3.2}% 9
\BOOKMARK [2][-]{subsection.3.2.4}{Remarks on Data Augmentation}{section.3.2}% 10
\BOOKMARK [2][-]{subsection.3.2.5}{Example: Black Bear Study on Fort Drum}{section.3.2}% 11
\BOOKMARK [1][-]{section.3.3}{Temporally varying and behavioral effects}{chapter.3}% 12
\BOOKMARK [1][-]{section.3.4}{ Models with individual heterogeneity}{chapter.3}% 13
\BOOKMARK [2][-]{subsection.3.4.1}{Analysis of Model Mh}{section.3.4}% 14
\BOOKMARK [2][-]{subsection.3.4.2}{Analysis of the Fort Drum data}{section.3.4}% 15
\BOOKMARK [1][-]{section.3.5}{Individual Covariate Models: Toward Spatial Capture-Recapture}{chapter.3}% 16
\BOOKMARK [2][-]{subsection.3.5.1}{Example: Location of capture as a covariate.}{section.3.5}% 17
\BOOKMARK [2][-]{subsection.3.5.2}{Extension of the Model}{section.3.5}% 18
\BOOKMARK [2][-]{subsection.3.5.3}{Invariance of density to Dmax}{section.3.5}% 19
\BOOKMARK [2][-]{subsection.3.5.4}{Toward Fully Spatial Capture-recapture Models}{section.3.5}% 20
\BOOKMARK [1][-]{section.3.6}{DISTANCE SAMPLING: A primative Spatial Capture-Recapture Model}{chapter.3}% 21
\BOOKMARK [2][-]{subsection.3.6.1}{Example: Muntjac deer survey from Nagarahole, India }{section.3.6}% 22
\BOOKMARK [1][-]{section.3.7}{Summary and Outlook}{chapter.3}% 23
\BOOKMARK [0][-]{chapter.4}{Fully Spatial Capture-Recapture Models}{}% 24
\BOOKMARK [0][-]{chapter.5}{Other observation models}{}% 25
\BOOKMARK [0][-]{chapter.6}{Maximum likelihood estimation}{}% 26
\BOOKMARK [0][-]{chapter.7}{MCMC details}{}% 27
\BOOKMARK [0][-]{chapter.8}{Goodness of Fit and stuff}{}% 28
\BOOKMARK [0][-]{chapter.9}{Covariate models}{}% 29
\BOOKMARK [0][-]{chapter.10}{Inhomogeneous Point Process}{}% 30
\BOOKMARK [0][-]{chapter.11}{Open models}{}% 31
