This is pdfTeX, Version 3.1415926-1.40.11 (MiKTeX 2.9) (preloaded format=pdflatex 2011.4.13)  5 JAN 2012 12:45
entering extended mode
**previewCh3.tex
(C:\Work\PWRC\scrbook\previewCh3.tex
LaTeX2e <2009/09/24>
Babel <v3.8l> and hyphenation patterns for english, afrikaans, ancientgreek, ar
abic, armenian, assamese, basque, bengali, bokmal, bulgarian, catalan, coptic, 
croatian, czech, danish, dutch, esperanto, estonian, farsi, finnish, french, ga
lician, german, german-x-2009-06-19, greek, gujarati, hindi, hungarian, iceland
ic, indonesian, interlingua, irish, italian, kannada, kurmanji, lao, latin, lat
vian, lithuanian, malayalam, marathi, mongolian, mongolianlmc, monogreek, ngerm
an, ngerman-x-2009-06-19, nynorsk, oriya, panjabi, pinyin, polish, portuguese, 
romanian, russian, sanskrit, serbian, slovak, slovenian, spanish, swedish, swis
sgerman, tamil, telugu, turkish, turkmen, ukenglish, ukrainian, uppersorbian, u
senglishmax, welsh, loaded.
("C:\Program Files (x86)\MiKTeX 2.9\tex\latex\base\book.cls"
Document Class: book 2007/10/19 v1.4h Standard LaTeX document class
("C:\Program Files (x86)\MiKTeX 2.9\tex\latex\base\bk10.clo"
File: bk10.clo 2007/10/19 v1.4h Standard LaTeX file (size option)
)
\c@part=\count79
\c@chapter=\count80
\c@section=\count81
\c@subsection=\count82
\c@subsubsection=\count83
\c@paragraph=\count84
\c@subparagraph=\count85
\c@figure=\count86
\c@table=\count87
\abovecaptionskip=\skip41
\belowcaptionskip=\skip42
\bibindent=\dimen102
)
("C:\Program Files (x86)\MiKTeX 2.9\tex\latex\float\float.sty"
Package: float 2001/11/08 v1.3d Float enhancements (AL)
\c@float@type=\count88
\float@exts=\toks14
\float@box=\box26
\@float@everytoks=\toks15
\@floatcapt=\box27
)
("C:\Program Files (x86)\MiKTeX 2.9\tex\latex\ams\math\amsmath.sty"
Package: amsmath 2000/07/18 v2.13 AMS math features
\@mathmargin=\skip43

For additional information on amsmath, use the `?' option.
("C:\Program Files (x86)\MiKTeX 2.9\tex\latex\ams\math\amstext.sty"
Package: amstext 2000/06/29 v2.01

("C:\Program Files (x86)\MiKTeX 2.9\tex\latex\ams\math\amsgen.sty"
File: amsgen.sty 1999/11/30 v2.0
\@emptytoks=\toks16
\ex@=\dimen103
))
("C:\Program Files (x86)\MiKTeX 2.9\tex\latex\ams\math\amsbsy.sty"
Package: amsbsy 1999/11/29 v1.2d
\pmbraise@=\dimen104
)
("C:\Program Files (x86)\MiKTeX 2.9\tex\latex\ams\math\amsopn.sty"
Package: amsopn 1999/12/14 v2.01 operator names
)
\inf@bad=\count89
LaTeX Info: Redefining \frac on input line 211.
\uproot@=\count90
\leftroot@=\count91
LaTeX Info: Redefining \overline on input line 307.
\classnum@=\count92
\DOTSCASE@=\count93
LaTeX Info: Redefining \ldots on input line 379.
LaTeX Info: Redefining \dots on input line 382.
LaTeX Info: Redefining \cdots on input line 467.
\Mathstrutbox@=\box28
\strutbox@=\box29
\big@size=\dimen105
LaTeX Font Info:    Redeclaring font encoding OML on input line 567.
LaTeX Font Info:    Redeclaring font encoding OMS on input line 568.
\macc@depth=\count94
\c@MaxMatrixCols=\count95
\dotsspace@=\muskip10
\c@parentequation=\count96
\dspbrk@lvl=\count97
\tag@help=\toks17
\row@=\count98
\column@=\count99
\maxfields@=\count100
\andhelp@=\toks18
\eqnshift@=\dimen106
\alignsep@=\dimen107
\tagshift@=\dimen108
\tagwidth@=\dimen109
\totwidth@=\dimen110
\lineht@=\dimen111
\@envbody=\toks19
\multlinegap=\skip44
\multlinetaggap=\skip45
\mathdisplay@stack=\toks20
LaTeX Info: Redefining \[ on input line 2666.
LaTeX Info: Redefining \] on input line 2667.
)
("C:\Program Files (x86)\MiKTeX 2.9\tex\latex\amsfonts\amsfonts.sty"
Package: amsfonts 2009/06/22 v3.00 Basic AMSFonts support
\symAMSa=\mathgroup4
\symAMSb=\mathgroup5
LaTeX Font Info:    Overwriting math alphabet `\mathfrak' in version `bold'
(Font)                  U/euf/m/n --> U/euf/b/n on input line 96.
)
("C:\Program Files (x86)\MiKTeX 2.9\tex\latex\graphics\graphicx.sty"
Package: graphicx 1999/02/16 v1.0f Enhanced LaTeX Graphics (DPC,SPQR)

("C:\Program Files (x86)\MiKTeX 2.9\tex\latex\graphics\keyval.sty"
Package: keyval 1999/03/16 v1.13 key=value parser (DPC)
\KV@toks@=\toks21
)
("C:\Program Files (x86)\MiKTeX 2.9\tex\latex\graphics\graphics.sty"
Package: graphics 2009/02/05 v1.0o Standard LaTeX Graphics (DPC,SPQR)

("C:\Program Files (x86)\MiKTeX 2.9\tex\latex\graphics\trig.sty"
Package: trig 1999/03/16 v1.09 sin cos tan (DPC)
)
("C:\Program Files (x86)\MiKTeX 2.9\tex\latex\00miktex\graphics.cfg"
File: graphics.cfg 2007/01/18 v1.5 graphics configuration of teTeX/TeXLive
)
Package graphics Info: Driver file: pdftex.def on input line 91.

("C:\Program Files (x86)\MiKTeX 2.9\tex\latex\pdftex-def\pdftex.def"
File: pdftex.def 2011/01/28 v0.05d Graphics/color for pdfTeX
\Gread@gobject=\count101
))
\Gin@req@height=\dimen112
\Gin@req@width=\dimen113
)
(C:\Users\rchandler\AppData\Roaming\MiKTeX\2.9\tex\latex\lineno\lineno.sty
Package: lineno 2005/11/02 line numbers on paragraphs v4.41
\linenopenalty=\count102
\output=\toks22
\linenoprevgraf=\count103
\linenumbersep=\dimen114
\linenumberwidth=\dimen115
\c@linenumber=\count104
\c@pagewiselinenumber=\count105
\c@LN@truepage=\count106
\c@internallinenumber=\count107
\c@internallinenumbers=\count108
\quotelinenumbersep=\dimen116
\bframerule=\dimen117
\bframesep=\dimen118
\bframebox=\box30
LaTeX Info: Redefining \\ on input line 3056.
)
("C:\Program Files (x86)\MiKTeX 2.9\tex\latex\natbib\natbib.sty"
Package: natbib 2010/09/13 8.31b (PWD, AO)
\bibhang=\skip46
\bibsep=\skip47
LaTeX Info: Redefining \cite on input line 694.
\c@NAT@ctr=\count109
)
("C:\Program Files (x86)\MiKTeX 2.9\tex\latex\hyperref\hyperref.sty"
Package: hyperref 2011/03/09 v6.82d Hypertext links for LaTeX

("C:\Program Files (x86)\MiKTeX 2.9\tex\generic\oberdiek\ltxcmds.sty"
Package: ltxcmds 2010/04/26 v1.7 LaTeX kernel commands for general use (HO)
)
("C:\Program Files (x86)\MiKTeX 2.9\tex\generic\oberdiek\ifpdf.sty"
Package: ifpdf 2010/01/28 v2.1 Provides the ifpdf switch (HO)
Package ifpdf Info: pdfTeX in pdf mode detected.
)
("C:\Program Files (x86)\MiKTeX 2.9\tex\generic\oberdiek\pdftexcmds.sty"
Package: pdftexcmds 2010/04/01 v0.9 Utility functions of pdfTeX for LuaTeX (HO)


("C:\Program Files (x86)\MiKTeX 2.9\tex\generic\oberdiek\infwarerr.sty"
Package: infwarerr 2010/04/08 v1.3 Providing info/warning/message (HO)
)
("C:\Program Files (x86)\MiKTeX 2.9\tex\generic\oberdiek\ifluatex.sty"
Package: ifluatex 2010/03/01 v1.3 Provides the ifluatex switch (HO)
Package ifluatex Info: LuaTeX not detected.
)
Package pdftexcmds Info: LuaTeX not detected.
Package pdftexcmds Info: \pdf@primitive is available.
Package pdftexcmds Info: \pdf@ifprimitive is available.
)
("C:\Program Files (x86)\MiKTeX 2.9\tex\generic\oberdiek\kvsetkeys.sty"
Package: kvsetkeys 2010/03/01 v1.9 Key value parser (HO)

("C:\Program Files (x86)\MiKTeX 2.9\tex\generic\oberdiek\etexcmds.sty"
Package: etexcmds 2010/01/28 v1.3 Prefix for e-TeX command names (HO)
Package etexcmds Info: Could not find \expanded.
(etexcmds)             That can mean that you are not using pdfTeX 1.50 or
(etexcmds)             that some package has redefined \expanded.
(etexcmds)             In the latter case, load this package earlier.
))
("C:\Program Files (x86)\MiKTeX 2.9\tex\generic\oberdiek\pdfescape.sty"
Package: pdfescape 2010/03/01 v1.9 Provides hex, PDF name and string conversion
s (HO)
)
("C:\Program Files (x86)\MiKTeX 2.9\tex\generic\oberdiek\ifvtex.sty"
Package: ifvtex 2010/03/01 v1.5 Switches for detecting VTeX and its modes (HO)
Package ifvtex Info: VTeX not detected.
)
("C:\Program Files (x86)\MiKTeX 2.9\tex\generic\ifxetex\ifxetex.sty"
Package: ifxetex 2010/09/12 v0.6 Provides ifxetex conditional
)
("C:\Program Files (x86)\MiKTeX 2.9\tex\latex\oberdiek\hycolor.sty"
Package: hycolor 2009/12/12 v1.6 Color options of hyperref/bookmark (HO)

("C:\Program Files (x86)\MiKTeX 2.9\tex\latex\oberdiek\xcolor-patch.sty"
Package: xcolor-patch 2009/12/12 xcolor patch
))
("C:\Program Files (x86)\MiKTeX 2.9\tex\latex\oberdiek\letltxmacro.sty"
Package: letltxmacro 2008/06/24 v1.3 Let assignment for LaTeX macros (HO)
)
("C:\Program Files (x86)\MiKTeX 2.9\tex\latex\oberdiek\kvoptions.sty"
Package: kvoptions 2010/02/22 v3.7 Keyval support for LaTeX options (HO)
)
\@linkdim=\dimen119
\Hy@linkcounter=\count110
\Hy@pagecounter=\count111

("C:\Program Files (x86)\MiKTeX 2.9\tex\latex\hyperref\pd1enc.def"
File: pd1enc.def 2011/03/09 v6.82d Hyperref: PDFDocEncoding definition (HO)
)
("C:\Program Files (x86)\MiKTeX 2.9\tex\generic\oberdiek\intcalc.sty"
Package: intcalc 2007/09/27 v1.1 Expandable integer calculations (HO)
)
\Hy@SavedSpaceFactor=\count112

("C:\Program Files (x86)\MiKTeX 2.9\tex\latex\00miktex\hyperref.cfg"
File: hyperref.cfg 2002/06/06 v1.2 hyperref configuration of TeXLive
)
Package hyperref Info: Hyper figures OFF on input line 4025.
Package hyperref Info: Link nesting OFF on input line 4030.
Package hyperref Info: Hyper index ON on input line 4033.
Package hyperref Info: Plain pages OFF on input line 4040.
Package hyperref Info: Backreferencing OFF on input line 4045.
Package hyperref Info: Implicit mode ON; LaTeX internals redefined.
Package hyperref Info: Bookmarks ON on input line 4263.
\c@Hy@tempcnt=\count113

("C:\Program Files (x86)\MiKTeX 2.9\tex\latex\ltxmisc\url.sty"
\Urlmuskip=\muskip11
Package: url 2006/04/12  ver 3.3  Verb mode for urls, etc.
)
LaTeX Info: Redefining \url on input line 4616.

("C:\Program Files (x86)\MiKTeX 2.9\tex\generic\oberdiek\bitset.sty"
Package: bitset 2007/09/28 v1.0 Data type bit set (HO)

("C:\Program Files (x86)\MiKTeX 2.9\tex\generic\oberdiek\bigintcalc.sty"
Package: bigintcalc 2007/11/11 v1.1 Expandable big integer calculations (HO)
))
\Fld@menulength=\count114
\Field@Width=\dimen120
\Fld@charsize=\dimen121
Package hyperref Info: Hyper figures OFF on input line 5700.
Package hyperref Info: Link nesting OFF on input line 5705.
Package hyperref Info: Hyper index ON on input line 5708.
Package hyperref Info: backreferencing OFF on input line 5715.
Package hyperref Info: Link coloring OFF on input line 5720.
Package hyperref Info: Link coloring with OCG OFF on input line 5725.
Package hyperref Info: PDF/A mode OFF on input line 5730.
LaTeX Info: Redefining \ref on input line 5770.
LaTeX Info: Redefining \pageref on input line 5774.

("C:\Program Files (x86)\MiKTeX 2.9\tex\generic\oberdiek\atbegshi.sty"
Package: atbegshi 2010/03/25 v1.12 At begin shipout hook (HO)
)
\Hy@abspage=\count115
\c@Item=\count116
\c@Hfootnote=\count117
)

Package hyperref Message: Driver (autodetected): hpdftex.

("C:\Program Files (x86)\MiKTeX 2.9\tex\latex\hyperref\hpdftex.def"
File: hpdftex.def 2011/03/09 v6.82d Hyperref driver for pdfTeX

("C:\Program Files (x86)\MiKTeX 2.9\tex\latex\oberdiek\atveryend.sty"
Package: atveryend 2010/03/24 v1.5 Hooks at very end of document (HO)
Package atveryend Info: \enddocument detected (standard).
)
\Fld@listcount=\count118
\c@bookmark@seq@number=\count119

("C:\Program Files (x86)\MiKTeX 2.9\tex\latex\oberdiek\rerunfilecheck.sty"
Package: rerunfilecheck 2010/03/16 v1.6 Rerun checks for auxiliary files (HO)

("C:\Program Files (x86)\MiKTeX 2.9\tex\generic\oberdiek\uniquecounter.sty"
Package: uniquecounter 2009/12/18 v1.1 Provides unlimited unique counter (HO)
)
Package uniquecounter Info: New unique counter `rerunfilecheck' on input line 2
71.
)
\Hy@SectionHShift=\skip48
)
("C:\Program Files (x86)\MiKTeX 2.9\tex\latex\tools\verbatim.sty"
Package: verbatim 2003/08/22 v1.5q LaTeX2e package for verbatim enhancements
\every@verbatim=\toks23
\verbatim@line=\toks24
\verbatim@in@stream=\read1
)
("C:\Program Files (x86)\MiKTeX 2.9\tex\latex\soul\soul.sty"
Package: soul 2003/11/17 v2.4 letterspacing/underlining (mf)
\SOUL@word=\toks25
\SOUL@lasttoken=\toks26
\SOUL@cmds=\toks27
\SOUL@buffer=\toks28
\SOUL@token=\toks29
\SOUL@spaceskip=\skip49
\SOUL@ttwidth=\dimen122
\SOUL@uldp=\dimen123
\SOUL@ulht=\dimen124
)
("C:\Program Files (x86)\MiKTeX 2.9\tex\latex\graphics\color.sty"
Package: color 2005/11/14 v1.0j Standard LaTeX Color (DPC)

("C:\Program Files (x86)\MiKTeX 2.9\tex\latex\00miktex\color.cfg"
File: color.cfg 2007/01/18 v1.5 color configuration of teTeX/TeXLive
)
Package color Info: Driver file: pdftex.def on input line 130.
)
\@float@every@algorithm=\toks30
\c@algorithm=\count120
\@float@every@panel=\toks31
\c@panel=\count121

(C:\Work\PWRC\scrbook\previewCh3.aux)
LaTeX Font Info:    Checking defaults for OML/cmm/m/it on input line 31.
LaTeX Font Info:    ... okay on input line 31.
LaTeX Font Info:    Checking defaults for T1/cmr/m/n on input line 31.
LaTeX Font Info:    ... okay on input line 31.
LaTeX Font Info:    Checking defaults for OT1/cmr/m/n on input line 31.
LaTeX Font Info:    ... okay on input line 31.
LaTeX Font Info:    Checking defaults for OMS/cmsy/m/n on input line 31.
LaTeX Font Info:    ... okay on input line 31.
LaTeX Font Info:    Checking defaults for OMX/cmex/m/n on input line 31.
LaTeX Font Info:    ... okay on input line 31.
LaTeX Font Info:    Checking defaults for U/cmr/m/n on input line 31.
LaTeX Font Info:    ... okay on input line 31.
LaTeX Font Info:    Checking defaults for PD1/pdf/m/n on input line 31.
LaTeX Font Info:    ... okay on input line 31.

(C:\Users\rchandler\AppData\Roaming\MiKTeX\2.9\tex\context\base\supp-pdf.mkii
[Loading MPS to PDF converter (version 2006.09.02).]
\scratchcounter=\count122
\scratchdimen=\dimen125
\scratchbox=\box31
\nofMPsegments=\count123
\nofMParguments=\count124
\everyMPshowfont=\toks32
\MPscratchCnt=\count125
\MPscratchDim=\dimen126
\MPnumerator=\count126
\everyMPtoPDFconversion=\toks33
)
\AtBeginShipoutBox=\box32
Package hyperref Info: Link coloring OFF on input line 31.
 ("C:\Program Files (x86)\MiKTeX 2.9\tex\latex\hyperref\nameref.sty"
Package: nameref 2010/04/30 v2.40 Cross-referencing by name of section

("C:\Program Files (x86)\MiKTeX 2.9\tex\latex\oberdiek\refcount.sty"
Package: refcount 2008/08/11 v3.1 Data extraction from references (HO)
)
("C:\Program Files (x86)\MiKTeX 2.9\tex\generic\oberdiek\gettitlestring.sty"
Package: gettitlestring 2009/12/18 v1.3 Cleanup title references (HO)
)
\c@section@level=\count127
)
LaTeX Info: Redefining \ref on input line 31.
LaTeX Info: Redefining \pageref on input line 31.
LaTeX Info: Redefining \nameref on input line 31.

(C:\Work\PWRC\scrbook\previewCh3.out) (C:\Work\PWRC\scrbook\previewCh3.out)
\@outlinefile=\write3

Chapter 1.
[1


{C:/Users/rchandler/AppData/Local/MiKTeX/2.9/pdftex/config/pdftex.map}]
[2

]
Chapter 2.
(C:\Work\PWRC\scrbook\Ch3/Ch3.tex [3] [4

]
Chapter 3.
LaTeX Font Info:    Try loading font information for U+msa on input line 12.
("C:\Program Files (x86)\MiKTeX 2.9\tex\latex\amsfonts\umsa.fd"
File: umsa.fd 2009/06/22 v3.00 AMS symbols A
)
LaTeX Font Info:    Try loading font information for U+msb on input line 12.

("C:\Program Files (x86)\MiKTeX 2.9\tex\latex\amsfonts\umsb.fd"
File: umsb.fd 2009/06/22 v3.00 AMS symbols B
)

Package natbib Warning: Citation `huggins:1989' on page 5 undefined on input li
ne 31.


Package natbib Warning: Citation `alho:1990' on page 5 undefined on input line 
31.


Package natbib Warning: Citation `tanner_wong:1987' on page 5 undefined on inpu
t line 44.


Package natbib Warning: Citation `royle_etal:2007' on page 5 undefined on input
 line 48.


Package natbib Warning: Citation `kery_schaub:2011' on page 5 undefined on inpu
t line 52.


Underfull \vbox (badness 1552) has occurred while \output is active []

 [5]
Overfull \hbox (19.02956pt too wide) in paragraph at lines 56--56
[]\OT1/cmr/bx/n/14.4 The Sim-plest Closed Pop-u-la-tion Model: Model
 []

[6]

Package natbib Warning: Citation `illian_etal:2008' on page 7 undefined on inpu
t line 132.

[7]

Package natbib Warning: Citation `royle_dorazio:2008' on page 8 undefined on in
put line 196.


Package natbib Warning: Citation `sanathanan:1972' on page 8 undefined on input
 line 201.

[8]

Package natbib Warning: Citation `tanner_wong:1987' on page 9 undefined on inpu
t line 238.


Package natbib Warning: Citation `liu_wu:1999' on page 9 undefined on input lin
e 239.


Package natbib Warning: Citation `royle_etal:2007' on page 9 undefined on input
 line 242.


Package natbib Warning: Citation `royle:2009' on page 9 undefined on input line
 244.


Package natbib Warning: Citation `royle_dorazio:2008' on page 9 undefined on in
put line 245.


Package natbib Warning: Citation `royle_dorazio:2010' on page 9 undefined on in
put line 245.


Package natbib Warning: Citation `gardner_etal:2010' on page 9 undefined on inp
ut line 245.


Package natbib Warning: Citation `royle_young:2008' on page 9 undefined on inpu
t line 247.


Package natbib Warning: Citation `royle_etal:2010' on page 9 undefined on input
 line 247.


Package natbib Warning: Citation `gardner_etal:2009' on page 9 undefined on inp
ut line 247.


Package natbib Warning: Citation `royle_dorazio:2008' on page 9 undefined on in
put line 270.


Package natbib Warning: Citation `mackenzie_etal:2002' on page 9 undefined on i
nput line 272.


Package natbib Warning: Citation `tyre_etal:2003' on page 9 undefined on input 
line 272.


Package natbib Warning: Citation `royle_etal:2007' on page 9 undefined on input
 line 295.

[9]
Underfull \vbox (badness 10000) has occurred while \output is active []

 [10]

Package natbib Warning: Citation `royle:2006' on page 11 undefined on input lin
e 354.


Package natbib Warning: Citation `royle_dorazio:2011' on page 11 undefined on i
nput line 356.


Overfull \hbox (4.334pt too wide) in paragraph at lines 363--394
 [][] 
 []


Package hyperref Warning: Token not allowed in a PDF string (PDFDocEncoding):
(hyperref)                removing `math shift' on input line 397.


Package hyperref Warning: Token not allowed in a PDF string (PDFDocEncoding):
(hyperref)                removing `subscript' on input line 397.


Package hyperref Warning: Token not allowed in a PDF string (PDFDocEncoding):
(hyperref)                removing `math shift' on input line 397.

[11] [12] [13]

Package natbib Warning: Citation `royle_etal:2007' on page 14 undefined on inpu
t line 495.


Package natbib Warning: Citation `gopalaswamy_etal:2012' on page 14 undefined o
n input line 514.


Package natbib Warning: Citation `mackenzie_royle:2005' on page 14 undefined on
 input line 515.


Package natbib Warning: Citation `durbin_elston:2005' on page 14 undefined on i
nput line 537.


Package natbib Warning: Citation `king_etal:XXXX' on page 14 undefined on input
 line 537.


Package natbib Warning: Citation `schofield_barker:XXXX' on page 14 undefined o
n input line 537.


Package natbib Warning: Citation `converse_royle:2010' on page 14 undefined on 
input line 547.


Package natbib Warning: Citation `royle_etal:2011ms' on page 14 undefined on in
put line 547.


Underfull \vbox (badness 1584) has occurred while \output is active []

 [14]

Package natbib Warning: Citation `gardner_etal:2009' on page 15 undefined on in
put line 555.


Package natbib Warning: Citation `gardner_etal:2010' on page 15 undefined on in
put line 555.


Package natbib Warning: Citation `wegan:2008' on page 15 undefined on input lin
e 555.

<Ch3/figs/hairsnares.png, id=234, 393.47pt x 443.6575pt>
File: Ch3/figs/hairsnares.png Graphic file (type png)

<use Ch3/figs/hairsnares.png> [15 <C:/Work/PWRC/scrbook/Ch3/figs/hairsnares.png
 (PNG copy)>] [16]

Package natbib Warning: Citation `dice:1938' on page 17 undefined on input line
 663.


Package natbib Warning: Citation `bales_etal:2005' on page 17 undefined on inpu
t line 668.

<Ch3/figs/bufferedCH.png, id=248, 252.945pt x 252.945pt>
File: Ch3/figs/bufferedCH.png Graphic file (type png)

<use Ch3/figs/bufferedCH.png> [17]

Package natbib Warning: Citation `kery_etal:2010' on page 18 undefined on input
 line 740.


Package natbib Warning: Citation `gardner_etal:2010' on page 18 undefined on in
put line 740.


Underfull \vbox (badness 3872) has occurred while \output is active []

 [18 <C:/Work/PWRC/scrbook/Ch3/figs/bufferedCH.png (PNG copy)>]

Package natbib Warning: Citation `yang_chao:2005' on page 19 undefined on input
 line 750.


Package natbib Warning: Citation `royle_etal:2011jwm' on page 19 undefined on i
nput line 765.


Package natbib Warning: Citation `burnham_overton:1978' on page 19 undefined on
 input line 788.


Package natbib Warning: Citation `norris_pollock:1996' on page 19 undefined on 
input line 788.


Package natbib Warning: Citation `pledger:2000' on page 19 undefined on input l
ine 788.


Package natbib Warning: Citation `fienberg_etal:1999' on page 19 undefined on i
nput line 791.


Package natbib Warning: Citation `dorazio_royle:2003' on page 19 undefined on i
nput line 791.


Package natbib Warning: Citation `link:2003' on page 19 undefined on input line
 791.


Package natbib Warning: Citation `link:2003' on page 19 undefined on input line
 792.


Package natbib Warning: Citation `royle_dorazio:2008' on page 19 undefined on i
nput line 803.


Package natbib Warning: Citation `kery_schaub:2011' on page 19 undefined on inp
ut line 804.

[19]

Package natbib Warning: Citation `karanth:1995' on page 20 undefined on input l
ine 807.


Package natbib Warning: Citation `royle_young:2008' on page 20 undefined on inp
ut line 820.


Package natbib Warning: Citation `royle_young:2008' on page 20 undefined on inp
ut line 828.


Package natbib Warning: Citation `royle_etal:2011mee' on page 20 undefined on i
nput line 828.


Package natbib Warning: Citation `chandler_etal:2011' on page 20 undefined on i
nput line 839.


Package natbib Warning: Citation `kendall_etal:1997' on page 20 undefined on in
put line 840.

[20] <Ch3/figs/quadrat.png, id=274, 493.845pt x 491.8375pt>
File: Ch3/figs/quadrat.png Graphic file (type png)

<use Ch3/figs/quadrat.png>

Package natbib Warning: Citation `coull_agresti:1999' on page 21 undefined on i
nput line 882.


Package natbib Warning: Citation `dorazio_royle:2003' on page 21 undefined on i
nput line 885.


Package natbib Warning: Citation `norris_pollock:1996' on page 21 undefined on 
input line 887.


Package natbib Warning: Citation `pledger:2000' on page 21 undefined on input l
ine 887.


Package natbib Warning: Citation `laird_ware:1982' on page 21 undefined on inpu
t line 895.


Package natbib Warning: Citation `berger_etal:1999' on page 21 undefined on inp
ut line 895.


Package natbib Warning: Citation `royle:2006' on page 21 undefined on input lin
e 903.


Package natbib Warning: Citation `coull_agresti:1999' on page 21 undefined on i
nput line 905.


Package natbib Warning: Citation `dorazio_royle:2003' on page 21 undefined on i
nput line 905.

[21 <C:/Work/PWRC/scrbook/Ch3/figs/quadrat.png (PNG copy)>] [22]
Overfull \hbox (25.44867pt too wide) in paragraph at lines 991--999
\OT1/cmr/bx/n/10 PSSI-BLY NOT EVEN IDEN-TI-FI-ABLE FOR LOGIT-NORMAL MODEL.
 []

[23]

Package natbib Warning: Citation `royle_dorazio:2008' on page 24 undefined on i
nput line 1046.

<Ch3/figs/bear-modelMh-post.png, id=296, 361.35pt x 361.35pt>
File: Ch3/figs/bear-modelMh-post.png Graphic file (type png)

<use Ch3/figs/bear-modelMh-post.png> [24] [25 <C:/Work/PWRC/scrbook/Ch3/figs/be
ar-modelMh-post.png (PNG copy)>] [26] [27] [28]

Package natbib Warning: Citation `royle_dorazio:2008' on page 29 undefined on i
nput line 1259.


Package natbib Warning: Citation `royle:2008' on page 29 undefined on input lin
e 1264.


Package natbib Warning: Citation `royle:2009' on page 29 undefined on input lin
e 1264.


Package natbib Warning: Citation `langtimm_etal:2010' on page 29 undefined on i
nput line 1264.


Package natbib Warning: Citation `huggins:1989' on page 29 undefined on input l
ine 1279.


Package natbib Warning: Citation `alho:1990' on page 29 undefined on input line
 1280.


Package natbib Warning: Citation `royle:2009' on page 29 undefined on input lin
e 1301.


Package natbib Warning: Citation `borchers_etal:2002' on page 29 undefined on i
nput line 1303.


Overfull \hbox (74.07031pt too wide) has occurred while \output is active
\OT1/cmr/m/sl/10 3.5.  INDIVIDUAL COVARIATE MODELS: TOWARD SPATIAL CAPTURE-RECA
PTURE \OT1/cmr/m/n/10 29
 []

[29]

Package natbib Warning: Citation `boulanger_mclellan:2001' on page 30 undefined
 on input line 1345.


Package natbib Warning: Citation `ivan:2012' on page 30 undefined on input line
 1345.


Package natbib Warning: Citation `boulanger_mclellan:2001' on page 30 undefined
 on input line 1355.

[30]
Overfull \hbox (74.07031pt too wide) has occurred while \output is active
\OT1/cmr/m/sl/10 3.5.  INDIVIDUAL COVARIATE MODELS: TOWARD SPATIAL CAPTURE-RECA
PTURE \OT1/cmr/m/n/10 31
 []

[31]
Overfull \hbox (17.24684pt too wide) in paragraph at lines 1459--1459
[]\OT1/cmtt/m/n/10 inits =  function() {list(z=z, psi=psi, p0=runif(1),beta=rno
rm(1) ) }[] 
 []


Overfull \hbox (116.99597pt too wide) in paragraph at lines 1460--1460
[]\OT1/cmtt/m/n/10 fit2 = bugs(data2, inits, params2, model.file="modelMcov.txt
",working.directory=getwd(),[] 
 []


LaTeX Warning: Reference `tab.maxD' on page 32 undefined on input line 1464.

[32] <Ch3/figs/Nchains.png, id=344, 483.8075pt x 229.85875pt>
File: Ch3/figs/Nchains.png Graphic file (type png)

<use Ch3/figs/Nchains.png>
Overfull \hbox (74.07031pt too wide) has occurred while \output is active
\OT1/cmr/m/sl/10 3.5.  INDIVIDUAL COVARIATE MODELS: TOWARD SPATIAL CAPTURE-RECA
PTURE \OT1/cmr/m/n/10 33
 []

[33 <C:/Work/PWRC/scrbook/Ch3/figs/Nchains.png (PNG copy)>] [34]
Overfull \hbox (69.74638pt too wide) in paragraph at lines 1541--1541
[]\OT1/cmtt/m/n/10 data2<-list(y=ytot,nz=nz,nind=nind,K=T,xround=xround,xprobs=
xprobs,delta=delta)[] 
 []


Overfull \hbox (17.24684pt too wide) in paragraph at lines 1543--1543
[]\OT1/cmtt/m/n/10 inits =  function() {list(z=z, psi=psi, p0=runif(1),beta=rno
rm(1) ) }[] 
 []


Overfull \hbox (111.74602pt too wide) in paragraph at lines 1544--1544
[]\OT1/cmtt/m/n/10 fit = bugs(data2, inits, params2, model.file="modelMcov.txt"
,working.directory=getwd(),[] 
 []


Overfull \hbox (22.4968pt too wide) in paragraph at lines 1545--1545
[]       \OT1/cmtt/m/n/10 debug=FALSE, n.chains=3, n.iter=11000, n.burnin=1000,
 n.thin=2)[] 
 []


LaTeX Warning: Reference `tab.xyz' on page 35 undefined on input line 1548.


Overfull \hbox (220.33461pt too wide) in paragraph at lines 1552--1561
[][] 
 []


Overfull \hbox (74.07031pt too wide) has occurred while \output is active
\OT1/cmr/m/sl/10 3.5.  INDIVIDUAL COVARIATE MODELS: TOWARD SPATIAL CAPTURE-RECA
PTURE \OT1/cmr/m/n/10 35
 []

[35] [36]

Package natbib Warning: Citation `royle_etal:2004' on page 37 undefined on inpu
t line 1597.


Package natbib Warning: Citation `johnson_etal:2010' on page 37 undefined on in
put line 1597.


Package natbib Warning: Citation `sillett_etal:2011' on page 37 undefined on in
put line 1597.


Package natbib Warning: Citation `borchers_etal:XXXX' on page 37 undefined on i
nput line 1608.


Package natbib Warning: Citation `royle_dorazio:2008' on page 37 undefined on i
nput line 1619.


Overfull \hbox (74.41647pt too wide) has occurred while \output is active
\OT1/cmr/m/sl/10 3.6.  DISTANCE SAMPLING: A PRIMATIVE SPATIAL CAPTURE-RECAPTURE
 MODEL \OT1/cmr/m/n/10 37
 []

[37]
Package hyperref Info: bookmark level for unknown panel defaults to 0 on input 
line 1644.

Overfull \hbox (16.34999pt too wide) in paragraph at lines 1624--1646
 []$ 
 []


Overfull \hbox (3.66612pt too wide) in paragraph at lines 1660--1661
[]\OT1/cmr/m/n/10 In the con-text of our gen-eral char-ac-ter-i-za-tion of SCR 
mod-els (chap-ter 1.XYZ),
 []

[38]

Package natbib Warning: Citation `kumar_etal:XXXX' on page 39 undefined on inpu
t line 1678.


Overfull \hbox (74.41647pt too wide) has occurred while \output is active
\OT1/cmr/m/sl/10 3.6.  DISTANCE SAMPLING: A PRIMATIVE SPATIAL CAPTURE-RECAPTURE
 MODEL \OT1/cmr/m/n/10 39
 []

[39]
Overfull \hbox (95.99615pt too wide) in paragraph at lines 1716--1716
[]\OT1/cmtt/m/n/10 working.directory=getwd(),debug=T, n.chains=3, n.iter=4000, 
n.burnin=1000, n.thin=2)[] 
 []

[40]) [41] [42

]
Chapter 4.
[43] [44

]
Chapter 5.
[45] [46

]
Chapter 6.
[47] [48

]
Chapter 7.
[49] [50

]
Chapter 8.
[51] [52

]
Chapter 9.
[53] [54

]
Chapter 10.
[55] [56

]
Chapter 11.
(C:\Work\PWRC\scrbook\previewCh3.bbl [57] [58

] [59]
Missing character: There is no â in font cmr10!
Missing character: There is no € in font cmr10!
Missing character: There is no “ in font cmr10!
 [60] [61])

Package natbib Warning: There were undefined citations.

Package atveryend Info: Empty hook `BeforeClearDocument' on input line 78.
[62]
Package atveryend Info: Empty hook `AfterLastShipout' on input line 78.
 (C:\Work\PWRC\scrbook\Ch3\previewCh3.aux

Package natbib Warning: Citation(s) may have changed.
(natbib)                Rerun to get citations correct.

)
Package atveryend Info: Executing hook `AtVeryEndDocument' on input line 78.
Package rerunfilecheck Info: File `previewCh3.out' has not changed.
(rerunfilecheck)             Checksum: DE866C0CCBC019A4749D5535A8A3A66A;2695.


LaTeX Warning: There were undefined references.

 ) 
Here is how much of TeX's memory you used:
 6717 strings out of 494053
 98785 string characters out of 3146173
 193523 words of memory out of 3000000
 9698 multiletter control sequences out of 15000+200000
 15602 words of font info for 59 fonts, out of 3000000 for 9000
 715 hyphenation exceptions out of 8191
 31i,11n,31p,2050b,586s stack positions out of 5000i,500n,10000p,200000b,50000s
<C:/Program Files (x86)/MiKTeX 2.9/fonts/type1/public/amsfonts/cm/cmbx10.pfb>
<C:/Program Files (x86)/MiKTeX 2.9/fonts/type1/public/amsfonts/cm/cmbx12.pfb><C
:/Program Files (x86)/MiKTeX 2.9/fonts/type1/public/amsfonts/cm/cmex10.pfb><C:/
Program Files (x86)/MiKTeX 2.9/fonts/type1/public/amsfonts/cmextra/cmex8.pfb><C
:/Program Files (x86)/MiKTeX 2.9/fonts/type1/public/amsfonts/cm/cmmi10.pfb><C:/
Program Files (x86)/MiKTeX 2.9/fonts/type1/public/amsfonts/cm/cmmi12.pfb><C:/Pr
ogram Files (x86)/MiKTeX 2.9/fonts/type1/public/amsfonts/cm/cmmi5.pfb><C:/Progr
am Files (x86)/MiKTeX 2.9/fonts/type1/public/amsfonts/cm/cmmi7.pfb><C:/Program 
Files (x86)/MiKTeX 2.9/fonts/type1/public/amsfonts/cm/cmmi8.pfb><C:/Program Fil
es (x86)/MiKTeX 2.9/fonts/type1/public/amsfonts/cm/cmr10.pfb><C:/Program Files 
(x86)/MiKTeX 2.9/fonts/type1/public/amsfonts/cm/cmr6.pfb><C:/Program Files (x86
)/MiKTeX 2.9/fonts/type1/public/amsfonts/cm/cmr7.pfb><C:/Program Files (x86)/Mi
KTeX 2.9/fonts/type1/public/amsfonts/cm/cmr8.pfb><C:/Program Files (x86)/MiKTeX
 2.9/fonts/type1/public/amsfonts/cm/cmsl10.pfb><C:/Program Files (x86)/MiKTeX 2
.9/fonts/type1/public/amsfonts/cm/cmss8.pfb><C:/Program Files (x86)/MiKTeX 2.9/
fonts/type1/public/amsfonts/cm/cmsy10.pfb><C:/Program Files (x86)/MiKTeX 2.9/fo
nts/type1/public/amsfonts/cm/cmsy7.pfb><C:/Program Files (x86)/MiKTeX 2.9/fonts
/type1/public/amsfonts/cm/cmsy8.pfb><C:/Program Files (x86)/MiKTeX 2.9/fonts/ty
pe1/public/amsfonts/cm/cmti10.pfb><C:/Program Files (x86)/MiKTeX 2.9/fonts/type
1/public/amsfonts/cm/cmtt10.pfb><C:/Program Files (x86)/MiKTeX 2.9/fonts/type1/
public/amsfonts/cm/cmtt9.pfb>
Output written on previewCh3.pdf (62 pages, 626752 bytes).
PDF statistics:
 644 PDF objects out of 1000 (max. 8388607)
 180 named destinations out of 1000 (max. 500000)
 298 words of extra memory for PDF output out of 10000 (max. 10000000)

