\BOOKMARK [0][-]{chapter.1}{Introduction}{}% 1
\BOOKMARK [0][-]{chapter.2}{GLMS and WinBUGS}{}% 2
\BOOKMARK [0][-]{chapter.3}{Closed population models}{}% 3
\BOOKMARK [0][-]{chapter.4}{Fully Spatial capture-recapture models}{}% 4
\BOOKMARK [0][-]{chapter.5}{Other observation models}{}% 5
\BOOKMARK [0][-]{chapter.6}{MCMC details}{}% 6
\BOOKMARK [0][-]{chapter.7}{ MCMC Details }{}% 7
\BOOKMARK [1][-]{section.7.1}{Introduction}{chapter.7}% 8
\BOOKMARK [2][-]{subsection.7.1.1}{Why build your own MCMC algorithm?}{section.7.1}% 9
\BOOKMARK [1][-]{section.7.2}{MCMC and posterior distributions}{chapter.7}% 10
\BOOKMARK [1][-]{section.7.3}{Types of MCMC sampling}{chapter.7}% 11
\BOOKMARK [2][-]{subsection.7.3.1}{Gibbs sampling}{section.7.3}% 12
\BOOKMARK [2][-]{subsection.7.3.2}{ Metropolis-Hastings sampling }{section.7.3}% 13
\BOOKMARK [2][-]{subsection.7.3.3}{ Metropolis-within-Gibbs }{section.7.3}% 14
\BOOKMARK [1][-]{section.7.4}{ GLMMs – Poisson regression with a random effect }{chapter.7}% 15
\BOOKMARK [2][-]{subsection.7.4.1}{Rejection sampling and slice sampling }{section.7.4}% 16
\BOOKMARK [1][-]{section.7.5}{MCMC for closed capture-recapture Model Mh}{chapter.7}% 17
\BOOKMARK [1][-]{section.7.6}{MCMC algorithm for the basic spatial capture-recapture model}{chapter.7}% 18
\BOOKMARK [2][-]{subsection.7.6.1}{SCR model with binomial encounter process}{section.7.6}% 19
\BOOKMARK [2][-]{subsection.7.6.2}{Looking at model output}{section.7.6}% 20
\BOOKMARK [2][-]{subsection.7.6.3}{Posterior density plots}{section.7.6}% 21
\BOOKMARK [2][-]{subsection.7.6.4}{Serial autocorrelation and effective sample size}{section.7.6}% 22
\BOOKMARK [2][-]{subsection.7.6.5}{Summary results}{section.7.6}% 23
\BOOKMARK [2][-]{subsection.7.6.6}{Other useful commands }{section.7.6}% 24
\BOOKMARK [1][-]{section.7.7}{Manipulating the state-space}{chapter.7}% 25
\BOOKMARK [1][-]{section.7.8}{MCMC software packages}{chapter.7}% 26
\BOOKMARK [2][-]{subsection.7.8.1}{WinBUGS}{section.7.8}% 27
\BOOKMARK [2][-]{subsection.7.8.2}{OpenBUGS}{section.7.8}% 28
\BOOKMARK [2][-]{subsection.7.8.3}{JAGS – Just Another Gibbs Sampler}{section.7.8}% 29
\BOOKMARK [1][-]{section.7.9}{Summary and Outlook}{chapter.7}% 30
\BOOKMARK [0][-]{chapter.8}{Goodness of Fit and stuff}{}% 31
\BOOKMARK [0][-]{chapter.9}{Covariate models}{}% 32
\BOOKMARK [0][-]{chapter.10}{Inhomogeneous Point Process}{}% 33
\BOOKMARK [0][-]{chapter.11}{Open models}{}% 34
